{"numFailedTestSuites":0,"numFailedTests":0,"numPassedTestSuites":75,"numPassedTests":1128,"numPendingTestSuites":0,"numPendingTests":0,"numRuntimeErrorTestSuites":0,"numTodoTests":8,"numTotalTestSuites":75,"numTotalTests":1136,"openHandles":[],"snapshot":{"added":0,"didUpdate":false,"failure":false,"filesAdded":0,"filesRemoved":0,"filesRemovedList":[],"filesUnmatched":0,"filesUpdated":0,"matched":0,"total":0,"unchecked":0,"uncheckedKeysByFile":[],"unmatched":0,"updated":0},"startTime":1623057234276,"success":true,"testResults":[{"assertionResults":[{"ancestorTitles":["should return true"],"failureMessages":[],"fullName":"should return true if the result is expected","location":null,"status":"passed","title":"if the result is expected"},{"ancestorTitles":["should return true"],"failureMessages":[],"fullName":"should return true if the result is expected","location":null,"status":"passed","title":"if the result is expected"}],"endTime":1623057235068,"message":"","name":"/Users/letea/Program/function-library/getFloatNumber/test.js","startTime":1623057234792,"status":"passed","summary":""},{"assertionResults":[{"ancestorTitles":["should return an object with parameters"],"failureMessages":[],"fullName":"should return an object with parameters if the argument is valid.","location":null,"status":"passed","title":"if the argument is valid."},{"ancestorTitles":["should return a empty object"],"failureMessages":[],"fullName":"should return a empty object if there is no search","location":null,"status":"passed","title":"if there is no search"}],"endTime":1623057235143,"message":"","name":"/Users/letea/Program/function-library/getParametersFromURL/test.js","startTime":1623057234877,"status":"passed","summary":""},{"assertionResults":[{"ancestorTitles":["should return a string"],"failureMessages":[],"fullName":"should return a string if the argument is an undefined (undefined)","location":null,"status":"passed","title":"if the argument is an undefined (undefined)"},{"ancestorTitles":["should return a string"],"failureMessages":[],"fullName":"should return a string if the argument is a number (1.4564)","location":null,"status":"passed","title":"if the argument is a number (1.4564)"},{"ancestorTitles":["should return a string"],"failureMessages":[],"fullName":"should return a string if the argument is an empty string (\"\")","location":null,"status":"passed","title":"if the argument is an empty string (\"\")"},{"ancestorTitles":["should return a string"],"failureMessages":[],"fullName":"should return a string if the argument is a string (\"Hello\")","location":null,"status":"passed","title":"if the argument is a string (\"Hello\")"},{"ancestorTitles":["should return a string"],"failureMessages":[],"fullName":"should return a string if the argument is a function (undefined)","location":null,"status":"passed","title":"if the argument is a function (undefined)"},{"ancestorTitles":["should return a string"],"failureMessages":[],"fullName":"should return a string if the argument is an empty array ([])","location":null,"status":"passed","title":"if the argument is an empty array ([])"},{"ancestorTitles":["should return a string"],"failureMessages":[],"fullName":"should return a string if the argument is an array ([\"\",\"123\",123,null,null,null,null,true,false,{\"a\":123},[1,2,3,null,{\"a\":123}]])","location":null,"status":"passed","title":"if the argument is an array ([\"\",\"123\",123,null,null,null,null,true,false,{\"a\":123},[1,2,3,null,{\"a\":123}]])"},{"ancestorTitles":["should return a string"],"failureMessages":[],"fullName":"should return a string if the argument is an empty object ({})","location":null,"status":"passed","title":"if the argument is an empty object ({})"},{"ancestorTitles":["should return a string"],"failureMessages":[],"fullName":"should return a string if the argument is an object ({\"a\":1,\"c\":null,\"d\":null,\"e\":[1,2,3,null,null,null,{\"a\":123}],\"f\":\"123\",\"g\":\"\"})","location":null,"status":"passed","title":"if the argument is an object ({\"a\":1,\"c\":null,\"d\":null,\"e\":[1,2,3,null,null,null,{\"a\":123}],\"f\":\"123\",\"g\":\"\"})"}],"endTime":1623057235144,"message":"","name":"/Users/letea/Program/function-library/getStringify/test.js","startTime":1623057234828,"status":"passed","summary":""},{"assertionResults":[{"ancestorTitles":["should return"],"failureMessages":[],"fullName":"should return a number between 5 to 10","location":null,"status":"passed","title":"a number between 5 to 10"},{"ancestorTitles":["should return"],"failureMessages":[],"fullName":"should return a float number","location":null,"status":"passed","title":"a float number"},{"ancestorTitles":["should throw an exception"],"failureMessages":[],"fullName":"should throw an exception if there is no argument","location":null,"status":"passed","title":"if there is no argument"},{"ancestorTitles":["should throw an exception"],"failureMessages":[],"fullName":"should throw an exception if minNumber is greater than maxNumber","location":null,"status":"passed","title":"if minNumber is greater than maxNumber"},{"ancestorTitles":["should throw an exception"],"failureMessages":[],"fullName":"should throw an exception if minNumber or maxNumber is not a number","location":null,"status":"passed","title":"if minNumber or maxNumber is not a number"}],"endTime":1623057235146,"message":"","name":"/Users/letea/Program/function-library/getRandomNumber/test.js","startTime":1623057234826,"status":"passed","summary":""},{"assertionResults":[{"ancestorTitles":["should return a link"],"failureMessages":[],"fullName":"should return a link equal window.location.href","location":null,"status":"passed","title":"equal window.location.href"},{"ancestorTitles":["should return a link"],"failureMessages":[],"fullName":"should return a link without search","location":null,"status":"passed","title":"without search"},{"ancestorTitles":["should return a link"],"failureMessages":[],"fullName":"should return a link without tracking code","location":null,"status":"passed","title":"without tracking code"}],"endTime":1623057235153,"message":"","name":"/Users/letea/Program/function-library/getCurrentURL/test.js","startTime":1623057234848,"status":"passed","summary":""},{"assertionResults":[{"ancestorTitles":["should return"],"failureMessages":[],"fullName":"should return a value from example","location":null,"status":"passed","title":"a value from example"},{"ancestorTitles":["should return undefined"],"failureMessages":[],"fullName":"should return undefined if can't find the value","location":null,"status":"passed","title":"if can't find the value"},{"ancestorTitles":["should return undefined"],"failureMessages":[],"fullName":"should return undefined if argument is not an object","location":null,"status":"passed","title":"if argument is not an object"}],"endTime":1623057235156,"message":"","name":"/Users/letea/Program/function-library/getObjectValue/test.js","startTime":1623057234843,"status":"passed","summary":""},{"assertionResults":[{"ancestorTitles":["should return true"],"failureMessages":[],"fullName":"should return true if the document.fullScreen is true (\"fullScreen\")","location":null,"status":"passed","title":"if the document.fullScreen is true (\"fullScreen\")"},{"ancestorTitles":["should return true"],"failureMessages":[],"fullName":"should return true if the document.mozFullScreen is true (\"mozFullScreen\")","location":null,"status":"passed","title":"if the document.mozFullScreen is true (\"mozFullScreen\")"},{"ancestorTitles":["should return true"],"failureMessages":[],"fullName":"should return true if the document.webkitIsFullScreen is true (\"webkitIsFullScreen\")","location":null,"status":"passed","title":"if the document.webkitIsFullScreen is true (\"webkitIsFullScreen\")"},{"ancestorTitles":["should return false"],"failureMessages":[],"fullName":"should return false if the document.fullScreen is false","location":null,"status":"passed","title":"if the document.fullScreen is false"},{"ancestorTitles":["should return false"],"failureMessages":[],"fullName":"should return false if the document.mozFullScreen is false","location":null,"status":"passed","title":"if the document.mozFullScreen is false"},{"ancestorTitles":["should return false"],"failureMessages":[],"fullName":"should return false if the document.webkitIsFullScreen is false","location":null,"status":"passed","title":"if the document.webkitIsFullScreen is false"}],"endTime":1623057235178,"message":"","name":"/Users/letea/Program/function-library/checkIsFullscreen/test.js","startTime":1623057234888,"status":"passed","summary":""},{"assertionResults":[{"ancestorTitles":["should return true"],"failureMessages":[],"fullName":"should return true if userAgent is Safari Browser ({\"browser\":\"safari\",\"device\":\"iphone\",\"inAppBrowser\":false,\"os\":\"ios\",\"osVersion\":\"13.3\",\"userAgent\":\"Mozilla/5.0 (iPhone; CPU iPhone OS 13_3 like Mac OS X) AppleWebKit/605.1.15 (KHTML, like Gecko) Version/13.0.4 Mobile/15E148 Safari/604.1\"})","location":null,"status":"passed","title":"if userAgent is Safari Browser ({\"browser\":\"safari\",\"device\":\"iphone\",\"inAppBrowser\":false,\"os\":\"ios\",\"osVersion\":\"13.3\",\"userAgent\":\"Mozilla/5.0 (iPhone; CPU iPhone OS 13_3 like Mac OS X) AppleWebKit/605.1.15 (KHTML, like Gecko) Version/13.0.4 Mobile/15E148 Safari/604.1\"})"},{"ancestorTitles":["should return true"],"failureMessages":[],"fullName":"should return true if userAgent is Safari Browser ({\"browser\":\"safari\",\"device\":\"macbook pro 13\\\"\",\"inAppBrowser\":false,\"os\":\"macos\",\"osVersion\":\"10.15.2\",\"userAgent\":\"Mozilla/5.0 (Macintosh; Intel Mac OS X 10_15_2) AppleWebKit/605.1.15 (KHTML, like Gecko) Version/13.0.4 Safari/605.1.15\"})","location":null,"status":"passed","title":"if userAgent is Safari Browser ({\"browser\":\"safari\",\"device\":\"macbook pro 13\\\"\",\"inAppBrowser\":false,\"os\":\"macos\",\"osVersion\":\"10.15.2\",\"userAgent\":\"Mozilla/5.0 (Macintosh; Intel Mac OS X 10_15_2) AppleWebKit/605.1.15 (KHTML, like Gecko) Version/13.0.4 Safari/605.1.15\"})"},{"ancestorTitles":["should return true"],"failureMessages":[],"fullName":"should return true if userAgent is Safari Browser ({\"browser\":\"safari\",\"device\":\"ipad pro 2018\",\"inAppBrowser\":false,\"os\":\"ios\",\"osVersion\":\"13.3\",\"userAgent\":\"Mozilla/5.0 (iPad; CPU OS 13_3 like Mac OS X) AppleWebKit/605.1.15 (KHTML, like Gecko) Version/13.0.4 Mobile/15E148 Safari/604.1\"})","location":null,"status":"passed","title":"if userAgent is Safari Browser ({\"browser\":\"safari\",\"device\":\"ipad pro 2018\",\"inAppBrowser\":false,\"os\":\"ios\",\"osVersion\":\"13.3\",\"userAgent\":\"Mozilla/5.0 (iPad; CPU OS 13_3 like Mac OS X) AppleWebKit/605.1.15 (KHTML, like Gecko) Version/13.0.4 Mobile/15E148 Safari/604.1\"})"},{"ancestorTitles":["should return true"],"failureMessages":[],"fullName":"should return true if userAgent is Safari Browser ({\"browser\":\"safari\",\"device\":\"iphone xr\",\"inAppBrowser\":false,\"os\":\"ios\",\"osVersion\":\"13.3.1\",\"userAgent\":\"Mozilla/5.0 (iPhone; CPU iPhone OS 13_3_1 like Mac OS X) AppleWebKit/605.1.15 (KHTML, like Gecko) Version/13.0.5 Mobile/15E148 Safari/604.1\"})","location":null,"status":"passed","title":"if userAgent is Safari Browser ({\"browser\":\"safari\",\"device\":\"iphone xr\",\"inAppBrowser\":false,\"os\":\"ios\",\"osVersion\":\"13.3.1\",\"userAgent\":\"Mozilla/5.0 (iPhone; CPU iPhone OS 13_3_1 like Mac OS X) AppleWebKit/605.1.15 (KHTML, like Gecko) Version/13.0.5 Mobile/15E148 Safari/604.1\"})"},{"ancestorTitles":["should return true"],"failureMessages":[],"fullName":"should return true if userAgent is Safari Browser ({\"browser\":\"safari\",\"device\":\"iphone 11\",\"inAppBrowser\":false,\"os\":\"ios\",\"osVersion\":\"13.3.1\",\"userAgent\":\"Mozilla/5.0 (iPhone; CPU iPhone OS 13_3_1 like Mac OS X) AppleWebKit/605.1.15 (KHTML, like Gecko) Version/13.0.5 Mobile/15E148 Safari/604.1\"})","location":null,"status":"passed","title":"if userAgent is Safari Browser ({\"browser\":\"safari\",\"device\":\"iphone 11\",\"inAppBrowser\":false,\"os\":\"ios\",\"osVersion\":\"13.3.1\",\"userAgent\":\"Mozilla/5.0 (iPhone; CPU iPhone OS 13_3_1 like Mac OS X) AppleWebKit/605.1.15 (KHTML, like Gecko) Version/13.0.5 Mobile/15E148 Safari/604.1\"})"},{"ancestorTitles":["should return true"],"failureMessages":[],"fullName":"should return true if userAgent is Safari Browser ({\"browser\":\"safari\",\"device\":\"iphone 11 pro max\",\"inAppBrowser\":false,\"os\":\"ios\",\"osVersion\":\"13.3.1\",\"userAgent\":\"Mozilla/5.0 (iPhone; CPU iPhone OS 13_3_1 like Mac OS X) AppleWebKit/605.1.15 (KHTML, like Gecko) Version/13.0.5 Mobile/15E148 Safari/604.1\"})","location":null,"status":"passed","title":"if userAgent is Safari Browser ({\"browser\":\"safari\",\"device\":\"iphone 11 pro max\",\"inAppBrowser\":false,\"os\":\"ios\",\"osVersion\":\"13.3.1\",\"userAgent\":\"Mozilla/5.0 (iPhone; CPU iPhone OS 13_3_1 like Mac OS X) AppleWebKit/605.1.15 (KHTML, like Gecko) Version/13.0.5 Mobile/15E148 Safari/604.1\"})"},{"ancestorTitles":["should return true"],"failureMessages":[],"fullName":"should return true if userAgent is Safari Browser ({\"browser\":\"safari\",\"device\":\"iphone 11 pro\",\"inAppBrowser\":false,\"os\":\"ios\",\"osVersion\":\"13.3.1\",\"userAgent\":\"Mozilla/5.0 (iPhone; CPU iPhone OS 13_3_1 like Mac OS X) AppleWebKit/605.1.15 (KHTML, like Gecko) Version/13.0.5 Mobile/15E148 Safari/604.1\"})","location":null,"status":"passed","title":"if userAgent is Safari Browser ({\"browser\":\"safari\",\"device\":\"iphone 11 pro\",\"inAppBrowser\":false,\"os\":\"ios\",\"osVersion\":\"13.3.1\",\"userAgent\":\"Mozilla/5.0 (iPhone; CPU iPhone OS 13_3_1 like Mac OS X) AppleWebKit/605.1.15 (KHTML, like Gecko) Version/13.0.5 Mobile/15E148 Safari/604.1\"})"},{"ancestorTitles":["should return true"],"failureMessages":[],"fullName":"should return true if userAgent is Safari Browser ({\"browser\":\"safari\",\"device\":\"ipad mini\",\"inAppBrowser\":false,\"os\":\"ios\",\"osVersion\":\"13.3.1\",\"userAgent\":\"Mozilla/5.0 (iPad; CPU OS 13_3_1 like Mac OS X) AppleWebKit/605.1.15 (KHTML, like Gecko) Version/13.0.5 Mobile/15E148 Safari/604.1\"})","location":null,"status":"passed","title":"if userAgent is Safari Browser ({\"browser\":\"safari\",\"device\":\"ipad mini\",\"inAppBrowser\":false,\"os\":\"ios\",\"osVersion\":\"13.3.1\",\"userAgent\":\"Mozilla/5.0 (iPad; CPU OS 13_3_1 like Mac OS X) AppleWebKit/605.1.15 (KHTML, like Gecko) Version/13.0.5 Mobile/15E148 Safari/604.1\"})"},{"ancestorTitles":["should return true"],"failureMessages":[],"fullName":"should return true if userAgent is Safari Browser ({\"browser\":\"safari\",\"device\":\"macbook pro 16\",\"inAppBrowser\":false,\"os\":\"macos\",\"osVersion\":\"10.15.3\",\"userAgent\":\"Mozilla/5.0 (Macintosh; Intel Mac OS X 10_15_3) AppleWebKit/605.1.15 (KHTML, like Gecko) Version/13.0.5 Safari/605.1.15\"})","location":null,"status":"passed","title":"if userAgent is Safari Browser ({\"browser\":\"safari\",\"device\":\"macbook pro 16\",\"inAppBrowser\":false,\"os\":\"macos\",\"osVersion\":\"10.15.3\",\"userAgent\":\"Mozilla/5.0 (Macintosh; Intel Mac OS X 10_15_3) AppleWebKit/605.1.15 (KHTML, like Gecko) Version/13.0.5 Safari/605.1.15\"})"},{"ancestorTitles":["should return false"],"failureMessages":[],"fullName":"should return false if userAgent is not Safari Browser ({\"browser\":\"chrome\",\"device\":\"iphone\",\"inAppBrowser\":false,\"os\":\"ios\",\"osVersion\":\"13.3\",\"userAgent\":\"Mozilla/5.0 (iPhone; CPU iPhone OS 13_3 like Mac OS X) AppleWebKit/605.1.15 (KHTML, like Gecko) CriOS/79.0.3945.73 Mobile/15E148 Safari/604.1\"})","location":null,"status":"passed","title":"if userAgent is not Safari Browser ({\"browser\":\"chrome\",\"device\":\"iphone\",\"inAppBrowser\":false,\"os\":\"ios\",\"osVersion\":\"13.3\",\"userAgent\":\"Mozilla/5.0 (iPhone; CPU iPhone OS 13_3 like Mac OS X) AppleWebKit/605.1.15 (KHTML, like Gecko) CriOS/79.0.3945.73 Mobile/15E148 Safari/604.1\"})"},{"ancestorTitles":["should return false"],"failureMessages":[],"fullName":"should return false if userAgent is not Safari Browser ({\"browser\":\"facebook\",\"device\":\"iphone\",\"inAppBrowser\":true,\"os\":\"ios\",\"osVersion\":\"13.3\",\"userAgent\":\"Mozilla/5.0 (iPhone; CPU iPhone OS 13_3 like Mac OS X) AppleWebKit/605.1.15 (KHTML, like Gecko) Mobile/15E148 [FBAN/FBIOS;FBDV/iPhone9,3;FBMD/iPhone;FBSN/iOS;FBSV/13.3;FBSS/2;FBID/phone;FBLC/zh_TW;FBOP/5;FBCR/&#20013-&#33775-&#38651-&#20449-]\"})","location":null,"status":"passed","title":"if userAgent is not Safari Browser ({\"browser\":\"facebook\",\"device\":\"iphone\",\"inAppBrowser\":true,\"os\":\"ios\",\"osVersion\":\"13.3\",\"userAgent\":\"Mozilla/5.0 (iPhone; CPU iPhone OS 13_3 like Mac OS X) AppleWebKit/605.1.15 (KHTML, like Gecko) Mobile/15E148 [FBAN/FBIOS;FBDV/iPhone9,3;FBMD/iPhone;FBSN/iOS;FBSV/13.3;FBSS/2;FBID/phone;FBLC/zh_TW;FBOP/5;FBCR/&#20013-&#33775-&#38651-&#20449-]\"})"},{"ancestorTitles":["should return false"],"failureMessages":[],"fullName":"should return false if userAgent is not Safari Browser ({\"browser\":\"line\",\"device\":\"iphone\",\"inAppBrowser\":true,\"os\":\"ios\",\"osVersion\":\"13.3\",\"userAgent\":\"Mozilla/5.0 (iPhone; CPU iPhone OS 13_3 like Mac OS X) AppleWebKit/605.1.15 (KHTML, like Gecko) Mobile/15E148 Safari Line/10.0.2\"})","location":null,"status":"passed","title":"if userAgent is not Safari Browser ({\"browser\":\"line\",\"device\":\"iphone\",\"inAppBrowser\":true,\"os\":\"ios\",\"osVersion\":\"13.3\",\"userAgent\":\"Mozilla/5.0 (iPhone; CPU iPhone OS 13_3 like Mac OS X) AppleWebKit/605.1.15 (KHTML, like Gecko) Mobile/15E148 Safari Line/10.0.2\"})"},{"ancestorTitles":["should return false"],"failureMessages":[],"fullName":"should return false if userAgent is not Safari Browser ({\"browser\":\"firefox\",\"device\":\"iphone\",\"inAppBrowser\":false,\"os\":\"ios\",\"osVersion\":\"13.3\",\"userAgent\":\"Mozilla/5.0 (iPhone; CPU OS 13_3 like Mac OS X) AppleWebKit/605.1.15 (KHTML, like Gecko) FxiOS/22.0 Mobile/15E148 Safari/605.1.15\"})","location":null,"status":"passed","title":"if userAgent is not Safari Browser ({\"browser\":\"firefox\",\"device\":\"iphone\",\"inAppBrowser\":false,\"os\":\"ios\",\"osVersion\":\"13.3\",\"userAgent\":\"Mozilla/5.0 (iPhone; CPU OS 13_3 like Mac OS X) AppleWebKit/605.1.15 (KHTML, like Gecko) FxiOS/22.0 Mobile/15E148 Safari/605.1.15\"})"},{"ancestorTitles":["should return false"],"failureMessages":[],"fullName":"should return false if userAgent is not Safari Browser ({\"browser\":\"edge\",\"device\":\"iphone\",\"inAppBrowser\":false,\"os\":\"ios\",\"osVersion\":\"13.3\",\"userAgent\":\"Mozilla/5.0 (iPhone; CPU iPhone OS 13_3 like Mac OS X) AppleWebKit/605.1.15 (KHTML, like Gecko) Version/13.0 EdgiOS/44.11.15 Mobile/15E148 Safari/605.1.15\"})","location":null,"status":"passed","title":"if userAgent is not Safari Browser ({\"browser\":\"edge\",\"device\":\"iphone\",\"inAppBrowser\":false,\"os\":\"ios\",\"osVersion\":\"13.3\",\"userAgent\":\"Mozilla/5.0 (iPhone; CPU iPhone OS 13_3 like Mac OS X) AppleWebKit/605.1.15 (KHTML, like Gecko) Version/13.0 EdgiOS/44.11.15 Mobile/15E148 Safari/605.1.15\"})"},{"ancestorTitles":["should return false"],"failureMessages":[],"fullName":"should return false if userAgent is not Safari Browser ({\"browser\":\"chrome\",\"device\":\"htc 10\",\"inAppBrowser\":false,\"os\":\"android\",\"osVersion\":\"8.0.0\",\"userAgent\":\"Mozilla/5.0 (Linux; Android 8.0.0; HTC_M10h) AppleWebKit/537.36 (KHTML, like Gecko) Chrome/79.0.3945.136 Mobile Safari/537.36\"})","location":null,"status":"passed","title":"if userAgent is not Safari Browser ({\"browser\":\"chrome\",\"device\":\"htc 10\",\"inAppBrowser\":false,\"os\":\"android\",\"osVersion\":\"8.0.0\",\"userAgent\":\"Mozilla/5.0 (Linux; Android 8.0.0; HTC_M10h) AppleWebKit/537.36 (KHTML, like Gecko) Chrome/79.0.3945.136 Mobile Safari/537.36\"})"},{"ancestorTitles":["should return false"],"failureMessages":[],"fullName":"should return false if userAgent is not Safari Browser ({\"browser\":\"facebook\",\"device\":\"htc 10\",\"inAppBrowser\":true,\"os\":\"android\",\"osVersion\":\"8.0.0\",\"userAgent\":\"Mozilla/5.0 (Linux; Android 8.0.0; HTC_M10h Build/OPR1.170623.027; wv) AppleWebKit/537.36 (KHTML, like Gecko) Version/4.0 Chrome/79.0.3945.136 Mobile Safari/537.36 [FB_IAB/FB4A;FBAV/255.0.0.33.121;]\"})","location":null,"status":"passed","title":"if userAgent is not Safari Browser ({\"browser\":\"facebook\",\"device\":\"htc 10\",\"inAppBrowser\":true,\"os\":\"android\",\"osVersion\":\"8.0.0\",\"userAgent\":\"Mozilla/5.0 (Linux; Android 8.0.0; HTC_M10h Build/OPR1.170623.027; wv) AppleWebKit/537.36 (KHTML, like Gecko) Version/4.0 Chrome/79.0.3945.136 Mobile Safari/537.36 [FB_IAB/FB4A;FBAV/255.0.0.33.121;]\"})"},{"ancestorTitles":["should return false"],"failureMessages":[],"fullName":"should return false if userAgent is not Safari Browser ({\"browser\":\"line\",\"device\":\"htc 10\",\"inAppBrowser\":true,\"os\":\"android\",\"osVersion\":\"8.0.0\",\"userAgent\":\"Mozilla/5.0 (Linux; Android 8.0.0; HTC_M10h Build/OPR1.170623.027; wv) AppleWebKit/537.36 (KHTML, like Gecko) Version/4.0 Chrome/79.0.3945.136 Mobile Safari/537.36 Line/10.1.1/IAB\"})","location":null,"status":"passed","title":"if userAgent is not Safari Browser ({\"browser\":\"line\",\"device\":\"htc 10\",\"inAppBrowser\":true,\"os\":\"android\",\"osVersion\":\"8.0.0\",\"userAgent\":\"Mozilla/5.0 (Linux; Android 8.0.0; HTC_M10h Build/OPR1.170623.027; wv) AppleWebKit/537.36 (KHTML, like Gecko) Version/4.0 Chrome/79.0.3945.136 Mobile Safari/537.36 Line/10.1.1/IAB\"})"},{"ancestorTitles":["should return false"],"failureMessages":[],"fullName":"should return false if userAgent is not Safari Browser ({\"browser\":\"chrome\",\"device\":\"macbook pro 13\\\"\",\"inAppBrowser\":false,\"os\":\"macos\",\"osVersion\":\"10.15.2\",\"userAgent\":\"Mozilla/5.0 (Macintosh; Intel Mac OS X 10_15_2) AppleWebKit/537.36 (KHTML, like Gecko) Chrome/79.0.3945.130 Safari/537.36\"})","location":null,"status":"passed","title":"if userAgent is not Safari Browser ({\"browser\":\"chrome\",\"device\":\"macbook pro 13\\\"\",\"inAppBrowser\":false,\"os\":\"macos\",\"osVersion\":\"10.15.2\",\"userAgent\":\"Mozilla/5.0 (Macintosh; Intel Mac OS X 10_15_2) AppleWebKit/537.36 (KHTML, like Gecko) Chrome/79.0.3945.130 Safari/537.36\"})"},{"ancestorTitles":["should return false"],"failureMessages":[],"fullName":"should return false if userAgent is not Safari Browser ({\"browser\":\"edge\",\"device\":\"macbook pro 13\\\"\",\"inAppBrowser\":false,\"os\":\"macos\",\"osVersion\":\"10.15.2\",\"userAgent\":\"Mozilla/5.0 (Macintosh; Intel Mac OS X 10_15_2) AppleWebKit/537.36 (KHTML, like Gecko) Chrome/79.0.3945.130 Safari/537.36 Edg/79.0.309.71\"})","location":null,"status":"passed","title":"if userAgent is not Safari Browser ({\"browser\":\"edge\",\"device\":\"macbook pro 13\\\"\",\"inAppBrowser\":false,\"os\":\"macos\",\"osVersion\":\"10.15.2\",\"userAgent\":\"Mozilla/5.0 (Macintosh; Intel Mac OS X 10_15_2) AppleWebKit/537.36 (KHTML, like Gecko) Chrome/79.0.3945.130 Safari/537.36 Edg/79.0.309.71\"})"},{"ancestorTitles":["should return false"],"failureMessages":[],"fullName":"should return false if userAgent is not Safari Browser ({\"browser\":\"firefox\",\"device\":\"macbook pro 13\\\"\",\"inAppBrowser\":false,\"os\":\"macos\",\"osVersion\":\"10.15\",\"userAgent\":\"Mozilla/5.0 (Macintosh; Intel Mac OS X 10.15; rv:72.0) Gecko/20100101 Firefox/72.0\"})","location":null,"status":"passed","title":"if userAgent is not Safari Browser ({\"browser\":\"firefox\",\"device\":\"macbook pro 13\\\"\",\"inAppBrowser\":false,\"os\":\"macos\",\"osVersion\":\"10.15\",\"userAgent\":\"Mozilla/5.0 (Macintosh; Intel Mac OS X 10.15; rv:72.0) Gecko/20100101 Firefox/72.0\"})"},{"ancestorTitles":["should return false"],"failureMessages":[],"fullName":"should return false if userAgent is not Safari Browser ({\"browser\":\"facebook\",\"device\":\"ipad pro 2018\",\"inAppBrowser\":true,\"os\":\"ios\",\"osVersion\":\"13.3\",\"userAgent\":\"Mozilla/5.0 (iPad; CPU OS 13_3 like Mac OS X) AppleWebKit/605.1.15 (KHTML, like Gecko) Mobile/15E148 [FBAN/FBIOS;FBDV/iPad8,1;FBMD/iPad;FBSN/iOS;FBSV/13.3;FBSS/2;FBID/tablet;FBLC/zh_TW;FBOP/5;FBCR/]\"})","location":null,"status":"passed","title":"if userAgent is not Safari Browser ({\"browser\":\"facebook\",\"device\":\"ipad pro 2018\",\"inAppBrowser\":true,\"os\":\"ios\",\"osVersion\":\"13.3\",\"userAgent\":\"Mozilla/5.0 (iPad; CPU OS 13_3 like Mac OS X) AppleWebKit/605.1.15 (KHTML, like Gecko) Mobile/15E148 [FBAN/FBIOS;FBDV/iPad8,1;FBMD/iPad;FBSN/iOS;FBSV/13.3;FBSS/2;FBID/tablet;FBLC/zh_TW;FBOP/5;FBCR/]\"})"},{"ancestorTitles":["should return false"],"failureMessages":[],"fullName":"should return false if userAgent is not Safari Browser ({\"browser\":\"firefox\",\"device\":\"ipad pro 2018\",\"inAppBrowser\":false,\"os\":\"ios\",\"osVersion\":\"13.3\",\"userAgent\":\"Mozilla/5.0 (iPad; CPU OS 13_3 like Mac OS X) AppleWebKit/605.1.15 (KHTML, like Gecko) FxiOS/22.0 Mobile/15E148 Safari/605.1.15\"})","location":null,"status":"passed","title":"if userAgent is not Safari Browser ({\"browser\":\"firefox\",\"device\":\"ipad pro 2018\",\"inAppBrowser\":false,\"os\":\"ios\",\"osVersion\":\"13.3\",\"userAgent\":\"Mozilla/5.0 (iPad; CPU OS 13_3 like Mac OS X) AppleWebKit/605.1.15 (KHTML, like Gecko) FxiOS/22.0 Mobile/15E148 Safari/605.1.15\"})"},{"ancestorTitles":["should return false"],"failureMessages":[],"fullName":"should return false if userAgent is not Safari Browser ({\"browser\":\"chrome\",\"device\":\"ipad pro 2018\",\"inAppBrowser\":false,\"os\":\"ios\",\"osVersion\":\"13.3\",\"userAgent\":\"Mozilla/5.0 (iPad; CPU OS 13_3 like Mac OS X) AppleWebKit/605.1.15 (KHTML, like Gecko) CriOS/79.0.3945.73 Mobile/15E148 Safari/604.1\"})","location":null,"status":"passed","title":"if userAgent is not Safari Browser ({\"browser\":\"chrome\",\"device\":\"ipad pro 2018\",\"inAppBrowser\":false,\"os\":\"ios\",\"osVersion\":\"13.3\",\"userAgent\":\"Mozilla/5.0 (iPad; CPU OS 13_3 like Mac OS X) AppleWebKit/605.1.15 (KHTML, like Gecko) CriOS/79.0.3945.73 Mobile/15E148 Safari/604.1\"})"},{"ancestorTitles":["should return false"],"failureMessages":[],"fullName":"should return false if userAgent is not Safari Browser ({\"browser\":\"line\",\"device\":\"ipad pro 2018\",\"inAppBrowser\":true,\"os\":\"ios\",\"osVersion\":\"13.3\",\"userAgent\":\"Mozilla/5.0 (iPad; CPU OS 13_3 like Mac OS X) AppleWebKit/605.1.15 (KHTML, like Gecko) Mobile/15E148 Safari Line/10.0.2\"})","location":null,"status":"passed","title":"if userAgent is not Safari Browser ({\"browser\":\"line\",\"device\":\"ipad pro 2018\",\"inAppBrowser\":true,\"os\":\"ios\",\"osVersion\":\"13.3\",\"userAgent\":\"Mozilla/5.0 (iPad; CPU OS 13_3 like Mac OS X) AppleWebKit/605.1.15 (KHTML, like Gecko) Mobile/15E148 Safari Line/10.0.2\"})"},{"ancestorTitles":["should return false"],"failureMessages":[],"fullName":"should return false if userAgent is not Safari Browser ({\"browser\":\"edge\",\"device\":\"ipad pro 2018\",\"inAppBrowser\":false,\"os\":\"ios\",\"osVersion\":\"13.3\",\"userAgent\":\"Mozilla/5.0 (iPad; CPU OS 13_3 like Mac OS X) AppleWebKit/605.1.15 (KHTML, like Gecko) Version/13.0 EdgiOS/44.11.15 Mobile/15E148 Safari/605.1.15\"})","location":null,"status":"passed","title":"if userAgent is not Safari Browser ({\"browser\":\"edge\",\"device\":\"ipad pro 2018\",\"inAppBrowser\":false,\"os\":\"ios\",\"osVersion\":\"13.3\",\"userAgent\":\"Mozilla/5.0 (iPad; CPU OS 13_3 like Mac OS X) AppleWebKit/605.1.15 (KHTML, like Gecko) Version/13.0 EdgiOS/44.11.15 Mobile/15E148 Safari/605.1.15\"})"},{"ancestorTitles":["should return false"],"failureMessages":[],"fullName":"should return false if userAgent is not Safari Browser ({\"browser\":\"firefox\",\"device\":\"pc\",\"inAppBrowser\":false,\"os\":\"windows\",\"osVersion\":\"10.0\",\"userAgent\":\"Mozilla/5.0 (Windows NT 10.0; Win64; x64; rv:72.0) Gecko/20100101 Firefox/72.0\"})","location":null,"status":"passed","title":"if userAgent is not Safari Browser ({\"browser\":\"firefox\",\"device\":\"pc\",\"inAppBrowser\":false,\"os\":\"windows\",\"osVersion\":\"10.0\",\"userAgent\":\"Mozilla/5.0 (Windows NT 10.0; Win64; x64; rv:72.0) Gecko/20100101 Firefox/72.0\"})"},{"ancestorTitles":["should return false"],"failureMessages":[],"fullName":"should return false if userAgent is not Safari Browser ({\"browser\":\"edge\",\"device\":\"pc\",\"inAppBrowser\":false,\"os\":\"windows\",\"osVersion\":\"10.0\",\"userAgent\":\"Mozilla/5.0 (Windows NT 10.0; Win64; x64) AppleWebKit/537.36 (KHTML, like Gecko) Chrome/80.0.3987.87 Safari/537.36 Edg/80.0.361.48\"})","location":null,"status":"passed","title":"if userAgent is not Safari Browser ({\"browser\":\"edge\",\"device\":\"pc\",\"inAppBrowser\":false,\"os\":\"windows\",\"osVersion\":\"10.0\",\"userAgent\":\"Mozilla/5.0 (Windows NT 10.0; Win64; x64) AppleWebKit/537.36 (KHTML, like Gecko) Chrome/80.0.3987.87 Safari/537.36 Edg/80.0.361.48\"})"},{"ancestorTitles":["should return false"],"failureMessages":[],"fullName":"should return false if userAgent is not Safari Browser ({\"browser\":\"chrome\",\"device\":\"pc\",\"inAppBrowser\":false,\"os\":\"windows\",\"osVersion\":\"10.0\",\"userAgent\":\"Mozilla/5.0 (Windows NT 10.0; Win64; x64) AppleWebKit/537.36 (KHTML, like Gecko) Chrome/79.0.3945.130 Safari/537.36\"})","location":null,"status":"passed","title":"if userAgent is not Safari Browser ({\"browser\":\"chrome\",\"device\":\"pc\",\"inAppBrowser\":false,\"os\":\"windows\",\"osVersion\":\"10.0\",\"userAgent\":\"Mozilla/5.0 (Windows NT 10.0; Win64; x64) AppleWebKit/537.36 (KHTML, like Gecko) Chrome/79.0.3945.130 Safari/537.36\"})"},{"ancestorTitles":["should return false"],"failureMessages":[],"fullName":"should return false if userAgent is not Safari Browser ({\"browser\":\"internet explorer 11\",\"device\":\"pc\",\"inAppBrowser\":false,\"os\":\"windows\",\"osVersion\":\"10.0\",\"userAgent\":\"Mozilla/5.0 (Windows NT 10.0; WOW64; Trident/7.0; .NET4.0C; .NET4.0E; .NET CLR 2.0.50727; .NET CLR 3.0.30729; .NET CLR 3.5.30729; rv:11.0) like Gecko\"})","location":null,"status":"passed","title":"if userAgent is not Safari Browser ({\"browser\":\"internet explorer 11\",\"device\":\"pc\",\"inAppBrowser\":false,\"os\":\"windows\",\"osVersion\":\"10.0\",\"userAgent\":\"Mozilla/5.0 (Windows NT 10.0; WOW64; Trident/7.0; .NET4.0C; .NET4.0E; .NET CLR 2.0.50727; .NET CLR 3.0.30729; .NET CLR 3.5.30729; rv:11.0) like Gecko\"})"},{"ancestorTitles":["should return false"],"failureMessages":[],"fullName":"should return false if userAgent is not Safari Browser ({\"browser\":\"internet explorer 10\",\"device\":\"pc\",\"inAppBrowser\":false,\"os\":\"windows\",\"osVersion\":\"10.0\",\"userAgent\":\"Mozilla/5.0 (compatible; MSIE 10.0; Windows NT 10.0; WOW64; Trident/7.0; .NET4.0C; .NET4.0E; .NET CLR 2.0.50727; .NET CLR 3.0.30729; .NET CLR 3.5.30729)\"})","location":null,"status":"passed","title":"if userAgent is not Safari Browser ({\"browser\":\"internet explorer 10\",\"device\":\"pc\",\"inAppBrowser\":false,\"os\":\"windows\",\"osVersion\":\"10.0\",\"userAgent\":\"Mozilla/5.0 (compatible; MSIE 10.0; Windows NT 10.0; WOW64; Trident/7.0; .NET4.0C; .NET4.0E; .NET CLR 2.0.50727; .NET CLR 3.0.30729; .NET CLR 3.5.30729)\"})"},{"ancestorTitles":["should return false"],"failureMessages":[],"fullName":"should return false if userAgent is not Safari Browser ({\"browser\":\"internet explorer 9\",\"device\":\"pc\",\"inAppBrowser\":false,\"os\":\"windows\",\"osVersion\":\"10.0\",\"userAgent\":\"Mozilla/5.0 (compatible; MSIE 9.0; Windows NT 10.0; WOW64; Trident/7.0; .NET4.0C; .NET4.0E; .NET CLR 2.0.50727; .NET CLR 3.0.30729; .NET CLR 3.5.30729)\"})","location":null,"status":"passed","title":"if userAgent is not Safari Browser ({\"browser\":\"internet explorer 9\",\"device\":\"pc\",\"inAppBrowser\":false,\"os\":\"windows\",\"osVersion\":\"10.0\",\"userAgent\":\"Mozilla/5.0 (compatible; MSIE 9.0; Windows NT 10.0; WOW64; Trident/7.0; .NET4.0C; .NET4.0E; .NET CLR 2.0.50727; .NET CLR 3.0.30729; .NET CLR 3.5.30729)\"})"},{"ancestorTitles":["should return false"],"failureMessages":[],"fullName":"should return false if userAgent is not Safari Browser ({\"browser\":\"internet explorer 8\",\"device\":\"pc\",\"inAppBrowser\":false,\"os\":\"windows\",\"osVersion\":\"10.0\",\"userAgent\":\"Mozilla/4.0 (compatible; MSIE 8.0; Windows NT 10.0; WOW64; Trident/7.0; .NET4.0C; .NET4.0E; .NET CLR 2.0.50727; .NET CLR 3.0.30729; .NET CLR 3.5.30729)\"})","location":null,"status":"passed","title":"if userAgent is not Safari Browser ({\"browser\":\"internet explorer 8\",\"device\":\"pc\",\"inAppBrowser\":false,\"os\":\"windows\",\"osVersion\":\"10.0\",\"userAgent\":\"Mozilla/4.0 (compatible; MSIE 8.0; Windows NT 10.0; WOW64; Trident/7.0; .NET4.0C; .NET4.0E; .NET CLR 2.0.50727; .NET CLR 3.0.30729; .NET CLR 3.5.30729)\"})"},{"ancestorTitles":["should return false"],"failureMessages":[],"fullName":"should return false if userAgent is not Safari Browser ({\"browser\":\"internet explorer 7\",\"device\":\"pc\",\"inAppBrowser\":false,\"os\":\"windows\",\"osVersion\":\"10.0\",\"userAgent\":\"Mozilla/4.0 (compatible; MSIE 7.0; Windows NT 10.0; WOW64; Trident/7.0; .NET4.0C; .NET4.0E; .NET CLR 2.0.50727; .NET CLR 3.0.30729; .NET CLR 3.5.30729)\"})","location":null,"status":"passed","title":"if userAgent is not Safari Browser ({\"browser\":\"internet explorer 7\",\"device\":\"pc\",\"inAppBrowser\":false,\"os\":\"windows\",\"osVersion\":\"10.0\",\"userAgent\":\"Mozilla/4.0 (compatible; MSIE 7.0; Windows NT 10.0; WOW64; Trident/7.0; .NET4.0C; .NET4.0E; .NET CLR 2.0.50727; .NET CLR 3.0.30729; .NET CLR 3.5.30729)\"})"},{"ancestorTitles":["should return false"],"failureMessages":[],"fullName":"should return false if userAgent is not Safari Browser ({\"browser\":\"chrome\",\"device\":\"oppo reno \",\"inAppBrowser\":false,\"os\":\"android\",\"osVersion\":\"9\",\"userAgent\":\"Mozilla/5.0 (Linux; Android 9; CPH1919) AppleWebKit/537.36 (KHTML, like Gecko) Chrome/79.0.3945.116 Mobile Safari/537.36\"})","location":null,"status":"passed","title":"if userAgent is not Safari Browser ({\"browser\":\"chrome\",\"device\":\"oppo reno \",\"inAppBrowser\":false,\"os\":\"android\",\"osVersion\":\"9\",\"userAgent\":\"Mozilla/5.0 (Linux; Android 9; CPH1919) AppleWebKit/537.36 (KHTML, like Gecko) Chrome/79.0.3945.116 Mobile Safari/537.36\"})"},{"ancestorTitles":["should return false"],"failureMessages":[],"fullName":"should return false if userAgent is not Safari Browser ({\"browser\":\"chrome\",\"device\":\"oppo reno z\",\"inAppBrowser\":false,\"os\":\"android\",\"osVersion\":\"9\",\"userAgent\":\"Mozilla/5.0 (Linux; Android 9; CPH1979) AppleWebKit/537.36 (KHTML, like Gecko) Chrome/79.0.3945.136 Mobile Safari/537.36\"})","location":null,"status":"passed","title":"if userAgent is not Safari Browser ({\"browser\":\"chrome\",\"device\":\"oppo reno z\",\"inAppBrowser\":false,\"os\":\"android\",\"osVersion\":\"9\",\"userAgent\":\"Mozilla/5.0 (Linux; Android 9; CPH1979) AppleWebKit/537.36 (KHTML, like Gecko) Chrome/79.0.3945.136 Mobile Safari/537.36\"})"},{"ancestorTitles":["should return false"],"failureMessages":[],"fullName":"should return false if userAgent is not Safari Browser ({\"browser\":\"chrome\",\"device\":\"oppo econ q1\",\"inAppBrowser\":false,\"os\":\"android\",\"osVersion\":\"9\",\"userAgent\":\"Mozilla/5.0 (Linux; Android 9; CPH1951) AppleWebKit/537.36 (KHTML, like Gecko) Chrome/79.0.3945.93 Mobile Safari/537.36\"})","location":null,"status":"passed","title":"if userAgent is not Safari Browser ({\"browser\":\"chrome\",\"device\":\"oppo econ q1\",\"inAppBrowser\":false,\"os\":\"android\",\"osVersion\":\"9\",\"userAgent\":\"Mozilla/5.0 (Linux; Android 9; CPH1951) AppleWebKit/537.36 (KHTML, like Gecko) Chrome/79.0.3945.93 Mobile Safari/537.36\"})"},{"ancestorTitles":["should return false"],"failureMessages":[],"fullName":"should return false if userAgent is not Safari Browser ({\"browser\":\"samsung\",\"device\":\"samsung note10+\",\"inAppBrowser\":false,\"os\":\"android\",\"osVersion\":\"9\",\"userAgent\":\"Mozilla/5.0 (Linux; Android 9; SAMSUNG SM-N9750) AppleWebKit/537.36 (KHTML, like Gecko) SamsungBrowser/10.2 Chrome/71.0.3578.99 Mobile Safari/537.36\"})","location":null,"status":"passed","title":"if userAgent is not Safari Browser ({\"browser\":\"samsung\",\"device\":\"samsung note10+\",\"inAppBrowser\":false,\"os\":\"android\",\"osVersion\":\"9\",\"userAgent\":\"Mozilla/5.0 (Linux; Android 9; SAMSUNG SM-N9750) AppleWebKit/537.36 (KHTML, like Gecko) SamsungBrowser/10.2 Chrome/71.0.3578.99 Mobile Safari/537.36\"})"},{"ancestorTitles":["should return false"],"failureMessages":[],"fullName":"should return false if userAgent is not Safari Browser ({\"browser\":\"chrome\",\"device\":\"samsung note10+\",\"inAppBrowser\":false,\"os\":\"android\",\"osVersion\":\"9\",\"userAgent\":\"Mozilla/5.0 (Linux; Android 9; SM-N9750) AppleWebKit/537.36 (KHTML, like Gecko) Chrome/80.0.3987.119 Mobile Safari/537.36\"})","location":null,"status":"passed","title":"if userAgent is not Safari Browser ({\"browser\":\"chrome\",\"device\":\"samsung note10+\",\"inAppBrowser\":false,\"os\":\"android\",\"osVersion\":\"9\",\"userAgent\":\"Mozilla/5.0 (Linux; Android 9; SM-N9750) AppleWebKit/537.36 (KHTML, like Gecko) Chrome/80.0.3987.119 Mobile Safari/537.36\"})"},{"ancestorTitles":["should return false"],"failureMessages":[],"fullName":"should return false if userAgent is not Safari Browser ({\"browser\":\"samsung\",\"device\":\"samsung s10+\",\"inAppBrowser\":false,\"os\":\"android\",\"osVersion\":\"9\",\"userAgent\":\"Mozilla/5.0 (Linux; Android 9; SAMSUNG SM-G975F) AppleWebKit/537.36 (KHTML, like Gecko) SamsungBrowser/10.1 Chrome/71.0.3578.99 Mobile Safari/537.36\"})","location":null,"status":"passed","title":"if userAgent is not Safari Browser ({\"browser\":\"samsung\",\"device\":\"samsung s10+\",\"inAppBrowser\":false,\"os\":\"android\",\"osVersion\":\"9\",\"userAgent\":\"Mozilla/5.0 (Linux; Android 9; SAMSUNG SM-G975F) AppleWebKit/537.36 (KHTML, like Gecko) SamsungBrowser/10.1 Chrome/71.0.3578.99 Mobile Safari/537.36\"})"},{"ancestorTitles":["should return false"],"failureMessages":[],"fullName":"should return false if userAgent is not Safari Browser ({\"browser\":\"chrome\",\"device\":\"samsung s10+\",\"inAppBrowser\":false,\"os\":\"android\",\"osVersion\":\"9\",\"userAgent\":\"Mozilla/5.0 (Linux; Android 9; SM-G975F) AppleWebKit/537.36 (KHTML, like Gecko) Chrome/79.0.3945.136 Mobile Safari/537.36\"})","location":null,"status":"passed","title":"if userAgent is not Safari Browser ({\"browser\":\"chrome\",\"device\":\"samsung s10+\",\"inAppBrowser\":false,\"os\":\"android\",\"osVersion\":\"9\",\"userAgent\":\"Mozilla/5.0 (Linux; Android 9; SM-G975F) AppleWebKit/537.36 (KHTML, like Gecko) Chrome/79.0.3945.136 Mobile Safari/537.36\"})"},{"ancestorTitles":["should return false"],"failureMessages":[],"fullName":"should return false if userAgent is not Safari Browser ({\"browser\":\"chrome\",\"device\":\"s10\",\"inAppBrowser\":false,\"os\":\"android\",\"osVersion\":\"10\",\"userAgent\":\"Mozilla/5.0 (Linux; Android 10; SM-G973F) AppleWebKit/537.36 (KHTML, like Gecko) Chrome/80.0.3987.117 Mobile Safari/537.36\"})","location":null,"status":"passed","title":"if userAgent is not Safari Browser ({\"browser\":\"chrome\",\"device\":\"s10\",\"inAppBrowser\":false,\"os\":\"android\",\"osVersion\":\"10\",\"userAgent\":\"Mozilla/5.0 (Linux; Android 10; SM-G973F) AppleWebKit/537.36 (KHTML, like Gecko) Chrome/80.0.3987.117 Mobile Safari/537.36\"})"},{"ancestorTitles":["should return false"],"failureMessages":[],"fullName":"should return false if userAgent is not Safari Browser ({\"browser\":\"chrome\",\"device\":\"htc u12+\",\"inAppBrowser\":false,\"os\":\"android\",\"osVersion\":\"9\",\"userAgent\":\"Mozilla/5.0 (Linux; Android 9; HTC 2Q55100) AppleWebKit/537.36 (KHTML, like Gecko) Chrome/80.0.3987.117 Mobile Safari/537.36\"})","location":null,"status":"passed","title":"if userAgent is not Safari Browser ({\"browser\":\"chrome\",\"device\":\"htc u12+\",\"inAppBrowser\":false,\"os\":\"android\",\"osVersion\":\"9\",\"userAgent\":\"Mozilla/5.0 (Linux; Android 9; HTC 2Q55100) AppleWebKit/537.36 (KHTML, like Gecko) Chrome/80.0.3987.117 Mobile Safari/537.36\"})"},{"ancestorTitles":["should return false"],"failureMessages":[],"fullName":"should return false if userAgent is not Safari Browser ({\"browser\":\"chrome\",\"device\":\"mi 9t\",\"inAppBrowser\":false,\"os\":\"android\",\"osVersion\":\"10\",\"userAgent\":\"Mozilla/5.0 (Linux; Android 10; Mi 9T) AppleWebKit/537.36 (KHTML, like Gecko) Chrome/78.0.3904.96 Mobile Safari/537.36\"})","location":null,"status":"passed","title":"if userAgent is not Safari Browser ({\"browser\":\"chrome\",\"device\":\"mi 9t\",\"inAppBrowser\":false,\"os\":\"android\",\"osVersion\":\"10\",\"userAgent\":\"Mozilla/5.0 (Linux; Android 10; Mi 9T) AppleWebKit/537.36 (KHTML, like Gecko) Chrome/78.0.3904.96 Mobile Safari/537.36\"})"},{"ancestorTitles":["should return false"],"failureMessages":[],"fullName":"should return false if userAgent is not Safari Browser ({\"browser\":\"chrome\",\"device\":\"microsoft surface studio 2\",\"inAppBrowser\":false,\"os\":\"windows\",\"osVersion\":\"10.0\",\"userAgent\":\"Mozilla/5.0 (Windows NT 10.0; Win64; x64) AppleWebKit/537.36 (KHTML, like Gecko) Chrome/80.0.3987.122 Safari/537.36\"})","location":null,"status":"passed","title":"if userAgent is not Safari Browser ({\"browser\":\"chrome\",\"device\":\"microsoft surface studio 2\",\"inAppBrowser\":false,\"os\":\"windows\",\"osVersion\":\"10.0\",\"userAgent\":\"Mozilla/5.0 (Windows NT 10.0; Win64; x64) AppleWebKit/537.36 (KHTML, like Gecko) Chrome/80.0.3987.122 Safari/537.36\"})"},{"ancestorTitles":["should return false"],"failureMessages":[],"fullName":"should return false if userAgent is not Safari Browser ({\"browser\":\"chrome\",\"device\":\"mi a3\",\"inAppBrowser\":false,\"os\":\"android\",\"osVersion\":\"9\",\"userAgent\":\"Mozilla/5.0 (Linux; Android 9; Mi A3) AppleWebKit/537.36 (KHTML, like Gecko) Chrome/80.0.3987.119 Mobile Safari/537.36\"})","location":null,"status":"passed","title":"if userAgent is not Safari Browser ({\"browser\":\"chrome\",\"device\":\"mi a3\",\"inAppBrowser\":false,\"os\":\"android\",\"osVersion\":\"9\",\"userAgent\":\"Mozilla/5.0 (Linux; Android 9; Mi A3) AppleWebKit/537.36 (KHTML, like Gecko) Chrome/80.0.3987.119 Mobile Safari/537.36\"})"},{"ancestorTitles":["should return false"],"failureMessages":[],"fullName":"should return false if userAgent is not Safari Browser ({\"browser\":\"chrome\",\"device\":\"zenphone 6\",\"inAppBrowser\":false,\"os\":\"android\",\"osVersion\":\"10\",\"userAgent\":\"Mozilla/5.0 (Linux; Android 10; ASUS_I01WD) AppleWebKit/537.36 (KHTML, like Gecko) Chrome/74.0.3729.186 Mobile Safari/537.36\"})","location":null,"status":"passed","title":"if userAgent is not Safari Browser ({\"browser\":\"chrome\",\"device\":\"zenphone 6\",\"inAppBrowser\":false,\"os\":\"android\",\"osVersion\":\"10\",\"userAgent\":\"Mozilla/5.0 (Linux; Android 10; ASUS_I01WD) AppleWebKit/537.36 (KHTML, like Gecko) Chrome/74.0.3729.186 Mobile Safari/537.36\"})"},{"ancestorTitles":["should return false"],"failureMessages":[],"fullName":"should return false if userAgent is not Safari Browser ({\"browser\":\"chrome\",\"device\":\"rog phone2\",\"inAppBrowser\":false,\"os\":\"android\",\"osVersion\":\"9\",\"userAgent\":\"Mozilla/5.0 (Linux; Android 9; ASUS_I001DC) AppleWebKit/537.36 (KHTML, like Gecko) Chrome/74.0.3729.136 Mobile Safari/537.36\"})","location":null,"status":"passed","title":"if userAgent is not Safari Browser ({\"browser\":\"chrome\",\"device\":\"rog phone2\",\"inAppBrowser\":false,\"os\":\"android\",\"osVersion\":\"9\",\"userAgent\":\"Mozilla/5.0 (Linux; Android 9; ASUS_I001DC) AppleWebKit/537.36 (KHTML, like Gecko) Chrome/74.0.3729.136 Mobile Safari/537.36\"})"},{"ancestorTitles":["should return false"],"failureMessages":[],"fullName":"should return false if userAgent is not Safari Browser ({\"browser\":\"chrome\",\"device\":\"xperia 1\",\"inAppBrowser\":false,\"os\":\"android\",\"osVersion\":\"10\",\"userAgent\":\"Mozilla/5.0 (Linux; Android 10; J9110) AppleWebKit/537.36 (KHTML, like Gecko) Chrome/80.0.3987.117 Mobile Safari/537.36\"})","location":null,"status":"passed","title":"if userAgent is not Safari Browser ({\"browser\":\"chrome\",\"device\":\"xperia 1\",\"inAppBrowser\":false,\"os\":\"android\",\"osVersion\":\"10\",\"userAgent\":\"Mozilla/5.0 (Linux; Android 10; J9110) AppleWebKit/537.36 (KHTML, like Gecko) Chrome/80.0.3987.117 Mobile Safari/537.36\"})"}],"endTime":1623057235231,"message":"","name":"/Users/letea/Program/function-library/checkIsSafari/test.js","startTime":1623057235087,"status":"passed","summary":""},{"assertionResults":[{"ancestorTitles":["should return true"],"failureMessages":[],"fullName":"should return true if userAgent is android ({\"browser\":\"chrome\",\"device\":\"htc 10\",\"inAppBrowser\":false,\"os\":\"android\",\"osVersion\":\"8.0.0\",\"userAgent\":\"Mozilla/5.0 (Linux; Android 8.0.0; HTC_M10h) AppleWebKit/537.36 (KHTML, like Gecko) Chrome/79.0.3945.136 Mobile Safari/537.36\"})","location":null,"status":"passed","title":"if userAgent is android ({\"browser\":\"chrome\",\"device\":\"htc 10\",\"inAppBrowser\":false,\"os\":\"android\",\"osVersion\":\"8.0.0\",\"userAgent\":\"Mozilla/5.0 (Linux; Android 8.0.0; HTC_M10h) AppleWebKit/537.36 (KHTML, like Gecko) Chrome/79.0.3945.136 Mobile Safari/537.36\"})"},{"ancestorTitles":["should return true"],"failureMessages":[],"fullName":"should return true if userAgent is android ({\"browser\":\"facebook\",\"device\":\"htc 10\",\"inAppBrowser\":true,\"os\":\"android\",\"osVersion\":\"8.0.0\",\"userAgent\":\"Mozilla/5.0 (Linux; Android 8.0.0; HTC_M10h Build/OPR1.170623.027; wv) AppleWebKit/537.36 (KHTML, like Gecko) Version/4.0 Chrome/79.0.3945.136 Mobile Safari/537.36 [FB_IAB/FB4A;FBAV/255.0.0.33.121;]\"})","location":null,"status":"passed","title":"if userAgent is android ({\"browser\":\"facebook\",\"device\":\"htc 10\",\"inAppBrowser\":true,\"os\":\"android\",\"osVersion\":\"8.0.0\",\"userAgent\":\"Mozilla/5.0 (Linux; Android 8.0.0; HTC_M10h Build/OPR1.170623.027; wv) AppleWebKit/537.36 (KHTML, like Gecko) Version/4.0 Chrome/79.0.3945.136 Mobile Safari/537.36 [FB_IAB/FB4A;FBAV/255.0.0.33.121;]\"})"},{"ancestorTitles":["should return true"],"failureMessages":[],"fullName":"should return true if userAgent is android ({\"browser\":\"line\",\"device\":\"htc 10\",\"inAppBrowser\":true,\"os\":\"android\",\"osVersion\":\"8.0.0\",\"userAgent\":\"Mozilla/5.0 (Linux; Android 8.0.0; HTC_M10h Build/OPR1.170623.027; wv) AppleWebKit/537.36 (KHTML, like Gecko) Version/4.0 Chrome/79.0.3945.136 Mobile Safari/537.36 Line/10.1.1/IAB\"})","location":null,"status":"passed","title":"if userAgent is android ({\"browser\":\"line\",\"device\":\"htc 10\",\"inAppBrowser\":true,\"os\":\"android\",\"osVersion\":\"8.0.0\",\"userAgent\":\"Mozilla/5.0 (Linux; Android 8.0.0; HTC_M10h Build/OPR1.170623.027; wv) AppleWebKit/537.36 (KHTML, like Gecko) Version/4.0 Chrome/79.0.3945.136 Mobile Safari/537.36 Line/10.1.1/IAB\"})"},{"ancestorTitles":["should return true"],"failureMessages":[],"fullName":"should return true if userAgent is android ({\"browser\":\"chrome\",\"device\":\"oppo reno \",\"inAppBrowser\":false,\"os\":\"android\",\"osVersion\":\"9\",\"userAgent\":\"Mozilla/5.0 (Linux; Android 9; CPH1919) AppleWebKit/537.36 (KHTML, like Gecko) Chrome/79.0.3945.116 Mobile Safari/537.36\"})","location":null,"status":"passed","title":"if userAgent is android ({\"browser\":\"chrome\",\"device\":\"oppo reno \",\"inAppBrowser\":false,\"os\":\"android\",\"osVersion\":\"9\",\"userAgent\":\"Mozilla/5.0 (Linux; Android 9; CPH1919) AppleWebKit/537.36 (KHTML, like Gecko) Chrome/79.0.3945.116 Mobile Safari/537.36\"})"},{"ancestorTitles":["should return true"],"failureMessages":[],"fullName":"should return true if userAgent is android ({\"browser\":\"chrome\",\"device\":\"oppo reno z\",\"inAppBrowser\":false,\"os\":\"android\",\"osVersion\":\"9\",\"userAgent\":\"Mozilla/5.0 (Linux; Android 9; CPH1979) AppleWebKit/537.36 (KHTML, like Gecko) Chrome/79.0.3945.136 Mobile Safari/537.36\"})","location":null,"status":"passed","title":"if userAgent is android ({\"browser\":\"chrome\",\"device\":\"oppo reno z\",\"inAppBrowser\":false,\"os\":\"android\",\"osVersion\":\"9\",\"userAgent\":\"Mozilla/5.0 (Linux; Android 9; CPH1979) AppleWebKit/537.36 (KHTML, like Gecko) Chrome/79.0.3945.136 Mobile Safari/537.36\"})"},{"ancestorTitles":["should return true"],"failureMessages":[],"fullName":"should return true if userAgent is android ({\"browser\":\"chrome\",\"device\":\"oppo econ q1\",\"inAppBrowser\":false,\"os\":\"android\",\"osVersion\":\"9\",\"userAgent\":\"Mozilla/5.0 (Linux; Android 9; CPH1951) AppleWebKit/537.36 (KHTML, like Gecko) Chrome/79.0.3945.93 Mobile Safari/537.36\"})","location":null,"status":"passed","title":"if userAgent is android ({\"browser\":\"chrome\",\"device\":\"oppo econ q1\",\"inAppBrowser\":false,\"os\":\"android\",\"osVersion\":\"9\",\"userAgent\":\"Mozilla/5.0 (Linux; Android 9; CPH1951) AppleWebKit/537.36 (KHTML, like Gecko) Chrome/79.0.3945.93 Mobile Safari/537.36\"})"},{"ancestorTitles":["should return true"],"failureMessages":[],"fullName":"should return true if userAgent is android ({\"browser\":\"samsung\",\"device\":\"samsung note10+\",\"inAppBrowser\":false,\"os\":\"android\",\"osVersion\":\"9\",\"userAgent\":\"Mozilla/5.0 (Linux; Android 9; SAMSUNG SM-N9750) AppleWebKit/537.36 (KHTML, like Gecko) SamsungBrowser/10.2 Chrome/71.0.3578.99 Mobile Safari/537.36\"})","location":null,"status":"passed","title":"if userAgent is android ({\"browser\":\"samsung\",\"device\":\"samsung note10+\",\"inAppBrowser\":false,\"os\":\"android\",\"osVersion\":\"9\",\"userAgent\":\"Mozilla/5.0 (Linux; Android 9; SAMSUNG SM-N9750) AppleWebKit/537.36 (KHTML, like Gecko) SamsungBrowser/10.2 Chrome/71.0.3578.99 Mobile Safari/537.36\"})"},{"ancestorTitles":["should return true"],"failureMessages":[],"fullName":"should return true if userAgent is android ({\"browser\":\"chrome\",\"device\":\"samsung note10+\",\"inAppBrowser\":false,\"os\":\"android\",\"osVersion\":\"9\",\"userAgent\":\"Mozilla/5.0 (Linux; Android 9; SM-N9750) AppleWebKit/537.36 (KHTML, like Gecko) Chrome/80.0.3987.119 Mobile Safari/537.36\"})","location":null,"status":"passed","title":"if userAgent is android ({\"browser\":\"chrome\",\"device\":\"samsung note10+\",\"inAppBrowser\":false,\"os\":\"android\",\"osVersion\":\"9\",\"userAgent\":\"Mozilla/5.0 (Linux; Android 9; SM-N9750) AppleWebKit/537.36 (KHTML, like Gecko) Chrome/80.0.3987.119 Mobile Safari/537.36\"})"},{"ancestorTitles":["should return true"],"failureMessages":[],"fullName":"should return true if userAgent is android ({\"browser\":\"samsung\",\"device\":\"samsung s10+\",\"inAppBrowser\":false,\"os\":\"android\",\"osVersion\":\"9\",\"userAgent\":\"Mozilla/5.0 (Linux; Android 9; SAMSUNG SM-G975F) AppleWebKit/537.36 (KHTML, like Gecko) SamsungBrowser/10.1 Chrome/71.0.3578.99 Mobile Safari/537.36\"})","location":null,"status":"passed","title":"if userAgent is android ({\"browser\":\"samsung\",\"device\":\"samsung s10+\",\"inAppBrowser\":false,\"os\":\"android\",\"osVersion\":\"9\",\"userAgent\":\"Mozilla/5.0 (Linux; Android 9; SAMSUNG SM-G975F) AppleWebKit/537.36 (KHTML, like Gecko) SamsungBrowser/10.1 Chrome/71.0.3578.99 Mobile Safari/537.36\"})"},{"ancestorTitles":["should return true"],"failureMessages":[],"fullName":"should return true if userAgent is android ({\"browser\":\"chrome\",\"device\":\"samsung s10+\",\"inAppBrowser\":false,\"os\":\"android\",\"osVersion\":\"9\",\"userAgent\":\"Mozilla/5.0 (Linux; Android 9; SM-G975F) AppleWebKit/537.36 (KHTML, like Gecko) Chrome/79.0.3945.136 Mobile Safari/537.36\"})","location":null,"status":"passed","title":"if userAgent is android ({\"browser\":\"chrome\",\"device\":\"samsung s10+\",\"inAppBrowser\":false,\"os\":\"android\",\"osVersion\":\"9\",\"userAgent\":\"Mozilla/5.0 (Linux; Android 9; SM-G975F) AppleWebKit/537.36 (KHTML, like Gecko) Chrome/79.0.3945.136 Mobile Safari/537.36\"})"},{"ancestorTitles":["should return true"],"failureMessages":[],"fullName":"should return true if userAgent is android ({\"browser\":\"chrome\",\"device\":\"s10\",\"inAppBrowser\":false,\"os\":\"android\",\"osVersion\":\"10\",\"userAgent\":\"Mozilla/5.0 (Linux; Android 10; SM-G973F) AppleWebKit/537.36 (KHTML, like Gecko) Chrome/80.0.3987.117 Mobile Safari/537.36\"})","location":null,"status":"passed","title":"if userAgent is android ({\"browser\":\"chrome\",\"device\":\"s10\",\"inAppBrowser\":false,\"os\":\"android\",\"osVersion\":\"10\",\"userAgent\":\"Mozilla/5.0 (Linux; Android 10; SM-G973F) AppleWebKit/537.36 (KHTML, like Gecko) Chrome/80.0.3987.117 Mobile Safari/537.36\"})"},{"ancestorTitles":["should return true"],"failureMessages":[],"fullName":"should return true if userAgent is android ({\"browser\":\"chrome\",\"device\":\"htc u12+\",\"inAppBrowser\":false,\"os\":\"android\",\"osVersion\":\"9\",\"userAgent\":\"Mozilla/5.0 (Linux; Android 9; HTC 2Q55100) AppleWebKit/537.36 (KHTML, like Gecko) Chrome/80.0.3987.117 Mobile Safari/537.36\"})","location":null,"status":"passed","title":"if userAgent is android ({\"browser\":\"chrome\",\"device\":\"htc u12+\",\"inAppBrowser\":false,\"os\":\"android\",\"osVersion\":\"9\",\"userAgent\":\"Mozilla/5.0 (Linux; Android 9; HTC 2Q55100) AppleWebKit/537.36 (KHTML, like Gecko) Chrome/80.0.3987.117 Mobile Safari/537.36\"})"},{"ancestorTitles":["should return true"],"failureMessages":[],"fullName":"should return true if userAgent is android ({\"browser\":\"chrome\",\"device\":\"mi 9t\",\"inAppBrowser\":false,\"os\":\"android\",\"osVersion\":\"10\",\"userAgent\":\"Mozilla/5.0 (Linux; Android 10; Mi 9T) AppleWebKit/537.36 (KHTML, like Gecko) Chrome/78.0.3904.96 Mobile Safari/537.36\"})","location":null,"status":"passed","title":"if userAgent is android ({\"browser\":\"chrome\",\"device\":\"mi 9t\",\"inAppBrowser\":false,\"os\":\"android\",\"osVersion\":\"10\",\"userAgent\":\"Mozilla/5.0 (Linux; Android 10; Mi 9T) AppleWebKit/537.36 (KHTML, like Gecko) Chrome/78.0.3904.96 Mobile Safari/537.36\"})"},{"ancestorTitles":["should return true"],"failureMessages":[],"fullName":"should return true if userAgent is android ({\"browser\":\"chrome\",\"device\":\"mi a3\",\"inAppBrowser\":false,\"os\":\"android\",\"osVersion\":\"9\",\"userAgent\":\"Mozilla/5.0 (Linux; Android 9; Mi A3) AppleWebKit/537.36 (KHTML, like Gecko) Chrome/80.0.3987.119 Mobile Safari/537.36\"})","location":null,"status":"passed","title":"if userAgent is android ({\"browser\":\"chrome\",\"device\":\"mi a3\",\"inAppBrowser\":false,\"os\":\"android\",\"osVersion\":\"9\",\"userAgent\":\"Mozilla/5.0 (Linux; Android 9; Mi A3) AppleWebKit/537.36 (KHTML, like Gecko) Chrome/80.0.3987.119 Mobile Safari/537.36\"})"},{"ancestorTitles":["should return true"],"failureMessages":[],"fullName":"should return true if userAgent is android ({\"browser\":\"chrome\",\"device\":\"zenphone 6\",\"inAppBrowser\":false,\"os\":\"android\",\"osVersion\":\"10\",\"userAgent\":\"Mozilla/5.0 (Linux; Android 10; ASUS_I01WD) AppleWebKit/537.36 (KHTML, like Gecko) Chrome/74.0.3729.186 Mobile Safari/537.36\"})","location":null,"status":"passed","title":"if userAgent is android ({\"browser\":\"chrome\",\"device\":\"zenphone 6\",\"inAppBrowser\":false,\"os\":\"android\",\"osVersion\":\"10\",\"userAgent\":\"Mozilla/5.0 (Linux; Android 10; ASUS_I01WD) AppleWebKit/537.36 (KHTML, like Gecko) Chrome/74.0.3729.186 Mobile Safari/537.36\"})"},{"ancestorTitles":["should return true"],"failureMessages":[],"fullName":"should return true if userAgent is android ({\"browser\":\"chrome\",\"device\":\"rog phone2\",\"inAppBrowser\":false,\"os\":\"android\",\"osVersion\":\"9\",\"userAgent\":\"Mozilla/5.0 (Linux; Android 9; ASUS_I001DC) AppleWebKit/537.36 (KHTML, like Gecko) Chrome/74.0.3729.136 Mobile Safari/537.36\"})","location":null,"status":"passed","title":"if userAgent is android ({\"browser\":\"chrome\",\"device\":\"rog phone2\",\"inAppBrowser\":false,\"os\":\"android\",\"osVersion\":\"9\",\"userAgent\":\"Mozilla/5.0 (Linux; Android 9; ASUS_I001DC) AppleWebKit/537.36 (KHTML, like Gecko) Chrome/74.0.3729.136 Mobile Safari/537.36\"})"},{"ancestorTitles":["should return true"],"failureMessages":[],"fullName":"should return true if userAgent is android ({\"browser\":\"chrome\",\"device\":\"xperia 1\",\"inAppBrowser\":false,\"os\":\"android\",\"osVersion\":\"10\",\"userAgent\":\"Mozilla/5.0 (Linux; Android 10; J9110) AppleWebKit/537.36 (KHTML, like Gecko) Chrome/80.0.3987.117 Mobile Safari/537.36\"})","location":null,"status":"passed","title":"if userAgent is android ({\"browser\":\"chrome\",\"device\":\"xperia 1\",\"inAppBrowser\":false,\"os\":\"android\",\"osVersion\":\"10\",\"userAgent\":\"Mozilla/5.0 (Linux; Android 10; J9110) AppleWebKit/537.36 (KHTML, like Gecko) Chrome/80.0.3987.117 Mobile Safari/537.36\"})"},{"ancestorTitles":["should return false"],"failureMessages":[],"fullName":"should return false if userAgent is not android ({\"browser\":\"chrome\",\"device\":\"iphone\",\"inAppBrowser\":false,\"os\":\"ios\",\"osVersion\":\"13.3\",\"userAgent\":\"Mozilla/5.0 (iPhone; CPU iPhone OS 13_3 like Mac OS X) AppleWebKit/605.1.15 (KHTML, like Gecko) CriOS/79.0.3945.73 Mobile/15E148 Safari/604.1\"})","location":null,"status":"passed","title":"if userAgent is not android ({\"browser\":\"chrome\",\"device\":\"iphone\",\"inAppBrowser\":false,\"os\":\"ios\",\"osVersion\":\"13.3\",\"userAgent\":\"Mozilla/5.0 (iPhone; CPU iPhone OS 13_3 like Mac OS X) AppleWebKit/605.1.15 (KHTML, like Gecko) CriOS/79.0.3945.73 Mobile/15E148 Safari/604.1\"})"},{"ancestorTitles":["should return false"],"failureMessages":[],"fullName":"should return false if userAgent is not android ({\"browser\":\"facebook\",\"device\":\"iphone\",\"inAppBrowser\":true,\"os\":\"ios\",\"osVersion\":\"13.3\",\"userAgent\":\"Mozilla/5.0 (iPhone; CPU iPhone OS 13_3 like Mac OS X) AppleWebKit/605.1.15 (KHTML, like Gecko) Mobile/15E148 [FBAN/FBIOS;FBDV/iPhone9,3;FBMD/iPhone;FBSN/iOS;FBSV/13.3;FBSS/2;FBID/phone;FBLC/zh_TW;FBOP/5;FBCR/&#20013-&#33775-&#38651-&#20449-]\"})","location":null,"status":"passed","title":"if userAgent is not android ({\"browser\":\"facebook\",\"device\":\"iphone\",\"inAppBrowser\":true,\"os\":\"ios\",\"osVersion\":\"13.3\",\"userAgent\":\"Mozilla/5.0 (iPhone; CPU iPhone OS 13_3 like Mac OS X) AppleWebKit/605.1.15 (KHTML, like Gecko) Mobile/15E148 [FBAN/FBIOS;FBDV/iPhone9,3;FBMD/iPhone;FBSN/iOS;FBSV/13.3;FBSS/2;FBID/phone;FBLC/zh_TW;FBOP/5;FBCR/&#20013-&#33775-&#38651-&#20449-]\"})"},{"ancestorTitles":["should return false"],"failureMessages":[],"fullName":"should return false if userAgent is not android ({\"browser\":\"line\",\"device\":\"iphone\",\"inAppBrowser\":true,\"os\":\"ios\",\"osVersion\":\"13.3\",\"userAgent\":\"Mozilla/5.0 (iPhone; CPU iPhone OS 13_3 like Mac OS X) AppleWebKit/605.1.15 (KHTML, like Gecko) Mobile/15E148 Safari Line/10.0.2\"})","location":null,"status":"passed","title":"if userAgent is not android ({\"browser\":\"line\",\"device\":\"iphone\",\"inAppBrowser\":true,\"os\":\"ios\",\"osVersion\":\"13.3\",\"userAgent\":\"Mozilla/5.0 (iPhone; CPU iPhone OS 13_3 like Mac OS X) AppleWebKit/605.1.15 (KHTML, like Gecko) Mobile/15E148 Safari Line/10.0.2\"})"},{"ancestorTitles":["should return false"],"failureMessages":[],"fullName":"should return false if userAgent is not android ({\"browser\":\"safari\",\"device\":\"iphone\",\"inAppBrowser\":false,\"os\":\"ios\",\"osVersion\":\"13.3\",\"userAgent\":\"Mozilla/5.0 (iPhone; CPU iPhone OS 13_3 like Mac OS X) AppleWebKit/605.1.15 (KHTML, like Gecko) Version/13.0.4 Mobile/15E148 Safari/604.1\"})","location":null,"status":"passed","title":"if userAgent is not android ({\"browser\":\"safari\",\"device\":\"iphone\",\"inAppBrowser\":false,\"os\":\"ios\",\"osVersion\":\"13.3\",\"userAgent\":\"Mozilla/5.0 (iPhone; CPU iPhone OS 13_3 like Mac OS X) AppleWebKit/605.1.15 (KHTML, like Gecko) Version/13.0.4 Mobile/15E148 Safari/604.1\"})"},{"ancestorTitles":["should return false"],"failureMessages":[],"fullName":"should return false if userAgent is not android ({\"browser\":\"firefox\",\"device\":\"iphone\",\"inAppBrowser\":false,\"os\":\"ios\",\"osVersion\":\"13.3\",\"userAgent\":\"Mozilla/5.0 (iPhone; CPU OS 13_3 like Mac OS X) AppleWebKit/605.1.15 (KHTML, like Gecko) FxiOS/22.0 Mobile/15E148 Safari/605.1.15\"})","location":null,"status":"passed","title":"if userAgent is not android ({\"browser\":\"firefox\",\"device\":\"iphone\",\"inAppBrowser\":false,\"os\":\"ios\",\"osVersion\":\"13.3\",\"userAgent\":\"Mozilla/5.0 (iPhone; CPU OS 13_3 like Mac OS X) AppleWebKit/605.1.15 (KHTML, like Gecko) FxiOS/22.0 Mobile/15E148 Safari/605.1.15\"})"},{"ancestorTitles":["should return false"],"failureMessages":[],"fullName":"should return false if userAgent is not android ({\"browser\":\"edge\",\"device\":\"iphone\",\"inAppBrowser\":false,\"os\":\"ios\",\"osVersion\":\"13.3\",\"userAgent\":\"Mozilla/5.0 (iPhone; CPU iPhone OS 13_3 like Mac OS X) AppleWebKit/605.1.15 (KHTML, like Gecko) Version/13.0 EdgiOS/44.11.15 Mobile/15E148 Safari/605.1.15\"})","location":null,"status":"passed","title":"if userAgent is not android ({\"browser\":\"edge\",\"device\":\"iphone\",\"inAppBrowser\":false,\"os\":\"ios\",\"osVersion\":\"13.3\",\"userAgent\":\"Mozilla/5.0 (iPhone; CPU iPhone OS 13_3 like Mac OS X) AppleWebKit/605.1.15 (KHTML, like Gecko) Version/13.0 EdgiOS/44.11.15 Mobile/15E148 Safari/605.1.15\"})"},{"ancestorTitles":["should return false"],"failureMessages":[],"fullName":"should return false if userAgent is not android ({\"browser\":\"chrome\",\"device\":\"macbook pro 13\\\"\",\"inAppBrowser\":false,\"os\":\"macos\",\"osVersion\":\"10.15.2\",\"userAgent\":\"Mozilla/5.0 (Macintosh; Intel Mac OS X 10_15_2) AppleWebKit/537.36 (KHTML, like Gecko) Chrome/79.0.3945.130 Safari/537.36\"})","location":null,"status":"passed","title":"if userAgent is not android ({\"browser\":\"chrome\",\"device\":\"macbook pro 13\\\"\",\"inAppBrowser\":false,\"os\":\"macos\",\"osVersion\":\"10.15.2\",\"userAgent\":\"Mozilla/5.0 (Macintosh; Intel Mac OS X 10_15_2) AppleWebKit/537.36 (KHTML, like Gecko) Chrome/79.0.3945.130 Safari/537.36\"})"},{"ancestorTitles":["should return false"],"failureMessages":[],"fullName":"should return false if userAgent is not android ({\"browser\":\"edge\",\"device\":\"macbook pro 13\\\"\",\"inAppBrowser\":false,\"os\":\"macos\",\"osVersion\":\"10.15.2\",\"userAgent\":\"Mozilla/5.0 (Macintosh; Intel Mac OS X 10_15_2) AppleWebKit/537.36 (KHTML, like Gecko) Chrome/79.0.3945.130 Safari/537.36 Edg/79.0.309.71\"})","location":null,"status":"passed","title":"if userAgent is not android ({\"browser\":\"edge\",\"device\":\"macbook pro 13\\\"\",\"inAppBrowser\":false,\"os\":\"macos\",\"osVersion\":\"10.15.2\",\"userAgent\":\"Mozilla/5.0 (Macintosh; Intel Mac OS X 10_15_2) AppleWebKit/537.36 (KHTML, like Gecko) Chrome/79.0.3945.130 Safari/537.36 Edg/79.0.309.71\"})"},{"ancestorTitles":["should return false"],"failureMessages":[],"fullName":"should return false if userAgent is not android ({\"browser\":\"firefox\",\"device\":\"macbook pro 13\\\"\",\"inAppBrowser\":false,\"os\":\"macos\",\"osVersion\":\"10.15\",\"userAgent\":\"Mozilla/5.0 (Macintosh; Intel Mac OS X 10.15; rv:72.0) Gecko/20100101 Firefox/72.0\"})","location":null,"status":"passed","title":"if userAgent is not android ({\"browser\":\"firefox\",\"device\":\"macbook pro 13\\\"\",\"inAppBrowser\":false,\"os\":\"macos\",\"osVersion\":\"10.15\",\"userAgent\":\"Mozilla/5.0 (Macintosh; Intel Mac OS X 10.15; rv:72.0) Gecko/20100101 Firefox/72.0\"})"},{"ancestorTitles":["should return false"],"failureMessages":[],"fullName":"should return false if userAgent is not android ({\"browser\":\"safari\",\"device\":\"macbook pro 13\\\"\",\"inAppBrowser\":false,\"os\":\"macos\",\"osVersion\":\"10.15.2\",\"userAgent\":\"Mozilla/5.0 (Macintosh; Intel Mac OS X 10_15_2) AppleWebKit/605.1.15 (KHTML, like Gecko) Version/13.0.4 Safari/605.1.15\"})","location":null,"status":"passed","title":"if userAgent is not android ({\"browser\":\"safari\",\"device\":\"macbook pro 13\\\"\",\"inAppBrowser\":false,\"os\":\"macos\",\"osVersion\":\"10.15.2\",\"userAgent\":\"Mozilla/5.0 (Macintosh; Intel Mac OS X 10_15_2) AppleWebKit/605.1.15 (KHTML, like Gecko) Version/13.0.4 Safari/605.1.15\"})"},{"ancestorTitles":["should return false"],"failureMessages":[],"fullName":"should return false if userAgent is not android ({\"browser\":\"facebook\",\"device\":\"ipad pro 2018\",\"inAppBrowser\":true,\"os\":\"ios\",\"osVersion\":\"13.3\",\"userAgent\":\"Mozilla/5.0 (iPad; CPU OS 13_3 like Mac OS X) AppleWebKit/605.1.15 (KHTML, like Gecko) Mobile/15E148 [FBAN/FBIOS;FBDV/iPad8,1;FBMD/iPad;FBSN/iOS;FBSV/13.3;FBSS/2;FBID/tablet;FBLC/zh_TW;FBOP/5;FBCR/]\"})","location":null,"status":"passed","title":"if userAgent is not android ({\"browser\":\"facebook\",\"device\":\"ipad pro 2018\",\"inAppBrowser\":true,\"os\":\"ios\",\"osVersion\":\"13.3\",\"userAgent\":\"Mozilla/5.0 (iPad; CPU OS 13_3 like Mac OS X) AppleWebKit/605.1.15 (KHTML, like Gecko) Mobile/15E148 [FBAN/FBIOS;FBDV/iPad8,1;FBMD/iPad;FBSN/iOS;FBSV/13.3;FBSS/2;FBID/tablet;FBLC/zh_TW;FBOP/5;FBCR/]\"})"},{"ancestorTitles":["should return false"],"failureMessages":[],"fullName":"should return false if userAgent is not android ({\"browser\":\"firefox\",\"device\":\"ipad pro 2018\",\"inAppBrowser\":false,\"os\":\"ios\",\"osVersion\":\"13.3\",\"userAgent\":\"Mozilla/5.0 (iPad; CPU OS 13_3 like Mac OS X) AppleWebKit/605.1.15 (KHTML, like Gecko) FxiOS/22.0 Mobile/15E148 Safari/605.1.15\"})","location":null,"status":"passed","title":"if userAgent is not android ({\"browser\":\"firefox\",\"device\":\"ipad pro 2018\",\"inAppBrowser\":false,\"os\":\"ios\",\"osVersion\":\"13.3\",\"userAgent\":\"Mozilla/5.0 (iPad; CPU OS 13_3 like Mac OS X) AppleWebKit/605.1.15 (KHTML, like Gecko) FxiOS/22.0 Mobile/15E148 Safari/605.1.15\"})"},{"ancestorTitles":["should return false"],"failureMessages":[],"fullName":"should return false if userAgent is not android ({\"browser\":\"chrome\",\"device\":\"ipad pro 2018\",\"inAppBrowser\":false,\"os\":\"ios\",\"osVersion\":\"13.3\",\"userAgent\":\"Mozilla/5.0 (iPad; CPU OS 13_3 like Mac OS X) AppleWebKit/605.1.15 (KHTML, like Gecko) CriOS/79.0.3945.73 Mobile/15E148 Safari/604.1\"})","location":null,"status":"passed","title":"if userAgent is not android ({\"browser\":\"chrome\",\"device\":\"ipad pro 2018\",\"inAppBrowser\":false,\"os\":\"ios\",\"osVersion\":\"13.3\",\"userAgent\":\"Mozilla/5.0 (iPad; CPU OS 13_3 like Mac OS X) AppleWebKit/605.1.15 (KHTML, like Gecko) CriOS/79.0.3945.73 Mobile/15E148 Safari/604.1\"})"},{"ancestorTitles":["should return false"],"failureMessages":[],"fullName":"should return false if userAgent is not android ({\"browser\":\"safari\",\"device\":\"ipad pro 2018\",\"inAppBrowser\":false,\"os\":\"ios\",\"osVersion\":\"13.3\",\"userAgent\":\"Mozilla/5.0 (iPad; CPU OS 13_3 like Mac OS X) AppleWebKit/605.1.15 (KHTML, like Gecko) Version/13.0.4 Mobile/15E148 Safari/604.1\"})","location":null,"status":"passed","title":"if userAgent is not android ({\"browser\":\"safari\",\"device\":\"ipad pro 2018\",\"inAppBrowser\":false,\"os\":\"ios\",\"osVersion\":\"13.3\",\"userAgent\":\"Mozilla/5.0 (iPad; CPU OS 13_3 like Mac OS X) AppleWebKit/605.1.15 (KHTML, like Gecko) Version/13.0.4 Mobile/15E148 Safari/604.1\"})"},{"ancestorTitles":["should return false"],"failureMessages":[],"fullName":"should return false if userAgent is not android ({\"browser\":\"line\",\"device\":\"ipad pro 2018\",\"inAppBrowser\":true,\"os\":\"ios\",\"osVersion\":\"13.3\",\"userAgent\":\"Mozilla/5.0 (iPad; CPU OS 13_3 like Mac OS X) AppleWebKit/605.1.15 (KHTML, like Gecko) Mobile/15E148 Safari Line/10.0.2\"})","location":null,"status":"passed","title":"if userAgent is not android ({\"browser\":\"line\",\"device\":\"ipad pro 2018\",\"inAppBrowser\":true,\"os\":\"ios\",\"osVersion\":\"13.3\",\"userAgent\":\"Mozilla/5.0 (iPad; CPU OS 13_3 like Mac OS X) AppleWebKit/605.1.15 (KHTML, like Gecko) Mobile/15E148 Safari Line/10.0.2\"})"},{"ancestorTitles":["should return false"],"failureMessages":[],"fullName":"should return false if userAgent is not android ({\"browser\":\"edge\",\"device\":\"ipad pro 2018\",\"inAppBrowser\":false,\"os\":\"ios\",\"osVersion\":\"13.3\",\"userAgent\":\"Mozilla/5.0 (iPad; CPU OS 13_3 like Mac OS X) AppleWebKit/605.1.15 (KHTML, like Gecko) Version/13.0 EdgiOS/44.11.15 Mobile/15E148 Safari/605.1.15\"})","location":null,"status":"passed","title":"if userAgent is not android ({\"browser\":\"edge\",\"device\":\"ipad pro 2018\",\"inAppBrowser\":false,\"os\":\"ios\",\"osVersion\":\"13.3\",\"userAgent\":\"Mozilla/5.0 (iPad; CPU OS 13_3 like Mac OS X) AppleWebKit/605.1.15 (KHTML, like Gecko) Version/13.0 EdgiOS/44.11.15 Mobile/15E148 Safari/605.1.15\"})"},{"ancestorTitles":["should return false"],"failureMessages":[],"fullName":"should return false if userAgent is not android ({\"browser\":\"firefox\",\"device\":\"pc\",\"inAppBrowser\":false,\"os\":\"windows\",\"osVersion\":\"10.0\",\"userAgent\":\"Mozilla/5.0 (Windows NT 10.0; Win64; x64; rv:72.0) Gecko/20100101 Firefox/72.0\"})","location":null,"status":"passed","title":"if userAgent is not android ({\"browser\":\"firefox\",\"device\":\"pc\",\"inAppBrowser\":false,\"os\":\"windows\",\"osVersion\":\"10.0\",\"userAgent\":\"Mozilla/5.0 (Windows NT 10.0; Win64; x64; rv:72.0) Gecko/20100101 Firefox/72.0\"})"},{"ancestorTitles":["should return false"],"failureMessages":[],"fullName":"should return false if userAgent is not android ({\"browser\":\"edge\",\"device\":\"pc\",\"inAppBrowser\":false,\"os\":\"windows\",\"osVersion\":\"10.0\",\"userAgent\":\"Mozilla/5.0 (Windows NT 10.0; Win64; x64) AppleWebKit/537.36 (KHTML, like Gecko) Chrome/80.0.3987.87 Safari/537.36 Edg/80.0.361.48\"})","location":null,"status":"passed","title":"if userAgent is not android ({\"browser\":\"edge\",\"device\":\"pc\",\"inAppBrowser\":false,\"os\":\"windows\",\"osVersion\":\"10.0\",\"userAgent\":\"Mozilla/5.0 (Windows NT 10.0; Win64; x64) AppleWebKit/537.36 (KHTML, like Gecko) Chrome/80.0.3987.87 Safari/537.36 Edg/80.0.361.48\"})"},{"ancestorTitles":["should return false"],"failureMessages":[],"fullName":"should return false if userAgent is not android ({\"browser\":\"chrome\",\"device\":\"pc\",\"inAppBrowser\":false,\"os\":\"windows\",\"osVersion\":\"10.0\",\"userAgent\":\"Mozilla/5.0 (Windows NT 10.0; Win64; x64) AppleWebKit/537.36 (KHTML, like Gecko) Chrome/79.0.3945.130 Safari/537.36\"})","location":null,"status":"passed","title":"if userAgent is not android ({\"browser\":\"chrome\",\"device\":\"pc\",\"inAppBrowser\":false,\"os\":\"windows\",\"osVersion\":\"10.0\",\"userAgent\":\"Mozilla/5.0 (Windows NT 10.0; Win64; x64) AppleWebKit/537.36 (KHTML, like Gecko) Chrome/79.0.3945.130 Safari/537.36\"})"},{"ancestorTitles":["should return false"],"failureMessages":[],"fullName":"should return false if userAgent is not android ({\"browser\":\"internet explorer 11\",\"device\":\"pc\",\"inAppBrowser\":false,\"os\":\"windows\",\"osVersion\":\"10.0\",\"userAgent\":\"Mozilla/5.0 (Windows NT 10.0; WOW64; Trident/7.0; .NET4.0C; .NET4.0E; .NET CLR 2.0.50727; .NET CLR 3.0.30729; .NET CLR 3.5.30729; rv:11.0) like Gecko\"})","location":null,"status":"passed","title":"if userAgent is not android ({\"browser\":\"internet explorer 11\",\"device\":\"pc\",\"inAppBrowser\":false,\"os\":\"windows\",\"osVersion\":\"10.0\",\"userAgent\":\"Mozilla/5.0 (Windows NT 10.0; WOW64; Trident/7.0; .NET4.0C; .NET4.0E; .NET CLR 2.0.50727; .NET CLR 3.0.30729; .NET CLR 3.5.30729; rv:11.0) like Gecko\"})"},{"ancestorTitles":["should return false"],"failureMessages":[],"fullName":"should return false if userAgent is not android ({\"browser\":\"internet explorer 10\",\"device\":\"pc\",\"inAppBrowser\":false,\"os\":\"windows\",\"osVersion\":\"10.0\",\"userAgent\":\"Mozilla/5.0 (compatible; MSIE 10.0; Windows NT 10.0; WOW64; Trident/7.0; .NET4.0C; .NET4.0E; .NET CLR 2.0.50727; .NET CLR 3.0.30729; .NET CLR 3.5.30729)\"})","location":null,"status":"passed","title":"if userAgent is not android ({\"browser\":\"internet explorer 10\",\"device\":\"pc\",\"inAppBrowser\":false,\"os\":\"windows\",\"osVersion\":\"10.0\",\"userAgent\":\"Mozilla/5.0 (compatible; MSIE 10.0; Windows NT 10.0; WOW64; Trident/7.0; .NET4.0C; .NET4.0E; .NET CLR 2.0.50727; .NET CLR 3.0.30729; .NET CLR 3.5.30729)\"})"},{"ancestorTitles":["should return false"],"failureMessages":[],"fullName":"should return false if userAgent is not android ({\"browser\":\"internet explorer 9\",\"device\":\"pc\",\"inAppBrowser\":false,\"os\":\"windows\",\"osVersion\":\"10.0\",\"userAgent\":\"Mozilla/5.0 (compatible; MSIE 9.0; Windows NT 10.0; WOW64; Trident/7.0; .NET4.0C; .NET4.0E; .NET CLR 2.0.50727; .NET CLR 3.0.30729; .NET CLR 3.5.30729)\"})","location":null,"status":"passed","title":"if userAgent is not android ({\"browser\":\"internet explorer 9\",\"device\":\"pc\",\"inAppBrowser\":false,\"os\":\"windows\",\"osVersion\":\"10.0\",\"userAgent\":\"Mozilla/5.0 (compatible; MSIE 9.0; Windows NT 10.0; WOW64; Trident/7.0; .NET4.0C; .NET4.0E; .NET CLR 2.0.50727; .NET CLR 3.0.30729; .NET CLR 3.5.30729)\"})"},{"ancestorTitles":["should return false"],"failureMessages":[],"fullName":"should return false if userAgent is not android ({\"browser\":\"internet explorer 8\",\"device\":\"pc\",\"inAppBrowser\":false,\"os\":\"windows\",\"osVersion\":\"10.0\",\"userAgent\":\"Mozilla/4.0 (compatible; MSIE 8.0; Windows NT 10.0; WOW64; Trident/7.0; .NET4.0C; .NET4.0E; .NET CLR 2.0.50727; .NET CLR 3.0.30729; .NET CLR 3.5.30729)\"})","location":null,"status":"passed","title":"if userAgent is not android ({\"browser\":\"internet explorer 8\",\"device\":\"pc\",\"inAppBrowser\":false,\"os\":\"windows\",\"osVersion\":\"10.0\",\"userAgent\":\"Mozilla/4.0 (compatible; MSIE 8.0; Windows NT 10.0; WOW64; Trident/7.0; .NET4.0C; .NET4.0E; .NET CLR 2.0.50727; .NET CLR 3.0.30729; .NET CLR 3.5.30729)\"})"},{"ancestorTitles":["should return false"],"failureMessages":[],"fullName":"should return false if userAgent is not android ({\"browser\":\"internet explorer 7\",\"device\":\"pc\",\"inAppBrowser\":false,\"os\":\"windows\",\"osVersion\":\"10.0\",\"userAgent\":\"Mozilla/4.0 (compatible; MSIE 7.0; Windows NT 10.0; WOW64; Trident/7.0; .NET4.0C; .NET4.0E; .NET CLR 2.0.50727; .NET CLR 3.0.30729; .NET CLR 3.5.30729)\"})","location":null,"status":"passed","title":"if userAgent is not android ({\"browser\":\"internet explorer 7\",\"device\":\"pc\",\"inAppBrowser\":false,\"os\":\"windows\",\"osVersion\":\"10.0\",\"userAgent\":\"Mozilla/4.0 (compatible; MSIE 7.0; Windows NT 10.0; WOW64; Trident/7.0; .NET4.0C; .NET4.0E; .NET CLR 2.0.50727; .NET CLR 3.0.30729; .NET CLR 3.5.30729)\"})"},{"ancestorTitles":["should return false"],"failureMessages":[],"fullName":"should return false if userAgent is not android ({\"browser\":\"safari\",\"device\":\"iphone xr\",\"inAppBrowser\":false,\"os\":\"ios\",\"osVersion\":\"13.3.1\",\"userAgent\":\"Mozilla/5.0 (iPhone; CPU iPhone OS 13_3_1 like Mac OS X) AppleWebKit/605.1.15 (KHTML, like Gecko) Version/13.0.5 Mobile/15E148 Safari/604.1\"})","location":null,"status":"passed","title":"if userAgent is not android ({\"browser\":\"safari\",\"device\":\"iphone xr\",\"inAppBrowser\":false,\"os\":\"ios\",\"osVersion\":\"13.3.1\",\"userAgent\":\"Mozilla/5.0 (iPhone; CPU iPhone OS 13_3_1 like Mac OS X) AppleWebKit/605.1.15 (KHTML, like Gecko) Version/13.0.5 Mobile/15E148 Safari/604.1\"})"},{"ancestorTitles":["should return false"],"failureMessages":[],"fullName":"should return false if userAgent is not android ({\"browser\":\"safari\",\"device\":\"iphone 11\",\"inAppBrowser\":false,\"os\":\"ios\",\"osVersion\":\"13.3.1\",\"userAgent\":\"Mozilla/5.0 (iPhone; CPU iPhone OS 13_3_1 like Mac OS X) AppleWebKit/605.1.15 (KHTML, like Gecko) Version/13.0.5 Mobile/15E148 Safari/604.1\"})","location":null,"status":"passed","title":"if userAgent is not android ({\"browser\":\"safari\",\"device\":\"iphone 11\",\"inAppBrowser\":false,\"os\":\"ios\",\"osVersion\":\"13.3.1\",\"userAgent\":\"Mozilla/5.0 (iPhone; CPU iPhone OS 13_3_1 like Mac OS X) AppleWebKit/605.1.15 (KHTML, like Gecko) Version/13.0.5 Mobile/15E148 Safari/604.1\"})"},{"ancestorTitles":["should return false"],"failureMessages":[],"fullName":"should return false if userAgent is not android ({\"browser\":\"safari\",\"device\":\"iphone 11 pro max\",\"inAppBrowser\":false,\"os\":\"ios\",\"osVersion\":\"13.3.1\",\"userAgent\":\"Mozilla/5.0 (iPhone; CPU iPhone OS 13_3_1 like Mac OS X) AppleWebKit/605.1.15 (KHTML, like Gecko) Version/13.0.5 Mobile/15E148 Safari/604.1\"})","location":null,"status":"passed","title":"if userAgent is not android ({\"browser\":\"safari\",\"device\":\"iphone 11 pro max\",\"inAppBrowser\":false,\"os\":\"ios\",\"osVersion\":\"13.3.1\",\"userAgent\":\"Mozilla/5.0 (iPhone; CPU iPhone OS 13_3_1 like Mac OS X) AppleWebKit/605.1.15 (KHTML, like Gecko) Version/13.0.5 Mobile/15E148 Safari/604.1\"})"},{"ancestorTitles":["should return false"],"failureMessages":[],"fullName":"should return false if userAgent is not android ({\"browser\":\"safari\",\"device\":\"iphone 11 pro\",\"inAppBrowser\":false,\"os\":\"ios\",\"osVersion\":\"13.3.1\",\"userAgent\":\"Mozilla/5.0 (iPhone; CPU iPhone OS 13_3_1 like Mac OS X) AppleWebKit/605.1.15 (KHTML, like Gecko) Version/13.0.5 Mobile/15E148 Safari/604.1\"})","location":null,"status":"passed","title":"if userAgent is not android ({\"browser\":\"safari\",\"device\":\"iphone 11 pro\",\"inAppBrowser\":false,\"os\":\"ios\",\"osVersion\":\"13.3.1\",\"userAgent\":\"Mozilla/5.0 (iPhone; CPU iPhone OS 13_3_1 like Mac OS X) AppleWebKit/605.1.15 (KHTML, like Gecko) Version/13.0.5 Mobile/15E148 Safari/604.1\"})"},{"ancestorTitles":["should return false"],"failureMessages":[],"fullName":"should return false if userAgent is not android ({\"browser\":\"safari\",\"device\":\"ipad mini\",\"inAppBrowser\":false,\"os\":\"ios\",\"osVersion\":\"13.3.1\",\"userAgent\":\"Mozilla/5.0 (iPad; CPU OS 13_3_1 like Mac OS X) AppleWebKit/605.1.15 (KHTML, like Gecko) Version/13.0.5 Mobile/15E148 Safari/604.1\"})","location":null,"status":"passed","title":"if userAgent is not android ({\"browser\":\"safari\",\"device\":\"ipad mini\",\"inAppBrowser\":false,\"os\":\"ios\",\"osVersion\":\"13.3.1\",\"userAgent\":\"Mozilla/5.0 (iPad; CPU OS 13_3_1 like Mac OS X) AppleWebKit/605.1.15 (KHTML, like Gecko) Version/13.0.5 Mobile/15E148 Safari/604.1\"})"},{"ancestorTitles":["should return false"],"failureMessages":[],"fullName":"should return false if userAgent is not android ({\"browser\":\"safari\",\"device\":\"macbook pro 16\",\"inAppBrowser\":false,\"os\":\"macos\",\"osVersion\":\"10.15.3\",\"userAgent\":\"Mozilla/5.0 (Macintosh; Intel Mac OS X 10_15_3) AppleWebKit/605.1.15 (KHTML, like Gecko) Version/13.0.5 Safari/605.1.15\"})","location":null,"status":"passed","title":"if userAgent is not android ({\"browser\":\"safari\",\"device\":\"macbook pro 16\",\"inAppBrowser\":false,\"os\":\"macos\",\"osVersion\":\"10.15.3\",\"userAgent\":\"Mozilla/5.0 (Macintosh; Intel Mac OS X 10_15_3) AppleWebKit/605.1.15 (KHTML, like Gecko) Version/13.0.5 Safari/605.1.15\"})"},{"ancestorTitles":["should return false"],"failureMessages":[],"fullName":"should return false if userAgent is not android ({\"browser\":\"chrome\",\"device\":\"microsoft surface studio 2\",\"inAppBrowser\":false,\"os\":\"windows\",\"osVersion\":\"10.0\",\"userAgent\":\"Mozilla/5.0 (Windows NT 10.0; Win64; x64) AppleWebKit/537.36 (KHTML, like Gecko) Chrome/80.0.3987.122 Safari/537.36\"})","location":null,"status":"passed","title":"if userAgent is not android ({\"browser\":\"chrome\",\"device\":\"microsoft surface studio 2\",\"inAppBrowser\":false,\"os\":\"windows
[...]
],"failureMessages":[],"fullName":"should return true if the email is valid (\"geon@ihateregex.io\")","location":null,"status":"passed","title":"if the email is valid (\"geon@ihateregex.io\")"},{"ancestorTitles":["should return true"],"failureMessages":[],"fullName":"should return true if the email is valid (\"test@gmail.com\")","location":null,"status":"passed","title":"if the email is valid (\"test@gmail.com\")"},{"ancestorTitles":["should return true"],"failureMessages":[],"fullName":"should return true if the email is valid (\"mail@test.org\")","location":null,"status":"passed","title":"if the email is valid (\"mail@test.org\")"},{"ancestorTitles":["should return true"],"failureMessages":[],"fullName":"should return true if the email is valid (\"mail@testing.com\")","location":null,"status":"passed","title":"if the email is valid (\"mail@testing.com\")"},{"ancestorTitles":["should return false"],"failureMessages":[],"fullName":"should return false if the email isn't valid (\"hello@\")","location":null,"status":"passed","title":"if the email isn't valid (\"hello@\")"},{"ancestorTitles":["should return false"],"failureMessages":[],"fullName":"should return false if the email isn't valid (\"@test\")","location":null,"status":"passed","title":"if the email isn't valid (\"@test\")"},{"ancestorTitles":["should return false"],"failureMessages":[],"fullName":"should return false if the email isn't valid (\"email@gmail\")","location":null,"status":"passed","title":"if the email isn't valid (\"email@gmail\")"},{"ancestorTitles":["should return false"],"failureMessages":[],"fullName":"should return false if the email isn't valid (\"theproblem@\")","location":null,"status":"passed","title":"if the email isn't valid (\"theproblem@\")"}],"endTime":1623057236164,"message":"","name":"/Users/letea/Program/function-library/checkIsEmailValid/test.js","startTime":1623057236055,"status":"passed","summary":""},{"assertionResults":[{"ancestorTitles":["should return true"],"failureMessages":[],"fullName":"should return true if the argument is an object ({})","location":null,"status":"passed","title":"if the argument is an object ({})"},{"ancestorTitles":["should return false"],"failureMessages":[],"fullName":"should return false if the argument isn't an object (null)","location":null,"status":"passed","title":"if the argument isn't an object (null)"},{"ancestorTitles":["should return false"],"failureMessages":[],"fullName":"should return false if the argument isn't an object (undefined)","location":null,"status":"passed","title":"if the argument isn't an object (undefined)"},{"ancestorTitles":["should return false"],"failureMessages":[],"fullName":"should return false if the argument isn't an object (null)","location":null,"status":"passed","title":"if the argument isn't an object (null)"},{"ancestorTitles":["should return false"],"failureMessages":[],"fullName":"should return false if the argument isn't an object (null)","location":null,"status":"passed","title":"if the argument isn't an object (null)"},{"ancestorTitles":["should return false"],"failureMessages":[],"fullName":"should return false if the argument isn't an object (\"123\")","location":null,"status":"passed","title":"if the argument isn't an object (\"123\")"},{"ancestorTitles":["should return false"],"failureMessages":[],"fullName":"should return false if the argument isn't an object (123)","location":null,"status":"passed","title":"if the argument isn't an object (123)"},{"ancestorTitles":["should return false"],"failureMessages":[],"fullName":"should return false if the argument isn't an object ([])","location":null,"status":"passed","title":"if the argument isn't an object ([])"}],"endTime":1623057236183,"message":"","name":"/Users/letea/Program/function-library/checkIsObject/test.js","startTime":1623057236066,"status":"passed","summary":""},{"assertionResults":[{"ancestorTitles":[],"failureMessages":[],"fullName":"Add setUserAgent test case.","location":null,"status":"todo","title":"Add setUserAgent test case."}],"endTime":1623057236202,"message":"","name":"/Users/letea/Program/function-library/setUserAgent/test.js","startTime":1623057236114,"status":"passed","summary":""},{"assertionResults":[{"ancestorTitles":["should return an array with truly values"],"failureMessages":[],"fullName":"should return an array with truly values if the argument is valid ([0,\"test\",\"\",null,9,true,null,false,null,{},[]])","location":null,"status":"passed","title":"if the argument is valid ([0,\"test\",\"\",null,9,true,null,false,null,{},[]])"},{"ancestorTitles":["should return an empty array"],"failureMessages":[],"fullName":"should return an empty array if the argument is not valid (1)","location":null,"status":"passed","title":"if the argument is not valid (1)"},{"ancestorTitles":["should return an empty array"],"failureMessages":[],"fullName":"should return an empty array if the argument is not valid (\"\")","location":null,"status":"passed","title":"if the argument is not valid (\"\")"},{"ancestorTitles":["should return an empty array"],"failureMessages":[],"fullName":"should return an empty array if the argument is not valid ({})","location":null,"status":"passed","title":"if the argument is not valid ({})"}],"endTime":1623057236224,"message":"","name":"/Users/letea/Program/function-library/getTrulyArray/test.js","startTime":1623057236120,"status":"passed","summary":""},{"assertionResults":[{"ancestorTitles":["should return"],"failureMessages":[],"fullName":"should return an intersection array","location":null,"status":"passed","title":"an intersection array"},{"ancestorTitles":["should return an empty array"],"failureMessages":[],"fullName":"should return an empty array if one of the argument are empty array","location":null,"status":"passed","title":"if one of the argument are empty array"}],"endTime":1623057236242,"message":"","name":"/Users/letea/Program/function-library/getIntersectionArray/test.js","startTime":1623057236115,"status":"passed","summary":""},{"assertionResults":[{"ancestorTitles":[],"failureMessages":[],"fullName":"mock window and document","location":null,"status":"todo","title":"mock window and document"}],"endTime":1623057236252,"message":"","name":"/Users/letea/Program/function-library/checkIsBrowser/test.js","startTime":1623057236144,"status":"passed","summary":""},{"assertionResults":[{"ancestorTitles":["should return true"],"failureMessages":[],"fullName":"should return true if the parameter is absolute URL. (\"https://google.com\")","location":null,"status":"passed","title":"if the parameter is absolute URL. (\"https://google.com\")"},{"ancestorTitles":["should return true"],"failureMessages":[],"fullName":"should return true if the parameter is absolute URL. (\"ftp://www.myserver.net\")","location":null,"status":"passed","title":"if the parameter is absolute URL. (\"ftp://www.myserver.net\")"},{"ancestorTitles":["should return false"],"failureMessages":[],"fullName":"should return false if the parameter is relative URL (\"/foo\")","location":null,"status":"passed","title":"if the parameter is relative URL (\"/foo\")"},{"ancestorTitles":["should return false"],"failureMessages":[],"fullName":"should return false if the parameter is relative URL (\"/foo/bar\")","location":null,"status":"passed","title":"if the parameter is relative URL (\"/foo/bar\")"}],"endTime":1623057236267,"message":"","name":"/Users/letea/Program/function-library/checkIsAbsoluteURL/test.js","startTime":1623057236173,"status":"passed","summary":""},{"assertionResults":[{"ancestorTitles":["should return true"],"failureMessages":[],"fullName":"should return true if the object is empty ({})","location":null,"status":"passed","title":"if the object is empty ({})"},{"ancestorTitles":["should return false"],"failureMessages":[],"fullName":"should return false if the object is not empty ({\"a\":1})","location":null,"status":"passed","title":"if the object is not empty ({\"a\":1})"},{"ancestorTitles":["should throw an error"],"failureMessages":[],"fullName":"should throw an error if the argument isn't an object (null)","location":null,"status":"passed","title":"if the argument isn't an object (null)"},{"ancestorTitles":["should throw an error"],"failureMessages":[],"fullName":"should throw an error if the argument isn't an object (undefined)","location":null,"status":"passed","title":"if the argument isn't an object (undefined)"},{"ancestorTitles":["should throw an error"],"failureMessages":[],"fullName":"should throw an error if the argument isn't an object (null)","location":null,"status":"passed","title":"if the argument isn't an object (null)"},{"ancestorTitles":["should throw an error"],"failureMessages":[],"fullName":"should throw an error if the argument isn't an object (null)","location":null,"status":"passed","title":"if the argument isn't an object (null)"},{"ancestorTitles":["should throw an error"],"failureMessages":[],"fullName":"should throw an error if the argument isn't an object (\"123\")","location":null,"status":"passed","title":"if the argument isn't an object (\"123\")"},{"ancestorTitles":["should throw an error"],"failureMessages":[],"fullName":"should throw an error if the argument isn't an object (123)","location":null,"status":"passed","title":"if the argument isn't an object (123)"},{"ancestorTitles":["should throw an error"],"failureMessages":[],"fullName":"should throw an error if the argument isn't an object ([])","location":null,"status":"passed","title":"if the argument isn't an object ([])"}],"endTime":1623057236300,"message":"","name":"/Users/letea/Program/function-library/checkIsObjectEmpty/test.js","startTime":1623057236167,"status":"passed","summary":""},{"assertionResults":[{"ancestorTitles":["should return an reversed array"],"failureMessages":[],"fullName":"should return an reversed array if the argument is valid. ([5,4,3,2,1])","location":null,"status":"passed","title":"if the argument is valid. ([5,4,3,2,1])"}],"endTime":1623057236300,"message":"","name":"/Users/letea/Program/function-library/getReverseArray/test.js","startTime":1623057236207,"status":"passed","summary":""},{"assertionResults":[{"ancestorTitles":["should return a file url."],"failureMessages":[],"fullName":"should return a file url. if argument is a valid path (\"storybook.letea.me/issue-img-webp.jpg\")","location":null,"status":"passed","title":"if argument is a valid path (\"storybook.letea.me/issue-img-webp.jpg\")"},{"ancestorTitles":["should return an empty string"],"failureMessages":[],"fullName":"should return an empty string if argument is not string (1)","location":null,"status":"passed","title":"if argument is not string (1)"},{"ancestorTitles":["should return an empty string"],"failureMessages":[],"fullName":"should return an empty string if argument is not string ({})","location":null,"status":"passed","title":"if argument is not string ({})"},{"ancestorTitles":["should return an empty string"],"failureMessages":[],"fullName":"should return an empty string if argument is not string ([])","location":null,"status":"passed","title":"if argument is not string ([])"}],"endTime":1623057236308,"message":"","name":"/Users/letea/Program/function-library/getGoogleCloudStorageFile/test.js","startTime":1623057236192,"status":"passed","summary":""},{"assertionResults":[{"ancestorTitles":["should return true"],"failureMessages":[],"fullName":"should return true if the mobile number is valid (\"0912345678\")","location":null,"status":"passed","title":"if the mobile number is valid (\"0912345678\")"},{"ancestorTitles":["should return true"],"failureMessages":[],"fullName":"should return true if the mobile number is valid (\"0912-345-678\")","location":null,"status":"passed","title":"if the mobile number is valid (\"0912-345-678\")"},{"ancestorTitles":["should return true"],"failureMessages":[],"fullName":"should return true if the mobile number is valid (\"+8860912345678\")","location":null,"status":"passed","title":"if the mobile number is valid (\"+8860912345678\")"},{"ancestorTitles":["should return true"],"failureMessages":[],"fullName":"should return true if the mobile number is valid (\"+886912345678\")","location":null,"status":"passed","title":"if the mobile number is valid (\"+886912345678\")"},{"ancestorTitles":["should return true"],"failureMessages":[],"fullName":"should return true if the mobile number is valid (\"+886912-345-678\")","location":null,"status":"passed","title":"if the mobile number is valid (\"+886912-345-678\")"},{"ancestorTitles":["should return false"],"failureMessages":[],"fullName":"should return false if the mobile number isn't valid (undefined)","location":null,"status":"passed","title":"if the mobile number isn't valid (undefined)"},{"ancestorTitles":["should return false"],"failureMessages":[],"fullName":"should return false if the mobile number isn't valid (\"09\")","location":null,"status":"passed","title":"if the mobile number isn't valid (\"09\")"},{"ancestorTitles":["should return false"],"failureMessages":[],"fullName":"should return false if the mobile number isn't valid (\"091234567\")","location":null,"status":"passed","title":"if the mobile number isn't valid (\"091234567\")"},{"ancestorTitles":["should return false"],"failureMessages":[],"fullName":"should return false if the mobile number isn't valid (\"0912-345\")","location":null,"status":"passed","title":"if the mobile number isn't valid (\"0912-345\")"},{"ancestorTitles":["should return false"],"failureMessages":[],"fullName":"should return false if the mobile number isn't valid (\"09123-45-678\")","location":null,"status":"passed","title":"if the mobile number isn't valid (\"09123-45-678\")"},{"ancestorTitles":["should return false"],"failureMessages":[],"fullName":"should return false if the mobile number isn't valid (\"0912345-678\")","location":null,"status":"passed","title":"if the mobile number isn't valid (\"0912345-678\")"},{"ancestorTitles":["should return false"],"failureMessages":[],"fullName":"should return false if the mobile number isn't valid (\"0912-345678\")","location":null,"status":"passed","title":"if the mobile number isn't valid (\"0912-345678\")"},{"ancestorTitles":["should return false"],"failureMessages":[],"fullName":"should return false if the mobile number isn't valid (\"+88609\")","location":null,"status":"passed","title":"if the mobile number isn't valid (\"+88609\")"},{"ancestorTitles":["should return false"],"failureMessages":[],"fullName":"should return false if the mobile number isn't valid (\"+886091234567\")","location":null,"status":"passed","title":"if the mobile number isn't valid (\"+886091234567\")"},{"ancestorTitles":["should return false"],"failureMessages":[],"fullName":"should return false if the mobile number isn't valid (\"+8860912-34567\")","location":null,"status":"passed","title":"if the mobile number isn't valid (\"+8860912-34567\")"}],"endTime":1623057236382,"message":"","name":"/Users/letea/Program/function-library/checkIsMobileNumberValid/test.js","startTime":1623057236260,"status":"passed","summary":""},{"assertionResults":[{"ancestorTitles":[],"failureMessages":[],"fullName":"mock document","location":null,"status":"todo","title":"mock document"}],"endTime":1623057236384,"message":"","name":"/Users/letea/Program/function-library/checkIsCanvasSupported/test.js","startTime":1623057236243,"status":"passed","summary":""},{"assertionResults":[{"ancestorTitles":[],"failureMessages":[],"fullName":"mock document","location":null,"status":"todo","title":"mock document"}],"endTime":1623057236408,"message":"","name":"/Users/letea/Program/function-library/checkIsWindowFocused/test.js","startTime":1623057236258,"status":"passed","summary":""},{"assertionResults":[{"ancestorTitles":["should return an unique array"],"failureMessages":[],"fullName":"should return an unique array if the argument is valid. ([1,2,3,2,3,5])","location":null,"status":"passed","title":"if the argument is valid. ([1,2,3,2,3,5])"},{"ancestorTitles":["should return an unique array"],"failureMessages":[],"fullName":"should return an unique array if the argument is valid. ([1,2,3,\"a\",\"b\",2,\"c\",\"a\"])","location":null,"status":"passed","title":"if the argument is valid. ([1,2,3,\"a\",\"b\",2,\"c\",\"a\"])"}],"endTime":1623057236409,"message":"","name":"/Users/letea/Program/function-library/getUniqueArray/test.js","startTime":1623057236307,"status":"passed","summary":""},{"assertionResults":[{"ancestorTitles":["should return 1 second"],"failureMessages":[],"fullName":"should return 1 second if is 1000 milliseconds (1000)","location":null,"status":"passed","title":"if is 1000 milliseconds (1000)"},{"ancestorTitles":["should throw an exception"],"failureMessages":[],"fullName":"should throw an exception if there is invalid argument ([])","location":null,"status":"passed","title":"if there is invalid argument ([])"},{"ancestorTitles":["should throw an exception"],"failureMessages":[],"fullName":"should throw an exception if there is invalid argument ({})","location":null,"status":"passed","title":"if there is invalid argument ({})"},{"ancestorTitles":["should throw an exception"],"failureMessages":[],"fullName":"should throw an exception if there is invalid argument (null)","location":null,"status":"passed","title":"if there is invalid argument (null)"},{"ancestorTitles":["should throw an exception"],"failureMessages":[],"fullName":"should throw an exception if there is invalid argument (undefined)","location":null,"status":"passed","title":"if there is invalid argument (undefined)"}],"endTime":1623057236419,"message":"","name":"/Users/letea/Program/function-library/getSecondsFromMilliseconds/test.js","startTime":1623057236272,"status":"passed","summary":""},{"assertionResults":[{"ancestorTitles":["should return an shuffled array"],"failureMessages":[],"fullName":"should return an shuffled array if the argument is valid. ([5,4,3,2,1])","location":null,"status":"passed","title":"if the argument is valid. ([5,4,3,2,1])"}],"endTime":1623057236425,"message":"","name":"/Users/letea/Program/function-library/getShuffleArray/test.js","startTime":1623057236305,"status":"passed","summary":""},{"assertionResults":[{"ancestorTitles":["should return an array with duplicate values in the original array"],"failureMessages":[],"fullName":"should return an array with duplicate values in the original array if the argument is valid. ([1,2,3,2,3,5])","location":null,"status":"passed","title":"if the argument is valid. ([1,2,3,2,3,5])"}],"endTime":1623057236435,"message":"","name":"/Users/letea/Program/function-library/getDuplicateValuesFromArray/test.js","startTime":1623057236321,"status":"passed","summary":""},{"assertionResults":[{"ancestorTitles":[],"failureMessages":[],"fullName":"Add setDocumentAttritube test case.","location":null,"status":"todo","title":"Add setDocumentAttritube test case."}],"endTime":1623057236474,"message":"","name":"/Users/letea/Program/function-library/setDocumentAttribute/test.js","startTime":1623057236391,"status":"passed","summary":""},{"assertionResults":[{"ancestorTitles":["should return simple chinese"],"failureMessages":[],"fullName":"should return simple chinese if the argument is traditional chinese (\"繁體字、簡體字\")","location":null,"status":"passed","title":"if the argument is traditional chinese (\"繁體字、簡體字\")"}],"endTime":1623057236476,"message":"","name":"/Users/letea/Program/function-library/getSimpleChinese/test.js","startTime":1623057236391,"status":"passed","summary":""},{"assertionResults":[{"ancestorTitles":["should return traditional chinese"],"failureMessages":[],"fullName":"should return traditional chinese if the argument is simple chinese (\"繁体字、简体字\")","location":null,"status":"passed","title":"if the argument is simple chinese (\"繁体字、简体字\")"}],"endTime":1623057236490,"message":"","name":"/Users/letea/Program/function-library/getTraditionalChinese/test.js","startTime":1623057236414,"status":"passed","summary":""}],"wasInterrupted":false}