{"numFailedTestSuites":0,"numFailedTests":0,"numPassedTestSuites":74,"numPassedTests":1126,"numPendingTestSuites":0,"numPendingTests":0,"numRuntimeErrorTestSuites":0,"numTodoTests":8,"numTotalTestSuites":74,"numTotalTests":1134,"openHandles":[],"snapshot":{"added":0,"didUpdate":false,"failure":false,"filesAdded":0,"filesRemoved":0,"filesRemovedList":[],"filesUnmatched":0,"filesUpdated":0,"matched":0,"total":0,"unchecked":0,"uncheckedKeysByFile":[],"unmatched":0,"updated":0},"startTime":1615040376689,"success":true,"testResults":[{"assertionResults":[{"ancestorTitles":["should return a link"],"failureMessages":[],"fullName":"should return a link if the argument is not empty string","location":null,"status":"passed","title":"if the argument is not empty string"},{"ancestorTitles":["should return a link"],"failureMessages":[],"fullName":"should return a link if there is no argument, it will return with location origin and pathname","location":null,"status":"passed","title":"if there is no argument, it will return with location origin and pathname"}],"endTime":1615040391105,"message":"","name":"/mnt/c/Users/letea/Documents/Program/function-library/getShareToLineLink/test.js","startTime":1615040386446,"status":"passed","summary":""},{"assertionResults":[{"ancestorTitles":["should return"],"failureMessages":[],"fullName":"should return a value from example","location":null,"status":"passed","title":"a value from example"},{"ancestorTitles":["should return undefined"],"failureMessages":[],"fullName":"should return undefined if can't find the value","location":null,"status":"passed","title":"if can't find the value"},{"ancestorTitles":["should return undefined"],"failureMessages":[],"fullName":"should return undefined if argument is not an object","location":null,"status":"passed","title":"if argument is not an object"}],"endTime":1615040391230,"message":"","name":"/mnt/c/Users/letea/Documents/Program/function-library/getObjectValue/test.js","startTime":1615040386446,"status":"passed","summary":""},{"assertionResults":[{"ancestorTitles":["should return true"],"failureMessages":[],"fullName":"should return true if userAgent is InApp Browser by Facebook ({\"browser\":\"facebook\",\"device\":\"iphone\",\"inAppBrowser\":true,\"os\":\"ios\",\"osVersion\":\"13.3\",\"userAgent\":\"Mozilla/5.0 (iPhone; CPU iPhone OS 13_3 like Mac OS X) AppleWebKit/605.1.15 (KHTML, like Gecko) Mobile/15E148 [FBAN/FBIOS;FBDV/iPhone9,3;FBMD/iPhone;FBSN/iOS;FBSV/13.3;FBSS/2;FBID/phone;FBLC/zh_TW;FBOP/5;FBCR/&#20013-&#33775-&#38651-&#20449-]\"})","location":null,"status":"passed","title":"if userAgent is InApp Browser by Facebook ({\"browser\":\"facebook\",\"device\":\"iphone\",\"inAppBrowser\":true,\"os\":\"ios\",\"osVersion\":\"13.3\",\"userAgent\":\"Mozilla/5.0 (iPhone; CPU iPhone OS 13_3 like Mac OS X) AppleWebKit/605.1.15 (KHTML, like Gecko) Mobile/15E148 [FBAN/FBIOS;FBDV/iPhone9,3;FBMD/iPhone;FBSN/iOS;FBSV/13.3;FBSS/2;FBID/phone;FBLC/zh_TW;FBOP/5;FBCR/&#20013-&#33775-&#38651-&#20449-]\"})"},{"ancestorTitles":["should return true"],"failureMessages":[],"fullName":"should return true if userAgent is InApp Browser by Facebook ({\"browser\":\"facebook\",\"device\":\"htc 10\",\"inAppBrowser\":true,\"os\":\"android\",\"osVersion\":\"8.0.0\",\"userAgent\":\"Mozilla/5.0 (Linux; Android 8.0.0; HTC_M10h Build/OPR1.170623.027; wv) AppleWebKit/537.36 (KHTML, like Gecko) Version/4.0 Chrome/79.0.3945.136 Mobile Safari/537.36 [FB_IAB/FB4A;FBAV/255.0.0.33.121;]\"})","location":null,"status":"passed","title":"if userAgent is InApp Browser by Facebook ({\"browser\":\"facebook\",\"device\":\"htc 10\",\"inAppBrowser\":true,\"os\":\"android\",\"osVersion\":\"8.0.0\",\"userAgent\":\"Mozilla/5.0 (Linux; Android 8.0.0; HTC_M10h Build/OPR1.170623.027; wv) AppleWebKit/537.36 (KHTML, like Gecko) Version/4.0 Chrome/79.0.3945.136 Mobile Safari/537.36 [FB_IAB/FB4A;FBAV/255.0.0.33.121;]\"})"},{"ancestorTitles":["should return true"],"failureMessages":[],"fullName":"should return true if userAgent is InApp Browser by Facebook ({\"browser\":\"facebook\",\"device\":\"ipad pro 2018\",\"inAppBrowser\":true,\"os\":\"ios\",\"osVersion\":\"13.3\",\"userAgent\":\"Mozilla/5.0 (iPad; CPU OS 13_3 like Mac OS X) AppleWebKit/605.1.15 (KHTML, like Gecko) Mobile/15E148 [FBAN/FBIOS;FBDV/iPad8,1;FBMD/iPad;FBSN/iOS;FBSV/13.3;FBSS/2;FBID/tablet;FBLC/zh_TW;FBOP/5;FBCR/]\"})","location":null,"status":"passed","title":"if userAgent is InApp Browser by Facebook ({\"browser\":\"facebook\",\"device\":\"ipad pro 2018\",\"inAppBrowser\":true,\"os\":\"ios\",\"osVersion\":\"13.3\",\"userAgent\":\"Mozilla/5.0 (iPad; CPU OS 13_3 like Mac OS X) AppleWebKit/605.1.15 (KHTML, like Gecko) Mobile/15E148 [FBAN/FBIOS;FBDV/iPad8,1;FBMD/iPad;FBSN/iOS;FBSV/13.3;FBSS/2;FBID/tablet;FBLC/zh_TW;FBOP/5;FBCR/]\"})"},{"ancestorTitles":["should return false"],"failureMessages":[],"fullName":"should return false if userAgent is not InApp Browser By Facebook ({\"browser\":\"chrome\",\"device\":\"iphone\",\"inAppBrowser\":false,\"os\":\"ios\",\"osVersion\":\"13.3\",\"userAgent\":\"Mozilla/5.0 (iPhone; CPU iPhone OS 13_3 like Mac OS X) AppleWebKit/605.1.15 (KHTML, like Gecko) CriOS/79.0.3945.73 Mobile/15E148 Safari/604.1\"})","location":null,"status":"passed","title":"if userAgent is not InApp Browser By Facebook ({\"browser\":\"chrome\",\"device\":\"iphone\",\"inAppBrowser\":false,\"os\":\"ios\",\"osVersion\":\"13.3\",\"userAgent\":\"Mozilla/5.0 (iPhone; CPU iPhone OS 13_3 like Mac OS X) AppleWebKit/605.1.15 (KHTML, like Gecko) CriOS/79.0.3945.73 Mobile/15E148 Safari/604.1\"})"},{"ancestorTitles":["should return false"],"failureMessages":[],"fullName":"should return false if userAgent is not InApp Browser By Facebook ({\"browser\":\"line\",\"device\":\"iphone\",\"inAppBrowser\":true,\"os\":\"ios\",\"osVersion\":\"13.3\",\"userAgent\":\"Mozilla/5.0 (iPhone; CPU iPhone OS 13_3 like Mac OS X) AppleWebKit/605.1.15 (KHTML, like Gecko) Mobile/15E148 Safari Line/10.0.2\"})","location":null,"status":"passed","title":"if userAgent is not InApp Browser By Facebook ({\"browser\":\"line\",\"device\":\"iphone\",\"inAppBrowser\":true,\"os\":\"ios\",\"osVersion\":\"13.3\",\"userAgent\":\"Mozilla/5.0 (iPhone; CPU iPhone OS 13_3 like Mac OS X) AppleWebKit/605.1.15 (KHTML, like Gecko) Mobile/15E148 Safari Line/10.0.2\"})"},{"ancestorTitles":["should return false"],"failureMessages":[],"fullName":"should return false if userAgent is not InApp Browser By Facebook ({\"browser\":\"safari\",\"device\":\"iphone\",\"inAppBrowser\":false,\"os\":\"ios\",\"osVersion\":\"13.3\",\"userAgent\":\"Mozilla/5.0 (iPhone; CPU iPhone OS 13_3 like Mac OS X) AppleWebKit/605.1.15 (KHTML, like Gecko) Version/13.0.4 Mobile/15E148 Safari/604.1\"})","location":null,"status":"passed","title":"if userAgent is not InApp Browser By Facebook ({\"browser\":\"safari\",\"device\":\"iphone\",\"inAppBrowser\":false,\"os\":\"ios\",\"osVersion\":\"13.3\",\"userAgent\":\"Mozilla/5.0 (iPhone; CPU iPhone OS 13_3 like Mac OS X) AppleWebKit/605.1.15 (KHTML, like Gecko) Version/13.0.4 Mobile/15E148 Safari/604.1\"})"},{"ancestorTitles":["should return false"],"failureMessages":[],"fullName":"should return false if userAgent is not InApp Browser By Facebook ({\"browser\":\"firefox\",\"device\":\"iphone\",\"inAppBrowser\":false,\"os\":\"ios\",\"osVersion\":\"13.3\",\"userAgent\":\"Mozilla/5.0 (iPhone; CPU OS 13_3 like Mac OS X) AppleWebKit/605.1.15 (KHTML, like Gecko) FxiOS/22.0 Mobile/15E148 Safari/605.1.15\"})","location":null,"status":"passed","title":"if userAgent is not InApp Browser By Facebook ({\"browser\":\"firefox\",\"device\":\"iphone\",\"inAppBrowser\":false,\"os\":\"ios\",\"osVersion\":\"13.3\",\"userAgent\":\"Mozilla/5.0 (iPhone; CPU OS 13_3 like Mac OS X) AppleWebKit/605.1.15 (KHTML, like Gecko) FxiOS/22.0 Mobile/15E148 Safari/605.1.15\"})"},{"ancestorTitles":["should return false"],"failureMessages":[],"fullName":"should return false if userAgent is not InApp Browser By Facebook ({\"browser\":\"edge\",\"device\":\"iphone\",\"inAppBrowser\":false,\"os\":\"ios\",\"osVersion\":\"13.3\",\"userAgent\":\"Mozilla/5.0 (iPhone; CPU iPhone OS 13_3 like Mac OS X) AppleWebKit/605.1.15 (KHTML, like Gecko) Version/13.0 EdgiOS/44.11.15 Mobile/15E148 Safari/605.1.15\"})","location":null,"status":"passed","title":"if userAgent is not InApp Browser By Facebook ({\"browser\":\"edge\",\"device\":\"iphone\",\"inAppBrowser\":false,\"os\":\"ios\",\"osVersion\":\"13.3\",\"userAgent\":\"Mozilla/5.0 (iPhone; CPU iPhone OS 13_3 like Mac OS X) AppleWebKit/605.1.15 (KHTML, like Gecko) Version/13.0 EdgiOS/44.11.15 Mobile/15E148 Safari/605.1.15\"})"},{"ancestorTitles":["should return false"],"failureMessages":[],"fullName":"should return false if userAgent is not InApp Browser By Facebook ({\"browser\":\"chrome\",\"device\":\"htc 10\",\"inAppBrowser\":false,\"os\":\"android\",\"osVersion\":\"8.0.0\",\"userAgent\":\"Mozilla/5.0 (Linux; Android 8.0.0; HTC_M10h) AppleWebKit/537.36 (KHTML, like Gecko) Chrome/79.0.3945.136 Mobile Safari/537.36\"})","location":null,"status":"passed","title":"if userAgent is not InApp Browser By Facebook ({\"browser\":\"chrome\",\"device\":\"htc 10\",\"inAppBrowser\":false,\"os\":\"android\",\"osVersion\":\"8.0.0\",\"userAgent\":\"Mozilla/5.0 (Linux; Android 8.0.0; HTC_M10h) AppleWebKit/537.36 (KHTML, like Gecko) Chrome/79.0.3945.136 Mobile Safari/537.36\"})"},{"ancestorTitles":["should return false"],"failureMessages":[],"fullName":"should return false if userAgent is not InApp Browser By Facebook ({\"browser\":\"line\",\"device\":\"htc 10\",\"inAppBrowser\":true,\"os\":\"android\",\"osVersion\":\"8.0.0\",\"userAgent\":\"Mozilla/5.0 (Linux; Android 8.0.0; HTC_M10h Build/OPR1.170623.027; wv) AppleWebKit/537.36 (KHTML, like Gecko) Version/4.0 Chrome/79.0.3945.136 Mobile Safari/537.36 Line/10.1.1/IAB\"})","location":null,"status":"passed","title":"if userAgent is not InApp Browser By Facebook ({\"browser\":\"line\",\"device\":\"htc 10\",\"inAppBrowser\":true,\"os\":\"android\",\"osVersion\":\"8.0.0\",\"userAgent\":\"Mozilla/5.0 (Linux; Android 8.0.0; HTC_M10h Build/OPR1.170623.027; wv) AppleWebKit/537.36 (KHTML, like Gecko) Version/4.0 Chrome/79.0.3945.136 Mobile Safari/537.36 Line/10.1.1/IAB\"})"},{"ancestorTitles":["should return false"],"failureMessages":[],"fullName":"should return false if userAgent is not InApp Browser By Facebook ({\"browser\":\"chrome\",\"device\":\"macbook pro 13\\\"\",\"inAppBrowser\":false,\"os\":\"macos\",\"osVersion\":\"10.15.2\",\"userAgent\":\"Mozilla/5.0 (Macintosh; Intel Mac OS X 10_15_2) AppleWebKit/537.36 (KHTML, like Gecko) Chrome/79.0.3945.130 Safari/537.36\"})","location":null,"status":"passed","title":"if userAgent is not InApp Browser By Facebook ({\"browser\":\"chrome\",\"device\":\"macbook pro 13\\\"\",\"inAppBrowser\":false,\"os\":\"macos\",\"osVersion\":\"10.15.2\",\"userAgent\":\"Mozilla/5.0 (Macintosh; Intel Mac OS X 10_15_2) AppleWebKit/537.36 (KHTML, like Gecko) Chrome/79.0.3945.130 Safari/537.36\"})"},{"ancestorTitles":["should return false"],"failureMessages":[],"fullName":"should return false if userAgent is not InApp Browser By Facebook ({\"browser\":\"edge\",\"device\":\"macbook pro 13\\\"\",\"inAppBrowser\":false,\"os\":\"macos\",\"osVersion\":\"10.15.2\",\"userAgent\":\"Mozilla/5.0 (Macintosh; Intel Mac OS X 10_15_2) AppleWebKit/537.36 (KHTML, like Gecko) Chrome/79.0.3945.130 Safari/537.36 Edg/79.0.309.71\"})","location":null,"status":"passed","title":"if userAgent is not InApp Browser By Facebook ({\"browser\":\"edge\",\"device\":\"macbook pro 13\\\"\",\"inAppBrowser\":false,\"os\":\"macos\",\"osVersion\":\"10.15.2\",\"userAgent\":\"Mozilla/5.0 (Macintosh; Intel Mac OS X 10_15_2) AppleWebKit/537.36 (KHTML, like Gecko) Chrome/79.0.3945.130 Safari/537.36 Edg/79.0.309.71\"})"},{"ancestorTitles":["should return false"],"failureMessages":[],"fullName":"should return false if userAgent is not InApp Browser By Facebook ({\"browser\":\"firefox\",\"device\":\"macbook pro 13\\\"\",\"inAppBrowser\":false,\"os\":\"macos\",\"osVersion\":\"10.15\",\"userAgent\":\"Mozilla/5.0 (Macintosh; Intel Mac OS X 10.15; rv:72.0) Gecko/20100101 Firefox/72.0\"})","location":null,"status":"passed","title":"if userAgent is not InApp Browser By Facebook ({\"browser\":\"firefox\",\"device\":\"macbook pro 13\\\"\",\"inAppBrowser\":false,\"os\":\"macos\",\"osVersion\":\"10.15\",\"userAgent\":\"Mozilla/5.0 (Macintosh; Intel Mac OS X 10.15; rv:72.0) Gecko/20100101 Firefox/72.0\"})"},{"ancestorTitles":["should return false"],"failureMessages":[],"fullName":"should return false if userAgent is not InApp Browser By Facebook ({\"browser\":\"safari\",\"device\":\"macbook pro 13\\\"\",\"inAppBrowser\":false,\"os\":\"macos\",\"osVersion\":\"10.15.2\",\"userAgent\":\"Mozilla/5.0 (Macintosh; Intel Mac OS X 10_15_2) AppleWebKit/605.1.15 (KHTML, like Gecko) Version/13.0.4 Safari/605.1.15\"})","location":null,"status":"passed","title":"if userAgent is not InApp Browser By Facebook ({\"browser\":\"safari\",\"device\":\"macbook pro 13\\\"\",\"inAppBrowser\":false,\"os\":\"macos\",\"osVersion\":\"10.15.2\",\"userAgent\":\"Mozilla/5.0 (Macintosh; Intel Mac OS X 10_15_2) AppleWebKit/605.1.15 (KHTML, like Gecko) Version/13.0.4 Safari/605.1.15\"})"},{"ancestorTitles":["should return false"],"failureMessages":[],"fullName":"should return false if userAgent is not InApp Browser By Facebook ({\"browser\":\"firefox\",\"device\":\"ipad pro 2018\",\"inAppBrowser\":false,\"os\":\"ios\",\"osVersion\":\"13.3\",\"userAgent\":\"Mozilla/5.0 (iPad; CPU OS 13_3 like Mac OS X) AppleWebKit/605.1.15 (KHTML, like Gecko) FxiOS/22.0 Mobile/15E148 Safari/605.1.15\"})","location":null,"status":"passed","title":"if userAgent is not InApp Browser By Facebook ({\"browser\":\"firefox\",\"device\":\"ipad pro 2018\",\"inAppBrowser\":false,\"os\":\"ios\",\"osVersion\":\"13.3\",\"userAgent\":\"Mozilla/5.0 (iPad; CPU OS 13_3 like Mac OS X) AppleWebKit/605.1.15 (KHTML, like Gecko) FxiOS/22.0 Mobile/15E148 Safari/605.1.15\"})"},{"ancestorTitles":["should return false"],"failureMessages":[],"fullName":"should return false if userAgent is not InApp Browser By Facebook ({\"browser\":\"chrome\",\"device\":\"ipad pro 2018\",\"inAppBrowser\":false,\"os\":\"ios\",\"osVersion\":\"13.3\",\"userAgent\":\"Mozilla/5.0 (iPad; CPU OS 13_3 like Mac OS X) AppleWebKit/605.1.15 (KHTML, like Gecko) CriOS/79.0.3945.73 Mobile/15E148 Safari/604.1\"})","location":null,"status":"passed","title":"if userAgent is not InApp Browser By Facebook ({\"browser\":\"chrome\",\"device\":\"ipad pro 2018\",\"inAppBrowser\":false,\"os\":\"ios\",\"osVersion\":\"13.3\",\"userAgent\":\"Mozilla/5.0 (iPad; CPU OS 13_3 like Mac OS X) AppleWebKit/605.1.15 (KHTML, like Gecko) CriOS/79.0.3945.73 Mobile/15E148 Safari/604.1\"})"},{"ancestorTitles":["should return false"],"failureMessages":[],"fullName":"should return false if userAgent is not InApp Browser By Facebook ({\"browser\":\"safari\",\"device\":\"ipad pro 2018\",\"inAppBrowser\":false,\"os\":\"ios\",\"osVersion\":\"13.3\",\"userAgent\":\"Mozilla/5.0 (iPad; CPU OS 13_3 like Mac OS X) AppleWebKit/605.1.15 (KHTML, like Gecko) Version/13.0.4 Mobile/15E148 Safari/604.1\"})","location":null,"status":"passed","title":"if userAgent is not InApp Browser By Facebook ({\"browser\":\"safari\",\"device\":\"ipad pro 2018\",\"inAppBrowser\":false,\"os\":\"ios\",\"osVersion\":\"13.3\",\"userAgent\":\"Mozilla/5.0 (iPad; CPU OS 13_3 like Mac OS X) AppleWebKit/605.1.15 (KHTML, like Gecko) Version/13.0.4 Mobile/15E148 Safari/604.1\"})"},{"ancestorTitles":["should return false"],"failureMessages":[],"fullName":"should return false if userAgent is not InApp Browser By Facebook ({\"browser\":\"line\",\"device\":\"ipad pro 2018\",\"inAppBrowser\":true,\"os\":\"ios\",\"osVersion\":\"13.3\",\"userAgent\":\"Mozilla/5.0 (iPad; CPU OS 13_3 like Mac OS X) AppleWebKit/605.1.15 (KHTML, like Gecko) Mobile/15E148 Safari Line/10.0.2\"})","location":null,"status":"passed","title":"if userAgent is not InApp Browser By Facebook ({\"browser\":\"line\",\"device\":\"ipad pro 2018\",\"inAppBrowser\":true,\"os\":\"ios\",\"osVersion\":\"13.3\",\"userAgent\":\"Mozilla/5.0 (iPad; CPU OS 13_3 like Mac OS X) AppleWebKit/605.1.15 (KHTML, like Gecko) Mobile/15E148 Safari Line/10.0.2\"})"},{"ancestorTitles":["should return false"],"failureMessages":[],"fullName":"should return false if userAgent is not InApp Browser By Facebook ({\"browser\":\"edge\",\"device\":\"ipad pro 2018\",\"inAppBrowser\":false,\"os\":\"ios\",\"osVersion\":\"13.3\",\"userAgent\":\"Mozilla/5.0 (iPad; CPU OS 13_3 like Mac OS X) AppleWebKit/605.1.15 (KHTML, like Gecko) Version/13.0 EdgiOS/44.11.15 Mobile/15E148 Safari/605.1.15\"})","location":null,"status":"passed","title":"if userAgent is not InApp Browser By Facebook ({\"browser\":\"edge\",\"device\":\"ipad pro 2018\",\"inAppBrowser\":false,\"os\":\"ios\",\"osVersion\":\"13.3\",\"userAgent\":\"Mozilla/5.0 (iPad; CPU OS 13_3 like Mac OS X) AppleWebKit/605.1.15 (KHTML, like Gecko) Version/13.0 EdgiOS/44.11.15 Mobile/15E148 Safari/605.1.15\"})"},{"ancestorTitles":["should return false"],"failureMessages":[],"fullName":"should return false if userAgent is not InApp Browser By Facebook ({\"browser\":\"firefox\",\"device\":\"pc\",\"inAppBrowser\":false,\"os\":\"windows\",\"osVersion\":\"10.0\",\"userAgent\":\"Mozilla/5.0 (Windows NT 10.0; Win64; x64; rv:72.0) Gecko/20100101 Firefox/72.0\"})","location":null,"status":"passed","title":"if userAgent is not InApp Browser By Facebook ({\"browser\":\"firefox\",\"device\":\"pc\",\"inAppBrowser\":false,\"os\":\"windows\",\"osVersion\":\"10.0\",\"userAgent\":\"Mozilla/5.0 (Windows NT 10.0; Win64; x64; rv:72.0) Gecko/20100101 Firefox/72.0\"})"},{"ancestorTitles":["should return false"],"failureMessages":[],"fullName":"should return false if userAgent is not InApp Browser By Facebook ({\"browser\":\"edge\",\"device\":\"pc\",\"inAppBrowser\":false,\"os\":\"windows\",\"osVersion\":\"10.0\",\"userAgent\":\"Mozilla/5.0 (Windows NT 10.0; Win64; x64) AppleWebKit/537.36 (KHTML, like Gecko) Chrome/80.0.3987.87 Safari/537.36 Edg/80.0.361.48\"})","location":null,"status":"passed","title":"if userAgent is not InApp Browser By Facebook ({\"browser\":\"edge\",\"device\":\"pc\",\"inAppBrowser\":false,\"os\":\"windows\",\"osVersion\":\"10.0\",\"userAgent\":\"Mozilla/5.0 (Windows NT 10.0; Win64; x64) AppleWebKit/537.36 (KHTML, like Gecko) Chrome/80.0.3987.87 Safari/537.36 Edg/80.0.361.48\"})"},{"ancestorTitles":["should return false"],"failureMessages":[],"fullName":"should return false if userAgent is not InApp Browser By Facebook ({\"browser\":\"chrome\",\"device\":\"pc\",\"inAppBrowser\":false,\"os\":\"windows\",\"osVersion\":\"10.0\",\"userAgent\":\"Mozilla/5.0 (Windows NT 10.0; Win64; x64) AppleWebKit/537.36 (KHTML, like Gecko) Chrome/79.0.3945.130 Safari/537.36\"})","location":null,"status":"passed","title":"if userAgent is not InApp Browser By Facebook ({\"browser\":\"chrome\",\"device\":\"pc\",\"inAppBrowser\":false,\"os\":\"windows\",\"osVersion\":\"10.0\",\"userAgent\":\"Mozilla/5.0 (Windows NT 10.0; Win64; x64) AppleWebKit/537.36 (KHTML, like Gecko) Chrome/79.0.3945.130 Safari/537.36\"})"},{"ancestorTitles":["should return false"],"failureMessages":[],"fullName":"should return false if userAgent is not InApp Browser By Facebook ({\"browser\":\"internet explorer 11\",\"device\":\"pc\",\"inAppBrowser\":false,\"os\":\"windows\",\"osVersion\":\"10.0\",\"userAgent\":\"Mozilla/5.0 (Windows NT 10.0; WOW64; Trident/7.0; .NET4.0C; .NET4.0E; .NET CLR 2.0.50727; .NET CLR 3.0.30729; .NET CLR 3.5.30729; rv:11.0) like Gecko\"})","location":null,"status":"passed","title":"if userAgent is not InApp Browser By Facebook ({\"browser\":\"internet explorer 11\",\"device\":\"pc\",\"inAppBrowser\":false,\"os\":\"windows\",\"osVersion\":\"10.0\",\"userAgent\":\"Mozilla/5.0 (Windows NT 10.0; WOW64; Trident/7.0; .NET4.0C; .NET4.0E; .NET CLR 2.0.50727; .NET CLR 3.0.30729; .NET CLR 3.5.30729; rv:11.0) like Gecko\"})"},{"ancestorTitles":["should return false"],"failureMessages":[],"fullName":"should return false if userAgent is not InApp Browser By Facebook ({\"browser\":\"internet explorer 10\",\"device\":\"pc\",\"inAppBrowser\":false,\"os\":\"windows\",\"osVersion\":\"10.0\",\"userAgent\":\"Mozilla/5.0 (compatible; MSIE 10.0; Windows NT 10.0; WOW64; Trident/7.0; .NET4.0C; .NET4.0E; .NET CLR 2.0.50727; .NET CLR 3.0.30729; .NET CLR 3.5.30729)\"})","location":null,"status":"passed","title":"if userAgent is not InApp Browser By Facebook ({\"browser\":\"internet explorer 10\",\"device\":\"pc\",\"inAppBrowser\":false,\"os\":\"windows\",\"osVersion\":\"10.0\",\"userAgent\":\"Mozilla/5.0 (compatible; MSIE 10.0; Windows NT 10.0; WOW64; Trident/7.0; .NET4.0C; .NET4.0E; .NET CLR 2.0.50727; .NET CLR 3.0.30729; .NET CLR 3.5.30729)\"})"},{"ancestorTitles":["should return false"],"failureMessages":[],"fullName":"should return false if userAgent is not InApp Browser By Facebook ({\"browser\":\"internet explorer 9\",\"device\":\"pc\",\"inAppBrowser\":false,\"os\":\"windows\",\"osVersion\":\"10.0\",\"userAgent\":\"Mozilla/5.0 (compatible; MSIE 9.0; Windows NT 10.0; WOW64; Trident/7.0; .NET4.0C; .NET4.0E; .NET CLR 2.0.50727; .NET CLR 3.0.30729; .NET CLR 3.5.30729)\"})","location":null,"status":"passed","title":"if userAgent is not InApp Browser By Facebook ({\"browser\":\"internet explorer 9\",\"device\":\"pc\",\"inAppBrowser\":false,\"os\":\"windows\",\"osVersion\":\"10.0\",\"userAgent\":\"Mozilla/5.0 (compatible; MSIE 9.0; Windows NT 10.0; WOW64; Trident/7.0; .NET4.0C; .NET4.0E; .NET CLR 2.0.50727; .NET CLR 3.0.30729; .NET CLR 3.5.30729)\"})"},{"ancestorTitles":["should return false"],"failureMessages":[],"fullName":"should return false if userAgent is not InApp Browser By Facebook ({\"browser\":\"internet explorer 8\",\"device\":\"pc\",\"inAppBrowser\":false,\"os\":\"windows\",\"osVersion\":\"10.0\",\"userAgent\":\"Mozilla/4.0 (compatible; MSIE 8.0; Windows NT 10.0; WOW64; Trident/7.0; .NET4.0C; .NET4.0E; .NET CLR 2.0.50727; .NET CLR 3.0.30729; .NET CLR 3.5.30729)\"})","location":null,"status":"passed","title":"if userAgent is not InApp Browser By Facebook ({\"browser\":\"internet explorer 8\",\"device\":\"pc\",\"inAppBrowser\":false,\"os\":\"windows\",\"osVersion\":\"10.0\",\"userAgent\":\"Mozilla/4.0 (compatible; MSIE 8.0; Windows NT 10.0; WOW64; Trident/7.0; .NET4.0C; .NET4.0E; .NET CLR 2.0.50727; .NET CLR 3.0.30729; .NET CLR 3.5.30729)\"})"},{"ancestorTitles":["should return false"],"failureMessages":[],"fullName":"should return false if userAgent is not InApp Browser By Facebook ({\"browser\":\"internet explorer 7\",\"device\":\"pc\",\"inAppBrowser\":false,\"os\":\"windows\",\"osVersion\":\"10.0\",\"userAgent\":\"Mozilla/4.0 (compatible; MSIE 7.0; Windows NT 10.0; WOW64; Trident/7.0; .NET4.0C; .NET4.0E; .NET CLR 2.0.50727; .NET CLR 3.0.30729; .NET CLR 3.5.30729)\"})","location":null,"status":"passed","title":"if userAgent is not InApp Browser By Facebook ({\"browser\":\"internet explorer 7\",\"device\":\"pc\",\"inAppBrowser\":false,\"os\":\"windows\",\"osVersion\":\"10.0\",\"userAgent\":\"Mozilla/4.0 (compatible; MSIE 7.0; Windows NT 10.0; WOW64; Trident/7.0; .NET4.0C; .NET4.0E; .NET CLR 2.0.50727; .NET CLR 3.0.30729; .NET CLR 3.5.30729)\"})"},{"ancestorTitles":["should return false"],"failureMessages":[],"fullName":"should return false if userAgent is not InApp Browser By Facebook ({\"browser\":\"safari\",\"device\":\"iphone xr\",\"inAppBrowser\":false,\"os\":\"ios\",\"osVersion\":\"13.3.1\",\"userAgent\":\"Mozilla/5.0 (iPhone; CPU iPhone OS 13_3_1 like Mac OS X) AppleWebKit/605.1.15 (KHTML, like Gecko) Version/13.0.5 Mobile/15E148 Safari/604.1\"})","location":null,"status":"passed","title":"if userAgent is not InApp Browser By Facebook ({\"browser\":\"safari\",\"device\":\"iphone xr\",\"inAppBrowser\":false,\"os\":\"ios\",\"osVersion\":\"13.3.1\",\"userAgent\":\"Mozilla/5.0 (iPhone; CPU iPhone OS 13_3_1 like Mac OS X) AppleWebKit/605.1.15 (KHTML, like Gecko) Version/13.0.5 Mobile/15E148 Safari/604.1\"})"},{"ancestorTitles":["should return false"],"failureMessages":[],"fullName":"should return false if userAgent is not InApp Browser By Facebook ({\"browser\":\"safari\",\"device\":\"iphone 11\",\"inAppBrowser\":false,\"os\":\"ios\",\"osVersion\":\"13.3.1\",\"userAgent\":\"Mozilla/5.0 (iPhone; CPU iPhone OS 13_3_1 like Mac OS X) AppleWebKit/605.1.15 (KHTML, like Gecko) Version/13.0.5 Mobile/15E148 Safari/604.1\"})","location":null,"status":"passed","title":"if userAgent is not InApp Browser By Facebook ({\"browser\":\"safari\",\"device\":\"iphone 11\",\"inAppBrowser\":false,\"os\":\"ios\",\"osVersion\":\"13.3.1\",\"userAgent\":\"Mozilla/5.0 (iPhone; CPU iPhone OS 13_3_1 like Mac OS X) AppleWebKit/605.1.15 (KHTML, like Gecko) Version/13.0.5 Mobile/15E148 Safari/604.1\"})"},{"ancestorTitles":["should return false"],"failureMessages":[],"fullName":"should return false if userAgent is not InApp Browser By Facebook ({\"browser\":\"safari\",\"device\":\"iphone 11 pro max\",\"inAppBrowser\":false,\"os\":\"ios\",\"osVersion\":\"13.3.1\",\"userAgent\":\"Mozilla/5.0 (iPhone; CPU iPhone OS 13_3_1 like Mac OS X) AppleWebKit/605.1.15 (KHTML, like Gecko) Version/13.0.5 Mobile/15E148 Safari/604.1\"})","location":null,"status":"passed","title":"if userAgent is not InApp Browser By Facebook ({\"browser\":\"safari\",\"device\":\"iphone 11 pro max\",\"inAppBrowser\":false,\"os\":\"ios\",\"osVersion\":\"13.3.1\",\"userAgent\":\"Mozilla/5.0 (iPhone; CPU iPhone OS 13_3_1 like Mac OS X) AppleWebKit/605.1.15 (KHTML, like Gecko) Version/13.0.5 Mobile/15E148 Safari/604.1\"})"},{"ancestorTitles":["should return false"],"failureMessages":[],"fullName":"should return false if userAgent is not InApp Browser By Facebook ({\"browser\":\"safari\",\"device\":\"iphone 11 pro\",\"inAppBrowser\":false,\"os\":\"ios\",\"osVersion\":\"13.3.1\",\"userAgent\":\"Mozilla/5.0 (iPhone; CPU iPhone OS 13_3_1 like Mac OS X) AppleWebKit/605.1.15 (KHTML, like Gecko) Version/13.0.5 Mobile/15E148 Safari/604.1\"})","location":null,"status":"passed","title":"if userAgent is not InApp Browser By Facebook ({\"browser\":\"safari\",\"device\":\"iphone 11 pro\",\"inAppBrowser\":false,\"os\":\"ios\",\"osVersion\":\"13.3.1\",\"userAgent\":\"Mozilla/5.0 (iPhone; CPU iPhone OS 13_3_1 like Mac OS X) AppleWebKit/605.1.15 (KHTML, like Gecko) Version/13.0.5 Mobile/15E148 Safari/604.1\"})"},{"ancestorTitles":["should return false"],"failureMessages":[],"fullName":"should return false if userAgent is not InApp Browser By Facebook ({\"browser\":\"safari\",\"device\":\"ipad mini\",\"inAppBrowser\":false,\"os\":\"ios\",\"osVersion\":\"13.3.1\",\"userAgent\":\"Mozilla/5.0 (iPad; CPU OS 13_3_1 like Mac OS X) AppleWebKit/605.1.15 (KHTML, like Gecko) Version/13.0.5 Mobile/15E148 Safari/604.1\"})","location":null,"status":"passed","title":"if userAgent is not InApp Browser By Facebook ({\"browser\":\"safari\",\"device\":\"ipad mini\",\"inAppBrowser\":false,\"os\":\"ios\",\"osVersion\":\"13.3.1\",\"userAgent\":\"Mozilla/5.0 (iPad; CPU OS 13_3_1 like Mac OS X) AppleWebKit/605.1.15 (KHTML, like Gecko) Version/13.0.5 Mobile/15E148 Safari/604.1\"})"},{"ancestorTitles":["should return false"],"failureMessages":[],"fullName":"should return false if userAgent is not InApp Browser By Facebook ({\"browser\":\"safari\",\"device\":\"macbook pro 16\",\"inAppBrowser\":false,\"os\":\"macos\",\"osVersion\":\"10.15.3\",\"userAgent\":\"Mozilla/5.0 (Macintosh; Intel Mac OS X 10_15_3) AppleWebKit/605.1.15 (KHTML, like Gecko) Version/13.0.5 Safari/605.1.15\"})","location":null,"status":"passed","title":"if userAgent is not InApp Browser By Facebook ({\"browser\":\"safari\",\"device\":\"macbook pro 16\",\"inAppBrowser\":false,\"os\":\"macos\",\"osVersion\":\"10.15.3\",\"userAgent\":\"Mozilla/5.0 (Macintosh; Intel Mac OS X 10_15_3) AppleWebKit/605.1.15 (KHTML, like Gecko) Version/13.0.5 Safari/605.1.15\"})"},{"ancestorTitles":["should return false"],"failureMessages":[],"fullName":"should return false if userAgent is not InApp Browser By Facebook ({\"browser\":\"chrome\",\"device\":\"oppo reno \",\"inAppBrowser\":false,\"os\":\"android\",\"osVersion\":\"9\",\"userAgent\":\"Mozilla/5.0 (Linux; Android 9; CPH1919) AppleWebKit/537.36 (KHTML, like Gecko) Chrome/79.0.3945.116 Mobile Safari/537.36\"})","location":null,"status":"passed","title":"if userAgent is not InApp Browser By Facebook ({\"browser\":\"chrome\",\"device\":\"oppo reno \",\"inAppBrowser\":false,\"os\":\"android\",\"osVersion\":\"9\",\"userAgent\":\"Mozilla/5.0 (Linux; Android 9; CPH1919) AppleWebKit/537.36 (KHTML, like Gecko) Chrome/79.0.3945.116 Mobile Safari/537.36\"})"},{"ancestorTitles":["should return false"],"failureMessages":[],"fullName":"should return false if userAgent is not InApp Browser By Facebook ({\"browser\":\"chrome\",\"device\":\"oppo reno z\",\"inAppBrowser\":false,\"os\":\"android\",\"osVersion\":\"9\",\"userAgent\":\"Mozilla/5.0 (Linux; Android 9; CPH1979) AppleWebKit/537.36 (KHTML, like Gecko) Chrome/79.0.3945.136 Mobile Safari/537.36\"})","location":null,"status":"passed","title":"if userAgent is not InApp Browser By Facebook ({\"browser\":\"chrome\",\"device\":\"oppo reno z\",\"inAppBrowser\":false,\"os\":\"android\",\"osVersion\":\"9\",\"userAgent\":\"Mozilla/5.0 (Linux; Android 9; CPH1979) AppleWebKit/537.36 (KHTML, like Gecko) Chrome/79.0.3945.136 Mobile Safari/537.36\"})"},{"ancestorTitles":["should return false"],"failureMessages":[],"fullName":"should return false if userAgent is not InApp Browser By Facebook ({\"browser\":\"chrome\",\"device\":\"oppo econ q1\",\"inAppBrowser\":false,\"os\":\"android\",\"osVersion\":\"9\",\"userAgent\":\"Mozilla/5.0 (Linux; Android 9; CPH1951) AppleWebKit/537.36 (KHTML, like Gecko) Chrome/79.0.3945.93 Mobile Safari/537.36\"})","location":null,"status":"passed","title":"if userAgent is not InApp Browser By Facebook ({\"browser\":\"chrome\",\"device\":\"oppo econ q1\",\"inAppBrowser\":false,\"os\":\"android\",\"osVersion\":\"9\",\"userAgent\":\"Mozilla/5.0 (Linux; Android 9; CPH1951) AppleWebKit/537.36 (KHTML, like Gecko) Chrome/79.0.3945.93 Mobile Safari/537.36\"})"},{"ancestorTitles":["should return false"],"failureMessages":[],"fullName":"should return false if userAgent is not InApp Browser By Facebook ({\"browser\":\"samsung\",\"device\":\"samsung note10+\",\"inAppBrowser\":false,\"os\":\"android\",\"osVersion\":\"9\",\"userAgent\":\"Mozilla/5.0 (Linux; Android 9; SAMSUNG SM-N9750) AppleWebKit/537.36 (KHTML, like Gecko) SamsungBrowser/10.2 Chrome/71.0.3578.99 Mobile Safari/537.36\"})","location":null,"status":"passed","title":"if userAgent is not InApp Browser By Facebook ({\"browser\":\"samsung\",\"device\":\"samsung note10+\",\"inAppBrowser\":false,\"os\":\"android\",\"osVersion\":\"9\",\"userAgent\":\"Mozilla/5.0 (Linux; Android 9; SAMSUNG SM-N9750) AppleWebKit/537.36 (KHTML, like Gecko) SamsungBrowser/10.2 Chrome/71.0.3578.99 Mobile Safari/537.36\"})"},{"ancestorTitles":["should return false"],"failureMessages":[],"fullName":"should return false if userAgent is not InApp Browser By Facebook ({\"browser\":\"chrome\",\"device\":\"samsung note10+\",\"inAppBrowser\":false,\"os\":\"android\",\"osVersion\":\"9\",\"userAgent\":\"Mozilla/5.0 (Linux; Android 9; SM-N9750) AppleWebKit/537.36 (KHTML, like Gecko) Chrome/80.0.3987.119 Mobile Safari/537.36\"})","location":null,"status":"passed","title":"if userAgent is not InApp Browser By Facebook ({\"browser\":\"chrome\",\"device\":\"samsung note10+\",\"inAppBrowser\":false,\"os\":\"android\",\"osVersion\":\"9\",\"userAgent\":\"Mozilla/5.0 (Linux; Android 9; SM-N9750) AppleWebKit/537.36 (KHTML, like Gecko) Chrome/80.0.3987.119 Mobile Safari/537.36\"})"},{"ancestorTitles":["should return false"],"failureMessages":[],"fullName":"should return false if userAgent is not InApp Browser By Facebook ({\"browser\":\"samsung\",\"device\":\"samsung s10+\",\"inAppBrowser\":false,\"os\":\"android\",\"osVersion\":\"9\",\"userAgent\":\"Mozilla/5.0 (Linux; Android 9; SAMSUNG SM-G975F) AppleWebKit/537.36 (KHTML, like Gecko) SamsungBrowser/10.1 Chrome/71.0.3578.99 Mobile Safari/537.36\"})","location":null,"status":"passed","title":"if userAgent is not InApp Browser By Facebook ({\"browser\":\"samsung\",\"device\":\"samsung s10+\",\"inAppBrowser\":false,\"os\":\"android\",\"osVersion\":\"9\",\"userAgent\":\"Mozilla/5.0 (Linux; Android 9; SAMSUNG SM-G975F) AppleWebKit/537.36 (KHTML, like Gecko) SamsungBrowser/10.1 Chrome/71.0.3578.99 Mobile Safari/537.36\"})"},{"ancestorTitles":["should return false"],"failureMessages":[],"fullName":"should return false if userAgent is not InApp Browser By Facebook ({\"browser\":\"chrome\",\"device\":\"samsung s10+\",\"inAppBrowser\":false,\"os\":\"android\",\"osVersion\":\"9\",\"userAgent\":\"Mozilla/5.0 (Linux; Android 9; SM-G975F) AppleWebKit/537.36 (KHTML, like Gecko) Chrome/79.0.3945.136 Mobile Safari/537.36\"})","location":null,"status":"passed","title":"if userAgent is not InApp Browser By Facebook ({\"browser\":\"chrome\",\"device\":\"samsung s10+\",\"inAppBrowser\":false,\"os\":\"android\",\"osVersion\":\"9\",\"userAgent\":\"Mozilla/5.0 (Linux; Android 9; SM-G975F) AppleWebKit/537.36 (KHTML, like Gecko) Chrome/79.0.3945.136 Mobile Safari/537.36\"})"},{"ancestorTitles":["should return false"],"failureMessages":[],"fullName":"should return false if userAgent is not InApp Browser By Facebook ({\"browser\":\"chrome\",\"device\":\"s10\",\"inAppBrowser\":false,\"os\":\"android\",\"osVersion\":\"10\",\"userAgent\":\"Mozilla/5.0 (Linux; Android 10; SM-G973F) AppleWebKit/537.36 (KHTML, like Gecko) Chrome/80.0.3987.117 Mobile Safari/537.36\"})","location":null,"status":"passed","title":"if userAgent is not InApp Browser By Facebook ({\"browser\":\"chrome\",\"device\":\"s10\",\"inAppBrowser\":false,\"os\":\"android\",\"osVersion\":\"10\",\"userAgent\":\"Mozilla/5.0 (Linux; Android 10; SM-G973F) AppleWebKit/537.36 (KHTML, like Gecko) Chrome/80.0.3987.117 Mobile Safari/537.36\"})"},{"ancestorTitles":["should return false"],"failureMessages":[],"fullName":"should return false if userAgent is not InApp Browser By Facebook ({\"browser\":\"chrome\",\"device\":\"htc u12+\",\"inAppBrowser\":false,\"os\":\"android\",\"osVersion\":\"9\",\"userAgent\":\"Mozilla/5.0 (Linux; Android 9; HTC 2Q55100) AppleWebKit/537.36 (KHTML, like Gecko) Chrome/80.0.3987.117 Mobile Safari/537.36\"})","location":null,"status":"passed","title":"if userAgent is not InApp Browser By Facebook ({\"browser\":\"chrome\",\"device\":\"htc u12+\",\"inAppBrowser\":false,\"os\":\"android\",\"osVersion\":\"9\",\"userAgent\":\"Mozilla/5.0 (Linux; Android 9; HTC 2Q55100) AppleWebKit/537.36 (KHTML, like Gecko) Chrome/80.0.3987.117 Mobile Safari/537.36\"})"},{"ancestorTitles":["should return false"],"failureMessages":[],"fullName":"should return false if userAgent is not InApp Browser By Facebook ({\"browser\":\"chrome\",\"device\":\"mi 9t\",\"inAppBrowser\":false,\"os\":\"android\",\"osVersion\":\"10\",\"userAgent\":\"Mozilla/5.0 (Linux; Android 10; Mi 9T) AppleWebKit/537.36 (KHTML, like Gecko) Chrome/78.0.3904.96 Mobile Safari/537.36\"})","location":null,"status":"passed","title":"if userAgent is not InApp Browser By Facebook ({\"browser\":\"chrome\",\"device\":\"mi 9t\",\"inAppBrowser\":false,\"os\":\"android\",\"osVersion\":\"10\",\"userAgent\":\"Mozilla/5.0 (Linux; Android 10; Mi 9T) AppleWebKit/537.36 (KHTML, like Gecko) Chrome/78.0.3904.96 Mobile Safari/537.36\"})"},{"ancestorTitles":["should return false"],"failureMessages":[],"fullName":"should return false if userAgent is not InApp Browser By Facebook ({\"browser\":\"chrome\",\"device\":\"microsoft surface studio 2\",\"inAppBrowser\":false,\"os\":\"windows\",\"osVersion\":\"10.0\",\"userAgent\":\"Mozilla/5.0 (Windows NT 10.0; Win64; x64) AppleWebKit/537.36 (KHTML, like Gecko) Chrome/80.0.3987.122 Safari/537.36\"})","location":null,"status":"passed","title":"if userAgent is not InApp Browser By Facebook ({\"browser\":\"chrome\",\"device\":\"microsoft surface studio 2\",\"inAppBrowser\":false,\"os\":\"windows\",\"osVersion\":\"10.0\",\"userAgent\":\"Mozilla/5.0 (Windows NT 10.0; Win64; x64) AppleWebKit/537.36 (KHTML, like Gecko) Chrome/80.0.3987.122 Safari/537.36\"})"},{"ancestorTitles":["should return false"],"failureMessages":[],"fullName":"should return false if userAgent is not InApp Browser By Facebook ({\"browser\":\"chrome\",\"device\":\"mi a3\",\"inAppBrowser\":false,\"os\":\"android\",\"osVersion\":\"9\",\"userAgent\":\"Mozilla/5.0 (Linux; Android 9; Mi A3) AppleWebKit/537.36 (KHTML, like Gecko) Chrome/80.0.3987.119 Mobile Safari/537.36\"})","location":null,"status":"passed","title":"if userAgent is not InApp Browser By Facebook ({\"browser\":\"chrome\",\"device\":\"mi a3\",\"inAppBrowser\":false,\"os\":\"android\",\"osVersion\":\"9\",\"userAgent\":\"Mozilla/5.0 (Linux; Android 9; Mi A3) AppleWebKit/537.36 (KHTML, like Gecko) Chrome/80.0.3987.119 Mobile Safari/537.36\"})"},{"ancestorTitles":["should return false"],"failureMessages":[],"fullName":"should return false if userAgent is not InApp Browser By Facebook ({\"browser\":\"chrome\",\"device\":\"zenphone 6\",\"inAppBrowser\":false,\"os\":\"android\",\"osVersion\":\"10\",\"userAgent\":\"Mozilla/5.0 (Linux; Android 10; ASUS_I01WD) AppleWebKit/537.36 (KHTML, like Gecko) Chrome/74.0.3729.186 Mobile Safari/537.36\"})","location":null,"status":"passed","title":"if userAgent is not InApp Browser By Facebook ({\"browser\":\"chrome\",\"device\":\"zenphone 6\",\"inAppBrowser\":false,\"os\":\"android\",\"osVersion\":\"10\",\"userAgent\":\"Mozilla/5.0 (Linux; Android 10; ASUS_I01WD) AppleWebKit/537.36 (KHTML, like Gecko) Chrome/74.0.3729.186 Mobile Safari/537.36\"})"},{"ancestorTitles":["should return false"],"failureMessages":[],"fullName":"should return false if userAgent is not InApp Browser By Facebook ({\"browser\":\"chrome\",\"device\":\"rog phone2\",\"inAppBrowser\":false,\"os\":\"android\",\"osVersion\":\"9\",\"userAgent\":\"Mozilla/5.0 (Linux; Android 9; ASUS_I001DC) AppleWebKit/537.36 (KHTML, like Gecko) Chrome/74.0.3729.136 Mobile Safari/537.36\"})","location":null,"status":"passed","title":"if userAgent is not InApp Browser By Facebook ({\"browser\":\"chrome\",\"device\":\"rog phone2\",\"inAppBrowser\":false,\"os\":\"android\",\"osVersion\":\"9\",\"userAgent\":\"Mozilla/5.0 (Linux; Android 9; ASUS_I001DC) AppleWebKit/537.36 (KHTML, like Gecko) Chrome/74.0.3729.136 Mobile Safari/537.36\"})"},{"ancestorTitles":["should return false"],"failureMessages":[],"fullName":"should return false if userAgent is not InApp Browser By Facebook ({\"browser\":\"chrome\",\"device\":\"xperia 1\",\"inAppBrowser\":false,\"os\":\"android\",\"osVersion\":\"10\",\"userAgent\":\"Mozilla/5.0 (Linux; Android 10; J9110) AppleWebKit/537.36 (KHTML, like Gecko) Chrome/80.0.3987.117 Mobile Safari/537.36\"})","location":null,"status":"passed","title":"if userAgent is not InApp Browser By Facebook ({\"browser\":\"chrome\",\"device\":\"xperia 1\",\"inAppBrowser\":false,\"os\":\"android\",\"osVersion\":\"10\",\"userAgent\":\"Mozilla/5.0 (Linux; Android 10; J9110) AppleWebKit/537.36 (KHTML, like Gecko) Chrome/80.0.3987.117 Mobile Safari/537.36\"})"}],"endTime":1615040391305,"message":"","name":"/mnt/c/Users/letea/Documents/Program/function-library/checkIsInAppBrowserByFacebook/test.js","startTime":1615040386447,"status":"passed","summary":""},{"assertionResults":[{"ancestorTitles":["should return a link"],"failureMessages":[],"fullName":"should return a link equal window.location.href","location":null,"status":"passed","title":"equal window.location.href"},{"ancestorTitles":["should return a link"],"failureMessages":[],"fullName":"should return a link without search","location":null,"status":"passed","title":"without search"},{"ancestorTitles":["should return a link"],"failureMessages":[],"fullName":"should return a link without tracking code","location":null,"status":"passed","title":"without tracking code"}],"endTime":1615040391321,"message":"","name":"/mnt/c/Users/letea/Documents/Program/function-library/getCurrentURL/test.js","startTime":1615040386446,"status":"passed","summary":""},{"assertionResults":[{"ancestorTitles":["should return true"],"failureMessages":[],"fullName":"should return true if the document.fullScreen is true (\"fullScreen\")","location":null,"status":"passed","title":"if the document.fullScreen is true (\"fullScreen\")"},{"ancestorTitles":["should return true"],"failureMessages":[],"fullName":"should return true if the document.mozFullScreen is true (\"mozFullScreen\")","location":null,"status":"passed","title":"if the document.mozFullScreen is true (\"mozFullScreen\")"},{"ancestorTitles":["should return true"],"failureMessages":[],"fullName":"should return true if the document.webkitIsFullScreen is true (\"webkitIsFullScreen\")","location":null,"status":"passed","title":"if the document.webkitIsFullScreen is true (\"webkitIsFullScreen\")"},{"ancestorTitles":["should return false"],"failureMessages":[],"fullName":"should return false if the document.fullScreen is false","location":null,"status":"passed","title":"if the document.fullScreen is false"},{"ancestorTitles":["should return false"],"failureMessages":[],"fullName":"should return false if the document.mozFullScreen is false","location":null,"status":"passed","title":"if the document.mozFullScreen is false"},{"ancestorTitles":["should return false"],"failureMessages":[],"fullName":"should return false if the document.webkitIsFullScreen is false","location":null,"status":"passed","title":"if the document.webkitIsFullScreen is false"}],"endTime":1615040391235,"message":"","name":"/mnt/c/Users/letea/Documents/Program/function-library/checkIsFullscreen/test.js","startTime":1615040386446,"status":"passed","summary":""},{"assertionResults":[{"ancestorTitles":["should return an object with parameters"],"failureMessages":[],"fullName":"should return an object with parameters if the argument is valid. ({\"a\":1})","location":null,"status":"passed","title":"if the argument is valid. ({\"a\":1})"},{"ancestorTitles":["should return an object with parameters"],"failureMessages":[],"fullName":"should return an object with parameters if the argument is valid. ({\"a\":1,\"b\":2,\"c\":3})","location":null,"status":"passed","title":"if the argument is valid. ({\"a\":1,\"b\":2,\"c\":3})"},{"ancestorTitles":["should return an object with parameters"],"failureMessages":[],"fullName":"should return an object with parameters if the argument is valid. ({\"a\":\"值\"})","location":null,"status":"passed","title":"if the argument is valid. ({\"a\":\"值\"})"},{"ancestorTitles":["should return a empty string"],"failureMessages":[],"fullName":"should return a empty string if there is an empty object ({})","location":null,"status":"passed","title":"if there is an empty object ({})"},{"ancestorTitles":["should throw an error"],"failureMessages":[],"fullName":"should throw an error if argument is not an object","location":null,"status":"passed","title":"if argument is not an object"}],"endTime":1615040391274,"message":"","name":"/mnt/c/Users/letea/Documents/Program/function-library/getSearchFromParameters/test.js","startTime":1615040386446,"status":"passed","summary":""},{"assertionResults":[{"ancestorTitles":["should return an index"],"failureMessages":[],"fullName":"should return an index from exampleArray","location":null,"status":"passed","title":"from exampleArray"},{"ancestorTitles":["should return -1"],"failureMessages":[],"fullName":"should return -1 if array is empty","location":null,"status":"passed","title":"if array is empty"},{"ancestorTitles":["should throw an exception"],"failureMessages":[],"fullName":"should throw an exception argument is not an array","location":null,"status":"passed","title":"argument is not an array"}],"endTime":1615040391194,"message":"","name":"/mnt/c/Users/letea/Documents/Program/function-library/getRandomIndexInArray/test.js","startTime":1615040386446,"status":"passed","summary":""},{"assertionResults":[{"ancestorTitles":["should return string"],"failureMessages":[],"fullName":"should return string with length is 3 if there is no argument.","location":null,"status":"passed","title":"with length is 3 if there is no argument."},{"ancestorTitles":["should return string"],"failureMessages":[],"fullName":"should return string if the argument is an integer number greater than 0 (2)","location":null,"status":"passed","title":"if the argument is an integer number greater than 0 (2)"},{"ancestorTitles":["should return string"],"failureMessages":[],"fullName":"should return string if the argument is an integer number greater than 0 (5)","location":null,"status":"passed","title":"if the argument is an integer number greater than 0 (5)"},{"ancestorTitles":["should return string"],"failureMessages":[],"fullName":"should return string if the argument is an integer number greater than 0 (10)","location":null,"status":"passed","title":"if the argument is an integer number greater than 0 (10)"},{"ancestorTitles":["should return string"],"failureMessages":[],"fullName":"should return string if the argument is an integer number greater than 0 (99)","location":null,"status":"passed","title":"if the argument is an integer number greater than 0 (99)"},{"ancestorTitles":["should throw an Error"],"failureMessages":[],"fullName":"should throw an Error if the argument is not a valid number (-1)","location":null,"status":"passed","title":"if the argument is not a valid number (-1)"},{"ancestorTitles":["should throw an Error"],"failureMessages":[],"fullName":"should throw an Error if the argument is not a valid number (0.5)","location":null,"status":"passed","title":"if the argument is not a valid number (0.5)"},{"ancestorTitles":["should throw an Error"],"failureMessages":[],"fullName":"should throw an Error if the argument is not a valid number (10.5)","location":null,"status":"passed","title":"if the argument is not a valid number (10.5)"},{"ancestorTitles":["should throw an Error"],"failureMessages":[],"fullName":"should throw an Error if the argument is not a valid number (null)","location":null,"status":"passed","title":"if the argument is not a valid number (null)"},{"ancestorTitles":["should throw an Error"],"failureMessages":[],"fullName":"should throw an Error if the argument is not a valid number (null)","location":null,"status":"passed","title":"if the argument is not a valid number (null)"},{"ancestorTitles":["should throw an Error"],"failureMessages":[],"fullName":"should throw an Error if the argument is not a valid number ({})","location":null,"status":"passed","title":"if the argument is not a valid number ({})"},{"ancestorTitles":["should throw an Error"],"failureMessages":[],"fullName":"should throw an Error if the argument is not a valid number ([])","location":null,"status":"passed","title":"if the argument is not a valid number ([])"}],"endTime":1615040391282,"message":"","name":"/mnt/c/Users/letea/Documents/Program/function-library/getRandomString/test.js","startTime":1615040386448,"status":"passed","summary":""},{"assertionResults":[{"ancestorTitles":["should return"],"failureMessages":[],"fullName":"should return a number between 5 to 10","location":null,"status":"passed","title":"a number between 5 to 10"},{"ancestorTitles":["should return"],"failureMessages":[],"fullName":"should return a float number","location":null,"status":"passed","title":"a float number"},{"ancestorTitles":["should throw an exception"],"failureMessages":[],"fullName":"should throw an exception if there is no argument","location":null,"status":"passed","title":"if there is no argument"},{"ancestorTitles":["should throw an exception"],"failureMessages":[],"fullName":"should throw an exception if minNumber is greater than maxNumber","location":null,"status":"passed","title":"if minNumber is greater than maxNumber"},{"ancestorTitles":["should throw an exception"],"failureMessages":[],"fullName":"should throw an exception if minNumber or maxNumber is not a number","location":null,"status":"passed","title":"if minNumber or maxNumber is not a number"}],"endTime":1615040391194,"message":"","name":"/mnt/c/Users/letea/Documents/Program/function-library/getRandomNumber/test.js","startTime":1615040386446,"status":"passed","summary":""},{"assertionResults":[{"ancestorTitles":["should return a string"],"failureMessages":[],"fullName":"should return a string if the argument is an undefined (undefined)","location":null,"status":"passed","title":"if the argument is an undefined (undefined)"},{"ancestorTitles":["should return a string"],"failureMessages":[],"fullName":"should return a string if the argument is a number (1.4564)","location":null,"status":"passed","title":"if the argument is a number (1.4564)"},{"ancestorTitles":["should return a string"],"failureMessages":[],"fullName":"should return a string if the argument is an empty string (\"\")","location":null,"status":"passed","title":"if the argument is an empty string (\"\")"},{"ancestorTitles":["should return a string"],"failureMessages":[],"fullName":"should return a string if the argument is a string (\"Hello\")","location":null,"status":"passed","title":"if the argument is a string (\"Hello\")"},{"ancestorTitles":["should return a string"],"failureMessages":[],"fullName":"should return a string if the argument is a function (undefined)","location":null,"status":"passed","title":"if the argument is a function (undefined)"},{"ancestorTitles":["should return a string"],"failureMessages":[],"fullName":"should return a string if the argument is an empty array ([])","location":null,"status":"passed","title":"if the argument is an empty array ([])"},{"ancestorTitles":["should return a string"],"failureMessages":[],"fullName":"should return a string if the argument is an array ([\"\",\"123\",123,null,null,null,null,true,false,{\"a\":123},[1,2,3,null,{\"a\":123}]])","location":null,"status":"passed","title":"if the argument is an array ([\"\",\"123\",123,null,null,null,null,true,false,{\"a\":123},[1,2,3,null,{\"a\":123}]])"},{"ancestorTitles":["should return a string"],"failureMessages":[],"fullName":"should return a string if the argument is an empty object ({})","location":null,"status":"passed","title":"if the argument is an empty object ({})"},{"ancestorTitles":["should return a string"],"failureMessages":[],"fullName":"should return a string if the argument is an object ({\"a\":1,\"c\":null,\"d\":null,\"e\":[1,2,3,null,null,null,{\"a\":123}],\"f\":\"123\",\"g\":\"\"})","location":null,"status":"passed","title":"if the argument is an object ({\"a\":1,\"c\":null,\"d\":null,\"e\":[1,2,3,null,null,null,{\"a\":123}],\"f\":\"123\",\"g\":\"\"})"}],"endTime":1615040391321,"message":"","name":"/mnt/c/Users/letea/Documents/Program/function-library/getStringify/test.js","startTime":1615040386446,"status":"passed","summary":""},{"assertionResults":[{"ancestorTitles":["should return an URL without parameters"],"failureMessages":[],"fullName":"should return an URL without parameters if the argument is valid (\"http://google.com/?utm_source=value&utm_medium=value&utm_campaign=value&utm_term=value&utm_content=value\")","location":null,"status":"passed","title":"if the argument is valid (\"http://google.com/?utm_source=value&utm_medium=value&utm_campaign=value&utm_term=value&utm_content=value\")"},{"ancestorTitles":["should return an URL without parameters"],"failureMessages":[],"fullName":"should return an URL without parameters if the argument is valid (\"http://facebook.com/?ad_id=value&adset_id=value&campaign_id=value&ad_name=value&adset_name=value&campaign_name=value&placement=value&site_source_name=value&fbclid=value\")","location":null,"status":"passed","title":"if the argument is valid (\"http://facebook.com/?ad_id=value&adset_id=value&campaign_id=value&ad_name=value&adset_name=value&campaign_name=value&placement=value&site_source_name=value&fbclid=value\")"},{"ancestorTitles":["should return an URL without parameters"],"failureMessages":[],"fullName":"should return an URL without parameters if the argument is valid (\"http://google.com/?a=123&utm_source=value&utm_medium=value&utm_campaign=value&utm_term=value&utm_content=value\")","location":null,"status":"passed","title":"if the argument is valid (\"http://google.com/?a=123&utm_source=value&utm_medium=value&utm_campaign=value&utm_term=value&utm_content=value\")"}],"endTime":1615040391321,"message":"","name":"/mnt/c/Users/letea/Documents/Program/function-library/getURLWithoutTrackingParameters/test.js","startTime":1615040386446,"status":"passed","summary":""},{"assertionResults":[{"ancestorTitles":["should return an object with parameters"],"failureMessages":[],"fullName":"should return an object with parameters if the argument is valid.","location":null,"status":"passed","title":"if the argument is valid."},{"ancestorTitles":["should return a empty object"],"failureMessages":[],"fullName":"should return a empty object if there is no search","location":null,"status":"passed","title":"if there is no search"}],"endTime":1615040391218,"message":"","name":"/mnt/c/Users/letea/Documents/Program/function-library/getParametersFromURL/test.js","startTime":1615040386446,"status":"passed","summary":""},{"assertionResults":[{"ancestorTitles":["should return true"],"failureMessages":[],"fullName":"should return true if userAgent is Internet Explorer browser ({\"browser\":\"internet explorer 11\",\"device\":\"pc\",\"inAppBrowser\":false,\"os\":\"windows\",\"osVersion\":\"10.0\",\"userAgent\":\"Mozilla/5.0 (Windows NT 10.0; WOW64; Trident/7.0; .NET4.0C; .NET4.0E; .NET CLR 2.0.50727; .NET CLR 3.0.30729; .NET CLR 3.5.30729; rv:11.0) like Gecko\"})","location":null,"status":"passed","title":"if userAgent is Internet Explorer browser ({\"browser\":\"internet explorer 11\",\"device\":\"pc\",\"inAppBrowser\":false,\"os\":\"windows\",\"osVersion\":\"10.0\",\"userAgent\":\"Mozilla/5.0 (Windows NT 10.0; WOW64; Trident/7.0; .NET4.0C; .NET4.0E; .NET CLR 2.0.50727; .NET CLR 3.0.30729; .NET CLR 3.5.30729; rv:11.0) like Gecko\"})"},{"ancestorTitles":["should return true"],"failureMessages":[],"fullName":"should return true if userAgent is Internet Explorer browser ({\"browser\":\"internet explorer 10\",\"device\":\"pc\",\"inAppBrowser\":false,\"os\":\"windows\",\"osVersion\":\"10.0\",\"userAgent\":\"Mozilla/5.0 (compatible; MSIE 10.0; Windows NT 10.0; WOW64; Trident/7.0; .NET4.0C; .NET4.0E; .NET CLR 2.0.50727; .NET CLR 3.0.30729; .NET CLR 3.5.30729)\"})","location":null,"status":"passed","title":"if userAgent is Internet Explorer browser ({\"browser\":\"internet explorer 10\",\"device\":\"pc\",\"inAppBrowser\":false,\"os\":\"windows\",\"osVersion\":\"10.0\",\"userAgent\":\"Mozilla/5.0 (compatible; MSIE 10.0; Windows NT 10.0; WOW64; Trident/7.0; .NET4.0C; .NET4.0E; .NET CLR 2.0.50727; .NET CLR 3.0.30729; .NET CLR 3.5.30729)\"})"},{"ancestorTitles":["should return true"],"failureMessages":[],"fullName":"should return true if userAgent is Internet Explorer browser ({\"browser\":\"internet explorer 9\",\"device\":\"pc\",\"inAppBrowser\":false,\"os\":\"windows\",\"osVersion\":\"10.0\",\"userAgent\":\"Mozilla/5.0 (compatible; MSIE 9.0; Windows NT 10.0; WOW64; Trident/7.0; .NET4.0C; .NET4.0E; .NET CLR 2.0.50727; .NET CLR 3.0.30729; .NET CLR 3.5.30729)\"})","location":null,"status":"passed","title":"if userAgent is Internet Explorer browser ({\"browser\":\"internet explorer 9\",\"device\":\"pc\",\"inAppBrowser\":false,\"os\":\"windows\",\"osVersion\":\"10.0\",\"userAgent\":\"Mozilla/5.0 (compatible; MSIE 9.0; Windows NT 10.0; WOW64; Trident/7.0; .NET4.0C; .NET4.0E; .NET CLR 2.0.50727; .NET CLR 3.0.30729; .NET CLR 3.5.30729)\"})"},{"ancestorTitles":["should return true"],"failureMessages":[],"fullName":"should return true if userAgent is Internet Explorer browser ({\"browser\":\"internet explorer 8\",\"device\":\"pc\",\"inAppBrowser\":false,\"os\":\"windows\",\"osVersion\":\"10.0\",\"userAgent\":\"Mozilla/4.0 (compatible; MSIE 8.0; Windows NT 10.0; WOW64; Trident/7.0; .NET4.0C; .NET4.0E; .NET CLR 2.0.50727; .NET CLR 3.0.30729; .NET CLR 3.5.30729)\"})","location":null,"status":"passed","title":"if userAgent is Internet Explorer browser ({\"browser\":\"internet explorer 8\",\"device\":\"pc\",\"inAppBrowser\":false,\"os\":\"windows\",\"osVersion\":\"10.0\",\"userAgent\":\"Mozilla/4.0 (compatible; MSIE 8.0; Windows NT 10.0; WOW64; Trident/7.0; .NET4.0C; .NET4.0E; .NET CLR 2.0.50727; .NET CLR 3.0.30729; .NET CLR 3.5.30729)\"})"},{"ancestorTitles":["should return true"],"failureMessages":[],"fullName":"should return true if userAgent is Internet Explorer browser ({\"browser\":\"internet explorer 7\",\"device\":\"pc\",\"inAppBrowser\":false,\"os\":\"windows\",\"osVersion\":\"10.0\",\"userAgent\":\"Mozilla/4.0 (compatible; MSIE 7.0; Windows NT 10.0; WOW64; Trident/7.0; .NET4.0C; .NET4.0E; .NET CLR 2.0.50727; .NET CLR 3.0.30729; .NET CLR 3.5.30729)\"})","location":null,"status":"passed","title":"if userAgent is Internet Explorer browser ({\"browser\":\"internet explorer 7\",\"device\":\"pc\",\"inAppBrowser\":false,\"os\":\"windows\",\"osVersion\":\"10.0\",\"userAgent\":\"Mozilla/4.0 (compatible; MSIE 7.0; Windows NT 10.0; WOW64; Trident/7.0; .NET4.0C; .NET4.0E; .NET CLR 2.0.50727; .NET CLR 3.0.30729; .NET CLR 3.5.30729)\"})"},{"ancestorTitles":["should return false"],"failureMessages":[],"fullName":"should return false if userAgent is not Internet Explorer browser ({\"browser\":\"chrome\",\"device\":\"iphone\",\"inAppBrowser\":false,\"os\":\"ios\",\"osVersion\":\"13.3\",\"userAgent\":\"Mozilla/5.0 (iPhone; CPU iPhone OS 13_3 like Mac OS X) AppleWebKit/605.1.15 (KHTML, like Gecko) CriOS/79.0.3945.73 Mobile/15E148 Safari/604.1\"})","location":null,"status":"passed","title":"if userAgent is not Internet Explorer browser ({\"browser\":\"chrome\",\"device\":\"iphone\",\"inAppBrowser\":false,\"os\":\"ios\",\"osVersion\":\"13.3\",\"userAgent\":\"Mozilla/5.0 (iPhone; CPU iPhone OS 13_3 like Mac OS X) AppleWebKit/605.1.15 (KHTML, like Gecko) CriOS/79.0.3945.73 Mobile/15E148 Safari/604.1\"})"},{"ancestorTitles":["should return false"],"failureMessages":[],"fullName":"should return false if userAgent is not Internet Explorer browser ({\"browser\":\"facebook\",\"device\":\"iphone\",\"inAppBrowser\":true,\"os\":\"ios\",\"osVersion\":\"13.3\",\"userAgent\":\"Mozilla/5.0 (iPhone; CPU iPhone OS 13_3 like Mac OS X) AppleWebKit/605.1.15 (KHTML, like Gecko) Mobile/15E148 [FBAN/FBIOS;FBDV/iPhone9,3;FBMD/iPhone;FBSN/iOS;FBSV/13.3;FBSS/2;FBID/phone;FBLC/zh_TW;FBOP/5;FBCR/&#20013-&#33775-&#38651-&#20449-]\"})","location":null,"status":"passed","title":"if userAgent is not Internet Explorer browser ({\"browser\":\"facebook\",\"device\":\"iphone\",\"inAppBrowser\":true,\"os\":\"ios\",\"osVersion\":\"13.3\",\"userAgent\":\"Mozilla/5.0 (iPhone; CPU iPhone OS 13_3 like Mac OS X) AppleWebKit/605.1.15 (KHTML, like Gecko) Mobile/15E148 [FBAN/FBIOS;FBDV/iPhone9,3;FBMD/iPhone;FBSN/iOS;FBSV/13.3;FBSS/2;FBID/phone;FBLC/zh_TW;FBOP/5;FBCR/&#20013-&#33775-&#38651-&#20449-]\"})"},{"ancestorTitles":["should return false"],"failureMessages":[],"fullName":"should return false if userAgent is not Internet Explorer browser ({\"browser\":\"line\",\"device\":\"iphone\",\"inAppBrowser\":true,\"os\":\"ios\",\"osVersion\":\"13.3\",\"userAgent\":\"Mozilla/5.0 (iPhone; CPU iPhone OS 13_3 like Mac OS X) AppleWebKit/605.1.15 (KHTML, like Gecko) Mobile/15E148 Safari Line/10.0.2\"})","location":null,"status":"passed","title":"if userAgent is not Internet Explorer browser ({\"browser\":\"line\",\"device\":\"iphone\",\"inAppBrowser\":true,\"os\":\"ios\",\"osVersion\":\"13.3\",\"userAgent\":\"Mozilla/5.0 (iPhone; CPU iPhone OS 13_3 like Mac OS X) AppleWebKit/605.1.15 (KHTML, like Gecko) Mobile/15E148 Safari Line/10.0.2\"})"},{"ancestorTitles":["should return false"],"failureMessages":[],"fullName":"should return false if userAgent is not Internet Explorer browser ({\"browser\":\"safari\",\"device\":\"iphone\",\"inAppBrowser\":false,\"os\":\"ios\",\"osVersion\":\"13.3\",\"userAgent\":\"Mozilla/5.0 (iPhone; CPU iPhone OS 13_3 like Mac OS X) AppleWebKit/605.1.15 (KHTML, like Gecko) Version/13.0.4 Mobile/15E148 Safari/604.1\"})","location":null,"status":"passed","title":"if userAgent is not Internet Explorer browser ({\"browser\":\"safari\",\"device\":\"iphone\",\"inAppBrowser\":false,\"os\":\"ios\",\"osVersion\":\"13.3\",\"userAgent\":\"Mozilla/5.0 (iPhone; CPU iPhone OS 13_3 like Mac OS X) AppleWebKit/605.1.15 (KHTML, like Gecko) Version/13.0.4 Mobile/15E148 Safari/604.1\"})"},{"ancestorTitles":["should return false"],"failureMessages":[],"fullName":"should return false if userAgent is not Internet Explorer browser ({\"browser\":\"firefox\",\"device\":\"iphone\",\"inAppBrowser\":false,\"os\":\"ios\",\"osVersion\":\"13.3\",\"userAgent\":\"Mozilla/5.0 (iPhone; CPU OS 13_3 like Mac OS X) AppleWebKit/605.1.15 (KHTML, like Gecko) FxiOS/22.0 Mobile/15E148 Safari/605.1.15\"})","location":null,"status":"passed","title":"if userAgent is not Internet Explorer browser ({\"browser\":\"firefox\",\"device\":\"iphone\",\"inAppBrowser\":false,\"os\":\"ios\",\"osVersion\":\"13.3\",\"userAgent\":\"Mozilla/5.0 (iPhone; CPU OS 13_3 like Mac OS X) AppleWebKit/605.1.15 (KHTML, like Gecko) FxiOS/22.0 Mobile/15E148 Safari/605.1.15\"})"},{"ancestorTitles":["should return false"],"failureMessages":[],"fullName":"should return false if userAgent is not Internet Explorer browser ({\"browser\":\"edge\",\"device\":\"iphone\",\"inAppBrowser\":false,\"os\":\"ios\",\"osVersion\":\"13.3\",\"userAgent\":\"Mozilla/5.0 (iPhone; CPU iPhone OS 13_3 like Mac OS X) AppleWebKit/605.1.15 (KHTML, like Gecko) Version/13.0 EdgiOS/44.11.15 Mobile/15E148 Safari/605.1.15\"})","location":null,"status":"passed","title":"if userAgent is not Internet Explorer browser ({\"browser\":\"edge\",\"device\":\"iphone\",\"inAppBrowser\":false,\"os\":\"ios\",\"osVersion\":\"13.3\",\"userAgent\":\"Mozilla/5.0 (iPhone; CPU iPhone OS 13_3 like Mac OS X) AppleWebKit/605.1.15 (KHTML, like Gecko) Version/13.0 EdgiOS/44.11.15 Mobile/15E148 Safari/605.1.15\"})"},{"ancestorTitles":["should return false"],"failureMessages":[],"fullName":"should return false if userAgent is not Internet Explorer browser ({\"browser\":\"chrome\",\"device\":\"htc 10\",\"inAppBrowser\":false,\"os\":\"android\",\"osVersion\":\"8.0.0\",\"userAgent\":\"Mozilla/5.0 (Linux; Android 8.0.0; HTC_M10h) AppleWebKit/537.36 (KHTML, like Gecko) Chrome/79.0.3945.136 Mobile Safari/537.36\"})","location":null,"status":"passed","title":"if userAgent is not Internet Explorer browser ({\"browser\":\"chrome\",\"device\":\"htc 10\",\"inAppBrowser\":false,\"os\":\"android\",\"osVersion\":\"8.0.0\",\"userAgent\":\"Mozilla/5.0 (Linux; Android 8.0.0; HTC_M10h) AppleWebKit/537.36 (KHTML, like Gecko) Chrome/79.0.3945.136 Mobile Safari/537.36\"})"},{"ancestorTitles":["should return false"],"failureMessages":[],"fullName":"should return false if userAgent is not Internet Explorer browser ({\"browser\":\"facebook\",\"device\":\"htc 10\",\"inAppBrowser\":true,\"os\":\"android\",\"osVersion\":\"8.0.0\",\"userAgent\":\"Mozilla/5.0 (Linux; Android 8.0.0; HTC_M10h Build/OPR1.170623.027; wv) AppleWebKit/537.36 (KHTML, like Gecko) Version/4.0 Chrome/79.0.3945.136 Mobile Safari/537.36 [FB_IAB/FB4A;FBAV/255.0.0.33.121;]\"})","location":null,"status":"passed","title":"if userAgent is not Internet Explorer browser ({\"browser\":\"facebook\",\"device\":\"htc 10\",\"inAppBrowser\":true,\"os\":\"android\",\"osVersion\":\"8.0.0\",\"userAgent\":\"Mozilla/5.0 (Linux; Android 8.0.0; HTC_M10h Build/OPR1.170623.027; wv) AppleWebKit/537.36 (KHTML, like Gecko) Version/4.0 Chrome/79.0.3945.136 Mobile Safari/537.36 [FB_IAB/FB4A;FBAV/255.0.0.33.121;]\"})"},{"ancestorTitles":["should return false"],"failureMessages":[],"fullName":"should return false if userAgent is not Internet Explorer browser ({\"browser\":\"line\",\"device\":\"htc 10\",\"inAppBrowser\":true,\"os\":\"android\",\"osVersion\":\"8.0.0\",\"userAgent\":\"Mozilla/5.0 (Linux; Android 8.0.0; HTC_M10h Build/OPR1.170623.027; wv) AppleWebKit/537.36 (KHTML, like Gecko) Version/4.0 Chrome/79.0.3945.136 Mobile Safari/537.36 Line/10.1.1/IAB\"})","location":null,"status":"passed","title":"if userAgent is not Internet Explorer browser ({\"browser\":\"line\",\"device\":\"htc 10\",\"inAppBrowser\":true,\"os\":\"android\",\"osVersion\":\"8.0.0\",\"userAgent\":\"Mozilla/5.0 (Linux; Android 8.0.0; HTC_M10h Build/OPR1.170623.027; wv) AppleWebKit/537.36 (KHTML, like Gecko) Version/4.0 Chrome/79.0.3945.136 Mobile Safari/537.36 Line/10.1.1/IAB\"})"},{"ancestorTitles":["should return false"],"failureMessages":[],"fullName":"should return false if userAgent is not Internet Explorer browser ({\"browser\":\"chrome\",\"device\":\"macbook pro 13\\\"\",\"inAppBrowser\":false,\"os\":\"macos\",\"osVersion\":\"10.15.2\",\"userAgent\":\"Mozilla/5.0 (Macintosh; Intel Mac OS X 10_15_2) AppleWebKit/537.36 (KHTML, like Gecko) Chrome/79.0.3945.130 Safari/537.36\"})","location":null,"status":"passed","title":"if userAgent is not Internet Explorer browser ({\"browser\":\"chrome\",\"device\":\"macbook pro 13\\\"\",\"inAppBrowser\":false,\"os\":\"macos\",\"osVersion\":\"10.15.2\",\"userAgent\":\"Mozilla/5.0 (Macintosh; Intel Mac OS X 10_15_2) AppleWebKit/537.36 (KHTML, like Gecko) Chrome/79.0.3945.130 Safari/537.36\"})"},{"ancestorTitles":["should return false"],"failureMessages":[],"fullName":"should return false if userAgent is not Internet Explorer browser ({\"browser\":\"edge\",\"device\":\"macbook pro 13\\\"\",\"inAppBrowser\":false,\"os\":\"macos\",\"osVersion\":\"10.15.2\",\"userAgent\":\"Mozilla/5.0 (Macintosh; Intel Mac OS X 10_15_2) AppleWebKit/537.36 (KHTML, like Gecko) Chrome/79.0.3945.130 Safari/537.36 Edg/79.0.309.71\"})","location":null,"status":"passed","title":"if userAgent is not Internet Explorer browser ({\"browser\":\"edge\",\"device\":\"macbook pro 13\\\"\",\"inAppBrowser\":false,\"os\":\"macos\",\"osVersion\":\"10.15.2\",\"userAgent\":\"Mozilla/5.0 (Macintosh; Intel Mac OS X 10_15_2) AppleWebKit/537.36 (KHTML, like Gecko) Chrome/79.0.3945.130 Safari/537.36 Edg/79.0.309.71\"})"},{"ancestorTitles":["should return false"],"failureMessages":[],"fullName":"should return false if userAgent is not Internet Explorer browser ({\"browser\":\"firefox\",\"device\":\"macbook pro 13\\\"\",\"inAppBrowser\":false,\"os\":\"macos\",\"osVersion\":\"10.15\",\"userAgent\":\"Mozilla/5.0 (Macintosh; Intel Mac OS X 10.15; rv:72.0) Gecko/20100101 Firefox/72.0\"})","location":null,"status":"passed","title":"if userAgent is not Internet Explorer browser ({\"browser\":\"firefox\",\"device\":\"macbook pro 13\\\"\",\"inAppBrowser\":false,\"os\":\"macos\",\"osVersion\":\"10.15\",\"userAgent\":\"Mozilla/5.0 (Macintosh; Intel Mac OS X 10.15; rv:72.0) Gecko/20100101 Firefox/72.0\"})"},{"ancestorTitles":["should return false"],"failureMessages":[],"fullName":"should return false if userAgent is not Internet Explorer browser ({\"browser\":\"safari\",\"device\":\"macbook pro 13\\\"\",\"inAppBrowser\":false,\"os\":\"macos\",\"osVersion\":\"10.15.2\",\"userAgent\":\"Mozilla/5.0 (Macintosh; Intel Mac OS X 10_15_2) AppleWebKit/605.1.15 (KHTML, like Gecko) Version/13.0.4 Safari/605.1.15\"})","location":null,"status":"passed","title":"if userAgent is not Internet Explorer browser ({\"browser\":\"safari\",\"device\":\"macbook pro 13\\\"\",\"inAppBrowser\":false,\"os\":\"macos\",\"osVersion\":\"10.15.2\",\"userAgent\":\"Mozilla/5.0 (Macintosh; Intel Mac OS X 10_15_2) AppleWebKit/605.1.15 (KHTML, like Gecko) Version/13.0.4 Safari/605.1.15\"})"},{"ancestorTitles":["should return false"],"failureMessages":[],"fullName":"should return false if userAgent is not Internet Explorer browser ({\"browser\":\"facebook\",\"device\":\"ipad pro 2018\",\"inAppBrowser\":true,\"os\":\"ios\",\"osVersion\":\"13.3\",\"userAgent\":\"Mozilla/5.0 (iPad; CPU OS 13_3 like Mac OS X) AppleWebKit/605.1.15 (KHTML, like Gecko) Mobile/15E148 [FBAN/FBIOS;FBDV/iPad8,1;FBMD/iPad;FBSN/iOS;FBSV/13.3;FBSS/2;FBID/tablet;FBLC/zh_TW;FBOP/5;FBCR/]\"})","location":null,"status":"passed","title":"if userAgent is not Internet Explorer browser ({\"browser\":\"facebook\",\"device\":\"ipad pro 2018\",\"inAppBrowser\":true,\"os\":\"ios\",\"osVersion\":\"13.3\",\"userAgent\":\"Mozilla/5.0 (iPad; CPU OS 13_3 like Mac OS X) AppleWebKit/605.1.15 (KHTML, like Gecko) Mobile/15E148 [FBAN/FBIOS;FBDV/iPad8,1;FBMD/iPad;FBSN/iOS;FBSV/13.3;FBSS/2;FBID/tablet;FBLC/zh_TW;FBOP/5;FBCR/]\"})"},{"ancestorTitles":["should return false"],"failureMessages":[],"fullName":"should return false if userAgent is not Internet Explorer browser ({\"browser\":\"firefox\",\"device\":\"ipad pro 2018\",\"inAppBrowser\":false,\"os\":\"ios\",\"osVersion\":\"13.3\",\"userAgent\":\"Mozilla/5.0 (iPad; CPU OS 13_3 like Mac OS X) AppleWebKit/605.1.15 (KHTML, like Gecko) FxiOS/22.0 Mobile/15E148 Safari/605.1.15\"})","location":null,"status":"passed","title":"if userAgent is not Internet Explorer browser ({\"browser\":\"firefox\",\"device\":\"ipad pro 2018\",\"inAppBrowser\":false,\"os\":\"ios\",\"osVersion\":\"13.3\",\"userAgent\":\"Mozilla/5.0 (iPad; CPU OS 13_3 like Mac OS X) AppleWebKit/605.1.15 (KHTML, like Gecko) FxiOS/22.0 Mobile/15E148 Safari/605.1.15\"})"},{"ancestorTitles":["should return false"],"failureMessages":[],"fullName":"should return false if userAgent is not Internet Explorer browser ({\"browser\":\"chrome\",\"device\":\"ipad pro 2018\",\"inAppBrowser\":false,\"os\":\"ios\",\"osVersion\":\"13.3\",\"userAgent\":\"Mozilla/5.0 (iPad; CPU OS 13_3 like Mac OS X) AppleWebKit/605.1.15 (KHTML, like Gecko) CriOS/79.0.3945.73 Mobile/15E148 Safari/604.1\"})","location":null,"status":"passed","title":"if userAgent is not Internet Explorer browser ({\"browser\":\"chrome\",\"device\":\"ipad pro 2018\",\"inAppBrowser\":false,\"os\":\"ios\",\"osVersion\":\"13.3\",\"userAgent\":\"Mozilla/5.0 (iPad; CPU OS 13_3 like Mac OS X) AppleWebKit/605.1.15 (KHTML, like Gecko) CriOS/79.0.3945.73 Mobile/15E148 Safari/604.1\"})"},{"ancestorTitles":["should return false"],"failureMessages":[],"fullName":"should return false if userAgent is not Internet Explorer browser ({\"browser\":\"safari\",\"device\":\"ipad pro 2018\",\"inAppBrowser\":false,\"os\":\"ios\",\"osVersion\":\"13.3\",\"userAgent\":\"Mozilla/5.0 (iPad; CPU OS 13_3 like Mac OS X) AppleWebKit/605.1.15 (KHTML, like Gecko) Version/13.0.4 Mobile/15E148 Safari/604.1\"})","location":null,"status":"passed","title":"if userAgent is not Internet Explorer browser ({\"browser\":\"safari\",\"device\":\"ipad pro 2018\",\"inAppBrowser\":false,\"os\":\"ios\",\"osVersion\":\"13.3\",\"userAgent\":\"Mozilla/5.0 (iPad; CPU OS 13_3 like Mac OS X) AppleWebKit/605.1.15 (KHTML, like Gecko) Version/13.0.4 Mobile/15E148 Safari/604.1\"})"},{"ancestorTitles":["should return false"],"failureMessages":[],"fullName":"should return false if userAgent is not Internet Explorer browser ({\"browser\":\"line\",\"device\":\"ipad pro 2018\",\"inAppBrowser\":true,\"os\":\"ios\",\"osVersion\":\"13.3\",\"userAgent\":\"Mozilla/5.0 (iPad; CPU OS 13_3 like Mac OS X) AppleWebKit/605.1.15 (KHTML, like Gecko) Mobile/15E148 Safari Line/10.0.2\"})","location":null,"status":"passed","title":"if userAgent is not Internet Explorer browser ({\"browser\":\"line\",\"device\":\"ipad pro 2018\",\"inAppBrowser\":true,\"os\":\"ios\",\"osVersion\":\"13.3\",\"userAgent\":\"Mozilla/5.0 (iPad; CPU OS 13_3 like Mac OS X) AppleWebKit/605.1.15 (KHTML, like Gecko) Mobile/15E148 Safari Line/10.0.2\"})"},{"ancestorTitles":["should return false"],"failureMessages":[],"fullName":"should return false if userAgent is not Internet Explorer browser ({\"browser\":\"edge\",\"device\":\"ipad pro 2018\",\"inAppBrowser\":false,\"os\":\"ios\",\"osVersion\":\"13.3\",\"userAgent\":\"Mozilla/5.0 (iPad; CPU OS 13_3 like Mac OS X) AppleWebKit/605.1.15 (KHTML, like Gecko) Version/13.0 EdgiOS/44.11.15 Mobile/15E148 Safari/605.1.15\"})","location":null,"status":"passed","title":"if userAgent is not Internet Explorer browser ({\"browser\":\"edge\",\"device\":\"ipad pro 2018\",\"inAppBrowser\":false,\"os\":\"ios\",\"osVersion\":\"13.3\",\"userAgent\":\"Mozilla/5.0 (iPad; CPU OS 13_3 like Mac OS X) AppleWebKit/605.1.15 (KHTML, like Gecko) Version/13.0 EdgiOS/44.11.15 Mobile/15E148 Safari/605.1.15\"})"},{"ancestorTitles":["should return false"],"failureMessages":[],"fullName":"should return false if userAgent is not Internet Explorer browser ({\"browser\":\"firefox\",\"device\":\"pc\",\"inAppBrowser\":false,\"os\":\"windows\",\"osVersion\":\"10.0\",\"userAgent\":\"Mozilla/5.0 (Windows NT 10.0; Win64; x64; rv:72.0) Gecko/20100101 Firefox/72.0\"})","location":null,"status":"passed","title":"if userAgent is not Internet Explorer browser ({\"browser\":\"firefox\",\"device\":\"pc\",\"inAppBrowser\":false,\"os\":\"windows\",\"osVersion\":\"10.0\",\"userAgent\":\"Mozilla/5.0 (Windows NT 10.0; Win64; x64; rv:72.0) Gecko/20100101 Firefox/72.0\"})"},{"ancestorTitles":["should return false"],"failureMessages":[],"fullName":"should return false if userAgent is not Internet Explorer browser ({\"browser\":\"edge\",\"device\":\"pc\",\"inAppBrowser\":false,\"os\":\"windows\",\"osVersion\":\"10.0\",\"userAgent\":\"Mozilla/5.0 (Windows NT 10.0; Win64; x64) AppleWebKit/537.36 (KHTML, like Gecko) Chrome/80.0.3987.87 Safari/537.36 Edg/80.0.361.48\"})","location":null,"status":"passed","title":"if userAgent is not Internet Explorer browser ({\"browser\":\"edge\",\"device\":\"pc\",\"inAppBrowser\":false,\"os\":\"windows\",\"osVersion\":\"10.0\",\"userAgent\":\"Mozilla/5.0 (Windows NT 10.0; Win64; x64) AppleWebKit/537.36 (KHTML, like Gecko) Chrome/80.0.3987.87 Safari/537.36 Edg/80.0.361.48\"})"},{"ancestorTitles":["should return false"],"failureMessages":[],"fullName":"should return false if userAgent is not Internet Explorer browser ({\"browser\":\"chrome\",\"device\":\"pc\",\"inAppBrowser\":false,\"os\":\"windows\",\"osVersion\":\"10.0\",\"userAgent\":\"Mozilla/5.0 (Windows NT 10.0; Win64; x64) AppleWebKit/537.36 (KHTML, like Gecko) Chrome/79.0.3945.130 Safari/537.36\"})","location":null,"status":"passed","title":"if userAgent is not Internet Explorer browser ({\"browser\":\"chrome\",\"device\":\"pc\",\"inAppBrowser\":false,\"os\":\"windows\",\"osVersion\":\"10.0\",\"userAgent\":\"Mozilla/5.0 (Windows NT 10.0; Win64; x64) AppleWebKit/537.36 (KHTML, like Gecko) Chrome/79.0.3945.130 Safari/537.36\"})"},{"ancestorTitles":["should return false"],"failureMessages":[],"fullName":"should return false if userAgent is not Internet Explorer browser ({\"browser\":\"safari\",\"device\":\"iphone xr\",\"inAppBrowser\":false,\"os\":\"ios\",\"osVersion\":\"13.3.1\",\"userAgent\":\"Mozilla/5.0 (iPhone; CPU iPhone OS 13_3_1 like Mac OS X) AppleWebKit/605.1.15 (KHTML, like Gecko) Version/13.0.5 Mobile/15E148 Safari/604.1\"})","location":null,"status":"passed","title":"if userAgent is not Internet Explorer browser ({\"browser\":\"safari\",\"device\":\"iphone xr\",\"inAppBrowser\":false,\"os\":\"ios\",\"osVersion\":\"13.3.1\",\"userAgent\":\"Mozilla/5.0 (iPhone; CPU iPhone OS 13_3_1 like Mac OS X) AppleWebKit/605.1.15 (KHTML, like Gecko) Version/13.0.5 Mobile/15E148 Safari/604.1\"})"},{"ancestorTitles":["should return false"],"failureMessages":[],"fullName":"should return false if userAgent is not Internet Explorer browser ({\"browser\":\"safari\",\"device\":\"iphone 11\",\"inAppBrowser\":false,\"os\":\"ios\",\"osVersion\":\"13.3.1\",\"userAgent\":\"Mozilla/5.0 (iPhone; CPU iPhone OS 13_3_1 like Mac OS X) AppleWebKit/605.1.15 (KHTML, like Gecko) Version/13.0.5 Mobile/15E148 Safari/604.1\"})","location":null,"status":"passed","title":"if userAgent is not Internet Explorer browser ({\"browser\":\"safari\",\"device\":\"iphone 11\",\"inAppBrowser\":false,\"os\":\"ios\",\"osVersion\":\"13.3.1\",\"userAgent\":\"Mozilla/5.0 (iPhone; CPU iPhone OS 13_3_1 like Mac OS X) AppleWebKit/605.1.15 (KHTML, like Gecko) Version/13.0.5 Mobile/15E148 Safari/604.1\"})"},{"ancestorTitles":["should return false"],"failureMessages":[],"fullName":"should return false if userAgent is not Internet Explorer browser ({\"browser\":\"safari\",\"device\":\"iphone 11 pro max\",\"inAppBrowser\":false,\"os\":\"ios\",\"osVersion\":\"13.3.1\",\"userAgent\":\"Mozilla/5.0 (iPhone; CPU iPhone OS 13_3_1 like Mac OS X) AppleWebKit/605.1.15 (KHTML, like Gecko) Version/13.0.5 Mobile/15E148 Safari/604.1\"})","location":null,"status":"passed","title":"if userAgent is not Internet Explorer browser ({\"browser\":\"safari\",\"device\":\"iphone 11 pro max\",\"inAppBrowser\":false,\"os\":\"ios\",\"osVersion\":\"13.3.1\",\"userAgent\":\"Mozilla/5.0 (iPhone; CPU iPhone OS 13_3_1 like Mac OS X) AppleWebKit/605.1.15 (KHTML, like Gecko) Version/13.0.5 Mobile/15E148 Safari/604.1\"})"},{"ancestorTitles":["should return false"],"failureMessages":[],"fullName":"should return false if userAgent is not Internet Explorer browser ({\"browser\":\"safari\",\"device\":\"iphone 11 pro\",\"inAppBrowser\":false,\"os\":\"ios\",\"osVersion\":\"13.3.1\",\"userAgent\":\"Mozilla/5.0 (iPhone; CPU iPhone OS 13_3_1 like Mac OS X) AppleWebKit/605.1.15 (KHTML, like Gecko) Version/13.0.5 Mobile/15E148 Safari/604.1\"})","location":null,"status":"passed","title":"if userAgent is not Internet Explorer browser ({\"browser\":\"safari\",\"device\":\"iphone 11 pro\",\"inAppBrowser\":false,\"os\":\"ios\",\"osVersion\":\"13.3.1\",\"userAgent\":\"Mozilla/5.0 (iPhone; CPU iPhone OS 13_3_1 like Mac OS X) AppleWebKit/605.1.15 (KHTML, like Gecko) Version/13.0.5 Mobile/15E148 Safari/604.1\"})"},{"ancestorTitles":["should return false"],"failureMessages":[],"fullName":"should return false if userAgent is not Internet Explorer browser ({\"browser\":\"safari\",\"device\":\"ipad mini\",\"inAppBrowser\":false,\"os\":\"ios\",\"osVersion\":\"13.3.1\",\"userAgent\":\"Mozilla/5.0 (iPad; CPU OS 13_3_1 like Mac OS X) AppleWebKit/605.1.15 (KHTML, like Gecko) Version/13.0.5 Mobile/15E148 Safari/604.1\"})","location":null,"status":"passed","title":"if userAgent is not Internet Explorer browser ({\"browser\":\"safari\",\"device\":\"ipad mini\",\"inAppBrowser\":false,\"os\":\"ios\",\"osVersion\":\"13.3.1\",\"userAgent\":\"Mozilla/5.0 (iPad; CPU OS 13_3_1 like Mac OS X) AppleWebKit/605.1.15 (KHTML, like Gecko) Version/13.0.5 Mobile/15E148 Safari/604.1\"})"},{"ancestorTitles":["should return false"],"failureMessages":[],"fullName":"should return false if userAgent is not Internet Explorer browser ({\"browser\":\"safari\",\"device\":\"macbook pro 16\",\"inAppBrowser\":false,\"os\":\"macos\",\"osVersion\":\"10.15.3\",\"userAgent\":\"Mozilla/5.0 (Macintosh; Intel Mac OS X 10_15_3) AppleWebKit/605.1.15 (KHTML, like Gecko) Version/13.0.5 Safari/605.1.15\"})","location":null,"status":"passed","title":"if userAgent is not Internet Explorer browser ({\"browser\":\"safari\",\"device\":\"macbook pro 16\",\"inAppBrowser\":false,\"os\":\"macos\",\"osVersion\":\"10.15.3\",\"userAgent\":\"Mozilla/5.0 (Macintosh; Intel Mac OS X 10_15_3) AppleWebKit/605.1.15 (KHTML, like Gecko) Version/13.0.5 Safari/605.1.15\"})"},{"ancestorTitles":["should return false"],"failureMessages":[],"fullName":"should return false if userAgent is not Internet Explorer browser ({\"browser\":\"chrome\",\"device\":\"oppo reno \",\"inAppBrowser\":false,\"os\":\"android\",\"osVersion\":\"9\",\"userAgent\":\"Mozilla/5.0 (Linux; Android 9; CPH1919) AppleWebKit/537.36 (KHTML, like Gecko) Chrome/79.0.3945.116 Mobile Safari/537.36\"})","location":null,"status":"passed","title":"if userAgent is not Internet Explorer browser ({\"browser\":\"chrome\",\"device\":\"oppo reno \",\"inAppBrowser\":false,\"os\":\"android\",\"osVersion\":\"9\",\"userAgent\":\"Mozilla/5.0 (Linux; Android 9; CPH1919) AppleWebKit/537.36 (KHTML, like Gecko) Chrome/79.0.3945.116 Mobile Safari/537.36\"})"},{"ancestorTitles":["should return false"],"failureMessages":[],"fullName":"should return false if userAgent is not 
[...]
dex is less than 0 (\"d\")","location":null,"status":"passed","title":"if index is less than 0 (\"d\")"},{"ancestorTitles":["should return 0"],"failureMessages":[],"fullName":"should return 0 if index is less than 0 (\"e\")","location":null,"status":"passed","title":"if index is less than 0 (\"e\")"},{"ancestorTitles":["should return -1"],"failureMessages":[],"fullName":"should return -1 if argument is last index (\"a\")","location":null,"status":"passed","title":"if argument is last index (\"a\")"},{"ancestorTitles":["should return -1"],"failureMessages":[],"fullName":"should return -1 if argument is last index (\"b\")","location":null,"status":"passed","title":"if argument is last index (\"b\")"},{"ancestorTitles":["should return -1"],"failureMessages":[],"fullName":"should return -1 if argument is last index (\"c\")","location":null,"status":"passed","title":"if argument is last index (\"c\")"},{"ancestorTitles":["should return -1"],"failureMessages":[],"fullName":"should return -1 if argument is last index (\"d\")","location":null,"status":"passed","title":"if argument is last index (\"d\")"},{"ancestorTitles":["should return -1"],"failureMessages":[],"fullName":"should return -1 if argument is last index (\"e\")","location":null,"status":"passed","title":"if argument is last index (\"e\")"},{"ancestorTitles":["should throw an exception"],"failureMessages":[],"fullName":"should throw an exception if there is an array has no item","location":null,"status":"passed","title":"if there is an array has no item"}],"endTime":1615040393141,"message":"","name":"/mnt/c/Users/letea/Documents/Program/function-library/getNextIndexInArray/test.js","startTime":1615040392750,"status":"passed","summary":""},{"assertionResults":[{"ancestorTitles":[],"failureMessages":[],"fullName":"Add setUserAgent test case.","location":null,"status":"todo","title":"Add setUserAgent test case."}],"endTime":1615040393241,"message":"","name":"/mnt/c/Users/letea/Documents/Program/function-library/setUserAgent/test.js","startTime":1615040392893,"status":"passed","summary":""},{"assertionResults":[{"ancestorTitles":["should return true"],"failureMessages":[],"fullName":"should return true if the parameter is absolute URL. (\"https://google.com\")","location":null,"status":"passed","title":"if the parameter is absolute URL. (\"https://google.com\")"},{"ancestorTitles":["should return true"],"failureMessages":[],"fullName":"should return true if the parameter is absolute URL. (\"ftp://www.myserver.net\")","location":null,"status":"passed","title":"if the parameter is absolute URL. (\"ftp://www.myserver.net\")"},{"ancestorTitles":["should return false"],"failureMessages":[],"fullName":"should return false if the parameter is relative URL (\"/foo\")","location":null,"status":"passed","title":"if the parameter is relative URL (\"/foo\")"},{"ancestorTitles":["should return false"],"failureMessages":[],"fullName":"should return false if the parameter is relative URL (\"/foo/bar\")","location":null,"status":"passed","title":"if the parameter is relative URL (\"/foo/bar\")"}],"endTime":1615040393258,"message":"","name":"/mnt/c/Users/letea/Documents/Program/function-library/checkIsAbsoluteURL/test.js","startTime":1615040392864,"status":"passed","summary":""},{"assertionResults":[{"ancestorTitles":[],"failureMessages":[],"fullName":"Add setDocumentAttritube test case.","location":null,"status":"todo","title":"Add setDocumentAttritube test case."}],"endTime":1615040393269,"message":"","name":"/mnt/c/Users/letea/Documents/Program/function-library/setDocumentAttribute/test.js","startTime":1615040392921,"status":"passed","summary":""},{"assertionResults":[{"ancestorTitles":["should return 60 seconds"],"failureMessages":[],"fullName":"should return 60 seconds if is 1 minute (1)","location":null,"status":"passed","title":"if is 1 minute (1)"},{"ancestorTitles":["should throw an exception"],"failureMessages":[],"fullName":"should throw an exception if there is invalid argument ([])","location":null,"status":"passed","title":"if there is invalid argument ([])"},{"ancestorTitles":["should throw an exception"],"failureMessages":[],"fullName":"should throw an exception if there is invalid argument ({})","location":null,"status":"passed","title":"if there is invalid argument ({})"},{"ancestorTitles":["should throw an exception"],"failureMessages":[],"fullName":"should throw an exception if there is invalid argument (null)","location":null,"status":"passed","title":"if there is invalid argument (null)"},{"ancestorTitles":["should throw an exception"],"failureMessages":[],"fullName":"should throw an exception if there is invalid argument (undefined)","location":null,"status":"passed","title":"if there is invalid argument (undefined)"}],"endTime":1615040393320,"message":"","name":"/mnt/c/Users/letea/Documents/Program/function-library/getSecondsFromMinutes/test.js","startTime":1615040392949,"status":"passed","summary":""},{"assertionResults":[{"ancestorTitles":["should return true"],"failureMessages":[],"fullName":"should return true if the mobile number is valid (\"0912345678\")","location":null,"status":"passed","title":"if the mobile number is valid (\"0912345678\")"},{"ancestorTitles":["should return true"],"failureMessages":[],"fullName":"should return true if the mobile number is valid (\"0912-345-678\")","location":null,"status":"passed","title":"if the mobile number is valid (\"0912-345-678\")"},{"ancestorTitles":["should return true"],"failureMessages":[],"fullName":"should return true if the mobile number is valid (\"+8860912345678\")","location":null,"status":"passed","title":"if the mobile number is valid (\"+8860912345678\")"},{"ancestorTitles":["should return true"],"failureMessages":[],"fullName":"should return true if the mobile number is valid (\"+886912345678\")","location":null,"status":"passed","title":"if the mobile number is valid (\"+886912345678\")"},{"ancestorTitles":["should return true"],"failureMessages":[],"fullName":"should return true if the mobile number is valid (\"+886912-345-678\")","location":null,"status":"passed","title":"if the mobile number is valid (\"+886912-345-678\")"},{"ancestorTitles":["should return false"],"failureMessages":[],"fullName":"should return false if the mobile number isn't valid (undefined)","location":null,"status":"passed","title":"if the mobile number isn't valid (undefined)"},{"ancestorTitles":["should return false"],"failureMessages":[],"fullName":"should return false if the mobile number isn't valid (\"09\")","location":null,"status":"passed","title":"if the mobile number isn't valid (\"09\")"},{"ancestorTitles":["should return false"],"failureMessages":[],"fullName":"should return false if the mobile number isn't valid (\"091234567\")","location":null,"status":"passed","title":"if the mobile number isn't valid (\"091234567\")"},{"ancestorTitles":["should return false"],"failureMessages":[],"fullName":"should return false if the mobile number isn't valid (\"0912-345\")","location":null,"status":"passed","title":"if the mobile number isn't valid (\"0912-345\")"},{"ancestorTitles":["should return false"],"failureMessages":[],"fullName":"should return false if the mobile number isn't valid (\"09123-45-678\")","location":null,"status":"passed","title":"if the mobile number isn't valid (\"09123-45-678\")"},{"ancestorTitles":["should return false"],"failureMessages":[],"fullName":"should return false if the mobile number isn't valid (\"0912345-678\")","location":null,"status":"passed","title":"if the mobile number isn't valid (\"0912345-678\")"},{"ancestorTitles":["should return false"],"failureMessages":[],"fullName":"should return false if the mobile number isn't valid (\"0912-345678\")","location":null,"status":"passed","title":"if the mobile number isn't valid (\"0912-345678\")"},{"ancestorTitles":["should return false"],"failureMessages":[],"fullName":"should return false if the mobile number isn't valid (\"+88609\")","location":null,"status":"passed","title":"if the mobile number isn't valid (\"+88609\")"},{"ancestorTitles":["should return false"],"failureMessages":[],"fullName":"should return false if the mobile number isn't valid (\"+886091234567\")","location":null,"status":"passed","title":"if the mobile number isn't valid (\"+886091234567\")"},{"ancestorTitles":["should return false"],"failureMessages":[],"fullName":"should return false if the mobile number isn't valid (\"+8860912-34567\")","location":null,"status":"passed","title":"if the mobile number isn't valid (\"+8860912-34567\")"}],"endTime":1615040393404,"message":"","name":"/mnt/c/Users/letea/Documents/Program/function-library/checkIsMobileNumberValid/test.js","startTime":1615040392992,"status":"passed","summary":""},{"assertionResults":[{"ancestorTitles":["should return true"],"failureMessages":[],"fullName":"should return true if the array is empty ([])","location":null,"status":"passed","title":"if the array is empty ([])"},{"ancestorTitles":["should return false"],"failureMessages":[],"fullName":"should return false if the array is not empty ([1,2,3])","location":null,"status":"passed","title":"if the array is not empty ([1,2,3])"},{"ancestorTitles":["should throw an error"],"failureMessages":[],"fullName":"should throw an error if the argument isn't an array (null)","location":null,"status":"passed","title":"if the argument isn't an array (null)"},{"ancestorTitles":["should throw an error"],"failureMessages":[],"fullName":"should throw an error if the argument isn't an array (undefined)","location":null,"status":"passed","title":"if the argument isn't an array (undefined)"},{"ancestorTitles":["should throw an error"],"failureMessages":[],"fullName":"should throw an error if the argument isn't an array (null)","location":null,"status":"passed","title":"if the argument isn't an array (null)"},{"ancestorTitles":["should throw an error"],"failureMessages":[],"fullName":"should throw an error if the argument isn't an array (null)","location":null,"status":"passed","title":"if the argument isn't an array (null)"},{"ancestorTitles":["should throw an error"],"failureMessages":[],"fullName":"should throw an error if the argument isn't an array (\"123\")","location":null,"status":"passed","title":"if the argument isn't an array (\"123\")"},{"ancestorTitles":["should throw an error"],"failureMessages":[],"fullName":"should throw an error if the argument isn't an array (123)","location":null,"status":"passed","title":"if the argument isn't an array (123)"},{"ancestorTitles":["should throw an error"],"failureMessages":[],"fullName":"should throw an error if the argument isn't an array ({})","location":null,"status":"passed","title":"if the argument isn't an array ({})"}],"endTime":1615040393470,"message":"","name":"/mnt/c/Users/letea/Documents/Program/function-library/checkIsArrayEmpty/test.js","startTime":1615040393013,"status":"passed","summary":""},{"assertionResults":[{"ancestorTitles":["should return an array with unique values in original array"],"failureMessages":[],"fullName":"should return an array with unique values in original array if the argument is valid. ([1,2,3,2,3,5])","location":null,"status":"passed","title":"if the argument is valid. ([1,2,3,2,3,5])"}],"endTime":1615040393473,"message":"","name":"/mnt/c/Users/letea/Documents/Program/function-library/getUniqueValuesFromArray/test.js","startTime":1615040393051,"status":"passed","summary":""},{"assertionResults":[{"ancestorTitles":[],"failureMessages":[],"fullName":"mock window & localstorage","location":null,"status":"todo","title":"mock window & localstorage"}],"endTime":1615040393557,"message":"","name":"/mnt/c/Users/letea/Documents/Program/function-library/checkIsLocalStorageSupported/test.js","startTime":1615040393169,"status":"passed","summary":""},{"assertionResults":[{"ancestorTitles":["should return true"],"failureMessages":[],"fullName":"should return true if the argument is an integer number (2)","location":null,"status":"passed","title":"if the argument is an integer number (2)"},{"ancestorTitles":["should return true"],"failureMessages":[],"fullName":"should return true if the argument is an integer number (5)","location":null,"status":"passed","title":"if the argument is an integer number (5)"},{"ancestorTitles":["should return true"],"failureMessages":[],"fullName":"should return true if the argument is an integer number (10)","location":null,"status":"passed","title":"if the argument is an integer number (10)"},{"ancestorTitles":["should return true"],"failureMessages":[],"fullName":"should return true if the argument is an integer number (99)","location":null,"status":"passed","title":"if the argument is an integer number (99)"},{"ancestorTitles":["should return false"],"failureMessages":[],"fullName":"should return false if the argument is not an integer number (0.5)","location":null,"status":"passed","title":"if the argument is not an integer number (0.5)"},{"ancestorTitles":["should return false"],"failureMessages":[],"fullName":"should return false if the argument is not an integer number (-0.3)","location":null,"status":"passed","title":"if the argument is not an integer number (-0.3)"},{"ancestorTitles":["should return false"],"failureMessages":[],"fullName":"should return false if the argument is not an integer number (\"\")","location":null,"status":"passed","title":"if the argument is not an integer number (\"\")"},{"ancestorTitles":["should return false"],"failureMessages":[],"fullName":"should return false if the argument is not an integer number ({})","location":null,"status":"passed","title":"if the argument is not an integer number ({})"},{"ancestorTitles":["should return false"],"failureMessages":[],"fullName":"should return false if the argument is not an integer number (undefined)","location":null,"status":"passed","title":"if the argument is not an integer number (undefined)"}],"endTime":1615040393560,"message":"","name":"/mnt/c/Users/letea/Documents/Program/function-library/checkIsInteger/test.js","startTime":1615040393203,"status":"passed","summary":""},{"assertionResults":[{"ancestorTitles":[],"failureMessages":[],"fullName":"mock document","location":null,"status":"todo","title":"mock document"}],"endTime":1615040393609,"message":"","name":"/mnt/c/Users/letea/Documents/Program/function-library/checkIsCanvasSupported/test.js","startTime":1615040393271,"status":"passed","summary":""},{"assertionResults":[{"ancestorTitles":["should return 60 minutes"],"failureMessages":[],"fullName":"should return 60 minutes if is 1 hours (1)","location":null,"status":"passed","title":"if is 1 hours (1)"},{"ancestorTitles":["should throw an exception"],"failureMessages":[],"fullName":"should throw an exception if there is invalid argument ([])","location":null,"status":"passed","title":"if there is invalid argument ([])"},{"ancestorTitles":["should throw an exception"],"failureMessages":[],"fullName":"should throw an exception if there is invalid argument ({})","location":null,"status":"passed","title":"if there is invalid argument ({})"},{"ancestorTitles":["should throw an exception"],"failureMessages":[],"fullName":"should throw an exception if there is invalid argument (null)","location":null,"status":"passed","title":"if there is invalid argument (null)"},{"ancestorTitles":["should throw an exception"],"failureMessages":[],"fullName":"should throw an exception if there is invalid argument (undefined)","location":null,"status":"passed","title":"if there is invalid argument (undefined)"}],"endTime":1615040393630,"message":"","name":"/mnt/c/Users/letea/Documents/Program/function-library/getMinutesFromHours/test.js","startTime":1615040393261,"status":"passed","summary":""},{"assertionResults":[{"ancestorTitles":[],"failureMessages":[],"fullName":"mock document, window size and screen size","location":null,"status":"todo","title":"mock document, window size and screen size"}],"endTime":1615040393651,"message":"","name":"/mnt/c/Users/letea/Documents/Program/function-library/checkIsInAppBrowserByFacebookNotLoaded/test.js","startTime":1615040393287,"status":"passed","summary":""},{"assertionResults":[{"ancestorTitles":[],"failureMessages":[],"fullName":"mock window and document","location":null,"status":"todo","title":"mock window and document"}],"endTime":1615040393682,"message":"","name":"/mnt/c/Users/letea/Documents/Program/function-library/checkIsBrowser/test.js","startTime":1615040393345,"status":"passed","summary":""},{"assertionResults":[{"ancestorTitles":["should return 1000 milliseconds"],"failureMessages":[],"fullName":"should return 1000 milliseconds if is 1 second (1)","location":null,"status":"passed","title":"if is 1 second (1)"},{"ancestorTitles":["should throw an exception"],"failureMessages":[],"fullName":"should throw an exception if there is invalid argument ([])","location":null,"status":"passed","title":"if there is invalid argument ([])"},{"ancestorTitles":["should throw an exception"],"failureMessages":[],"fullName":"should throw an exception if there is invalid argument ({})","location":null,"status":"passed","title":"if there is invalid argument ({})"},{"ancestorTitles":["should throw an exception"],"failureMessages":[],"fullName":"should throw an exception if there is invalid argument (null)","location":null,"status":"passed","title":"if there is invalid argument (null)"},{"ancestorTitles":["should throw an exception"],"failureMessages":[],"fullName":"should throw an exception if there is invalid argument (undefined)","location":null,"status":"passed","title":"if there is invalid argument (undefined)"}],"endTime":1615040393691,"message":"","name":"/mnt/c/Users/letea/Documents/Program/function-library/getMillisecondsFromSeconds/test.js","startTime":1615040393278,"status":"passed","summary":""},{"assertionResults":[{"ancestorTitles":["should return an sorted array"],"failureMessages":[],"fullName":"should return an sorted array if the argument is valid. ([1,2,3,2,3,5])","location":null,"status":"passed","title":"if the argument is valid. ([1,2,3,2,3,5])"},{"ancestorTitles":["should return an sorted array"],"failureMessages":[],"fullName":"should return an sorted array if the argument is valid. ([5,1,3,2,3,2])","location":null,"status":"passed","title":"if the argument is valid. ([5,1,3,2,3,2])"}],"endTime":1615040393706,"message":"","name":"/mnt/c/Users/letea/Documents/Program/function-library/getSortedArray/test.js","startTime":1615040393315,"status":"passed","summary":""},{"assertionResults":[{"ancestorTitles":["should return an array with duplicate values in the original array"],"failureMessages":[],"fullName":"should return an array with duplicate values in the original array if the argument is valid. ([1,2,3,2,3,5])","location":null,"status":"passed","title":"if the argument is valid. ([1,2,3,2,3,5])"}],"endTime":1615040393725,"message":"","name":"/mnt/c/Users/letea/Documents/Program/function-library/getDuplicateValuesFromArray/test.js","startTime":1615040393364,"status":"passed","summary":""},{"assertionResults":[{"ancestorTitles":["should return simple chinese"],"failureMessages":[],"fullName":"should return simple chinese if the argument is traditional chinese (\"繁體字、簡體字\")","location":null,"status":"passed","title":"if the argument is traditional chinese (\"繁體字、簡體字\")"}],"endTime":1615040393740,"message":"","name":"/mnt/c/Users/letea/Documents/Program/function-library/getSimpleChinese/test.js","startTime":1615040392979,"status":"passed","summary":""},{"assertionResults":[{"ancestorTitles":["should return traditional chinese"],"failureMessages":[],"fullName":"should return traditional chinese if the argument is simple chinese (\"繁体字、简体字\")","location":null,"status":"passed","title":"if the argument is simple chinese (\"繁体字、简体字\")"}],"endTime":1615040393819,"message":"","name":"/mnt/c/Users/letea/Documents/Program/function-library/getTraditionalChinese/test.js","startTime":1615040393152,"status":"passed","summary":""}],"wasInterrupted":false}